<?xml version="1.0" encoding="utf-8"?>
<coverage line-rate="0.5623" branch-rate="0.6103999999999999" version="1.9" timestamp="1747925417" lines-covered="2237" lines-valid="3978" branches-covered="818" branches-valid="1340">
  <sources>
    <source>/workspace/EquationSolvr/EquationSolver/EquationSolver/</source>
  </sources>
  <packages>
    <package name="EquationSolver" line-rate="0.5623" branch-rate="0.6103999999999999" complexity="1459">
      <classes>
        <class name="EquationSolver.DecimalExpressionSolver" filename="DecimalExpressionSolver.cs" line-rate="0.7836" branch-rate="0.828" complexity="454">
          <methods>
            <method name="get_TokenType" signature="()" line-rate="1" branch-rate="1" complexity="1">
              <lines>
                <line number="25" hits="3945" branch="False" />
              </lines>
            </method>
            <method name="get_PreviousTokenType" signature="()" line-rate="1" branch-rate="1" complexity="1">
              <lines>
                <line number="27" hits="1041" branch="False" />
              </lines>
            </method>
            <method name="get_ExprArray" signature="()" line-rate="1" branch-rate="1" complexity="1">
              <lines>
                <line number="29" hits="12413" branch="False" />
              </lines>
            </method>
            <method name="get_Position" signature="()" line-rate="1" branch-rate="1" complexity="1">
              <lines>
                <line number="30" hits="17063" branch="False" />
              </lines>
            </method>
            <method name="get_TokenArray" signature="()" line-rate="1" branch-rate="1" complexity="1">
              <lines>
                <line number="31" hits="4159" branch="False" />
              </lines>
            </method>
            <method name="get_TypeOfResult" signature="()" line-rate="0" branch-rate="1" complexity="1">
              <lines>
                <line number="59" hits="0" branch="False" />
                <line number="60" hits="0" branch="False" />
                <line number="61" hits="0" branch="False" />
              </lines>
            </method>
            <method name="get_ResultAsDecimal" signature="()" line-rate="0" branch-rate="0" complexity="4">
              <lines>
                <line number="70" hits="0" branch="False" />
                <line number="71" hits="0" branch="True" condition-coverage="0% (0/2)">
                  <conditions>
                    <condition number="12" type="jump" coverage="0%" />
                  </conditions>
                </line>
                <line number="72" hits="0" branch="False" />
                <line number="73" hits="0" branch="True" condition-coverage="0% (0/2)">
                  <conditions>
                    <condition number="23" type="jump" coverage="0%" />
                  </conditions>
                </line>
                <line number="74" hits="0" branch="False" />
                <line number="75" hits="0" branch="False" />
                <line number="78" hits="0" branch="False" />
                <line number="79" hits="0" branch="False" />
                <line number="83" hits="0" branch="False" />
                <line number="84" hits="0" branch="False" />
                <line number="86" hits="0" branch="False" />
              </lines>
            </method>
            <method name="get_ResultAsDouble" signature="()" line-rate="0" branch-rate="0" complexity="4">
              <lines>
                <line number="95" hits="0" branch="False" />
                <line number="96" hits="0" branch="True" condition-coverage="0% (0/2)">
                  <conditions>
                    <condition number="12" type="jump" coverage="0%" />
                  </conditions>
                </line>
                <line number="97" hits="0" branch="False" />
                <line number="98" hits="0" branch="True" condition-coverage="0% (0/2)">
                  <conditions>
                    <condition number="23" type="jump" coverage="0%" />
                  </conditions>
                </line>
                <line number="99" hits="0" branch="False" />
                <line number="100" hits="0" branch="False" />
                <line number="103" hits="0" branch="False" />
                <line number="104" hits="0" branch="False" />
                <line number="108" hits="0" branch="False" />
                <line number="109" hits="0" branch="False" />
                <line number="111" hits="0" branch="False" />
              </lines>
            </method>
            <method name="get_BoolResult" signature="()" line-rate="0.5238" branch-rate="0.5" complexity="12">
              <lines>
                <line number="120" hits="116" branch="False" />
                <line number="121" hits="116" branch="True" condition-coverage="100% (2/2)">
                  <conditions>
                    <condition number="12" type="jump" coverage="100%" />
                  </conditions>
                </line>
                <line number="122" hits="32" branch="False" />
                <line number="123" hits="32" branch="False" />
                <line number="125" hits="84" branch="True" condition-coverage="50% (1/2)">
                  <conditions>
                    <condition number="35" type="jump" coverage="50%" />
                  </conditions>
                </line>
                <line number="126" hits="0" branch="False" />
                <line number="127" hits="0" branch="True" condition-coverage="0% (0/2)">
                  <conditions>
                    <condition number="56" type="jump" coverage="0%" />
                  </conditions>
                </line>
                <line number="128" hits="0" branch="False" />
                <line number="129" hits="0" branch="False" />
                <line number="132" hits="0" branch="False" />
                <line number="133" hits="0" branch="False" />
                <line number="136" hits="84" branch="True" condition-coverage="50% (1/2)">
                  <conditions>
                    <condition number="81" type="jump" coverage="50%" />
                  </conditions>
                </line>
                <line number="137" hits="84" branch="False" />
                <line number="138" hits="84" branch="True" condition-coverage="50% (2/4)">
                  <conditions>
                    <condition number="90" type="jump" coverage="50%" />
                    <condition number="118" type="jump" coverage="50%" />
                  </conditions>
                </line>
                <line number="139" hits="0" branch="False" />
                <line number="140" hits="0" branch="False" />
                <line number="143" hits="84" branch="False" />
                <line number="144" hits="84" branch="False" />
                <line number="148" hits="0" branch="False" />
                <line number="149" hits="0" branch="False" />
                <line number="151" hits="116" branch="False" />
              </lines>
            </method>
            <method name="get_StringResult" signature="()" line-rate="1" branch-rate="0.8" complexity="10">
              <lines>
                <line number="161" hits="218" branch="False" />
                <line number="162" hits="218" branch="True" condition-coverage="100% (2/2)">
                  <conditions>
                    <condition number="12" type="jump" coverage="100%" />
                  </conditions>
                </line>
                <line number="163" hits="23" branch="False" />
                <line number="164" hits="23" branch="True" condition-coverage="50% (1/2)">
                  <conditions>
                    <condition number="27" type="jump" coverage="50%" />
                  </conditions>
                </line>
                <line number="166" hits="195" branch="True" condition-coverage="100% (2/2)">
                  <conditions>
                    <condition number="49" type="jump" coverage="100%" />
                  </conditions>
                </line>
                <line number="167" hits="190" branch="False" />
                <line number="168" hits="190" branch="True" condition-coverage="50% (1/2)">
                  <conditions>
                    <condition number="64" type="jump" coverage="50%" />
                  </conditions>
                </line>
                <line number="170" hits="5" branch="True" condition-coverage="100% (2/2)">
                  <conditions>
                    <condition number="86" type="jump" coverage="100%" />
                  </conditions>
                </line>
                <line number="171" hits="4" branch="False" />
                <line number="172" hits="4" branch="False" />
                <line number="175" hits="1" branch="False" />
                <line number="176" hits="1" branch="False" />
                <line number="178" hits="218" branch="False" />
              </lines>
            </method>
            <method name="get_Functions" signature="()" line-rate="1" branch-rate="1" complexity="2">
              <lines>
                <line number="187" hits="158" branch="False" />
                <line number="188" hits="158" branch="True" condition-coverage="100% (2/2)">
                  <conditions>
                    <condition number="9" type="jump" coverage="100%" />
                  </conditions>
                </line>
                <line number="189" hits="158" branch="False" />
                <line number="190" hits="158" branch="False" />
              </lines>
            </method>
            <method name="set_Functions" signature="(System.Collections.Generic.List`1&lt;EquationSolver.Dto.Function&gt;)" line-rate="0" branch-rate="1" complexity="1">
              <lines>
                <line number="191" hits="0" branch="False" />
              </lines>
            </method>
            <method name="IsWhite" signature="(System.Char)" line-rate="1" branch-rate="1" complexity="4">
              <lines>
                <line number="214" hits="1410" branch="False" />
                <line number="215" hits="1410" branch="True" condition-coverage="100% (4/4)">
                  <conditions>
                    <condition number="4" type="jump" coverage="100%" />
                    <condition number="16" type="jump" coverage="100%" />
                  </conditions>
                </line>
                <line number="216" hits="369" branch="False" />
                <line number="217" hits="369" branch="False" />
                <line number="220" hits="1041" branch="False" />
                <line number="221" hits="1041" branch="False" />
                <line number="223" hits="1410" branch="False" />
              </lines>
            </method>
            <method name="IsNumeric" signature="(System.Char)" line-rate="1" branch-rate="1" complexity="6">
              <lines>
                <line number="226" hits="1186" branch="False" />
                <line number="227" hits="1186" branch="True" condition-coverage="100% (6/6)">
                  <conditions>
                    <condition number="4" type="jump" coverage="100%" />
                    <condition number="9" type="jump" coverage="100%" />
                    <condition number="21" type="jump" coverage="100%" />
                  </conditions>
                </line>
                <line number="228" hits="706" branch="False" />
                <line number="229" hits="706" branch="False" />
                <line number="232" hits="480" branch="False" />
                <line number="233" hits="480" branch="False" />
                <line number="235" hits="1186" branch="False" />
              </lines>
            </method>
            <method name="IsAlpha" signature="(System.Char)" line-rate="1" branch-rate="1" complexity="18">
              <lines>
                <line number="238" hits="1511" branch="False" />
                <line number="239" hits="1511" branch="True" condition-coverage="100% (18/18)">
                  <conditions>
                    <condition number="4" type="jump" coverage="100%" />
                    <condition number="9" type="jump" coverage="100%" />
                    <condition number="14" type="jump" coverage="100%" />
                    <condition number="19" type="jump" coverage="100%" />
                    <condition number="24" type="jump" coverage="100%" />
                    <condition number="29" type="jump" coverage="100%" />
                    <condition number="34" type="jump" coverage="100%" />
                    <condition number="39" type="jump" coverage="100%" />
                    <condition number="51" type="jump" coverage="100%" />
                  </conditions>
                </line>
                <line number="240" hits="1362" branch="False" />
                <line number="241" hits="1362" branch="False" />
                <line number="244" hits="149" branch="False" />
                <line number="245" hits="149" branch="False" />
                <line number="247" hits="1511" branch="False" />
              </lines>
            </method>
            <method name="IsMinus" signature="(System.Char)" line-rate="0" branch-rate="0" complexity="2">
              <lines>
                <line number="250" hits="0" branch="False" />
                <line number="251" hits="0" branch="True" condition-coverage="0% (0/2)">
                  <conditions>
                    <condition number="8" type="jump" coverage="0%" />
                  </conditions>
                </line>
                <line number="252" hits="0" branch="False" />
                <line number="253" hits="0" branch="False" />
                <line number="256" hits="0" branch="False" />
                <line number="257" hits="0" branch="False" />
                <line number="259" hits="0" branch="False" />
              </lines>
            </method>
            <method name="IsDelimiter" signature="(System.Char)" line-rate="1" branch-rate="1" complexity="20">
              <lines>
                <line number="262" hits="2141" branch="False" />
                <line number="263" hits="2141" branch="True" condition-coverage="100% (20/20)">
                  <conditions>
                    <condition number="4" type="jump" coverage="100%" />
                    <condition number="9" type="jump" coverage="100%" />
                    <condition number="14" type="jump" coverage="100%" />
                    <condition number="19" type="jump" coverage="100%" />
                    <condition number="24" type="jump" coverage="100%" />
                    <condition number="29" type="jump" coverage="100%" />
                    <condition number="34" type="jump" coverage="100%" />
                    <condition number="39" type="jump" coverage="100%" />
                    <condition number="44" type="jump" coverage="100%" />
                    <condition number="56" type="jump" coverage="100%" />
                  </conditions>
                </line>
                <line number="264" hits="2141" branch="False" />
                <line number="265" hits="2141" branch="False" />
                <line number="266" hits="518" branch="False" />
                <line number="267" hits="518" branch="False" />
                <line number="270" hits="1623" branch="False" />
                <line number="271" hits="1623" branch="False" />
                <line number="273" hits="2141" branch="False" />
              </lines>
            </method>
            <method name="IsComparator" signature="(System.Char)" line-rate="0" branch-rate="0" complexity="8">
              <lines>
                <line number="276" hits="0" branch="False" />
                <line number="277" hits="0" branch="True" condition-coverage="0% (0/8)">
                  <conditions>
                    <condition number="4" type="jump" coverage="0%" />
                    <condition number="9" type="jump" coverage="0%" />
                    <condition number="14" type="jump" coverage="0%" />
                    <condition number="26" type="jump" coverage="0%" />
                  </conditions>
                </line>
                <line number="278" hits="0" branch="False" />
                <line number="279" hits="0" branch="False" />
                <line number="282" hits="0" branch="False" />
                <line number="283" hits="0" branch="False" />
                <line number="285" hits="0" branch="False" />
              </lines>
            </method>
            <method name="ToDegrees" signature="(System.Double)" line-rate="1" branch-rate="1" complexity="1">
              <lines>
                <line number="290" hits="1" branch="False" />
                <line number="291" hits="1" branch="False" />
                <line number="292" hits="1" branch="False" />
              </lines>
            </method>
            <method name="ToRadians" signature="(System.Double)" line-rate="1" branch-rate="1" complexity="1">
              <lines>
                <line number="294" hits="1" branch="False" />
                <line number="295" hits="1" branch="False" />
                <line number="296" hits="1" branch="False" />
              </lines>
            </method>
            <method name="SolveForX" signature="(System.String,EquationSolver.VariableProvider,System.String)" line-rate="0.7142000000000001" branch-rate="0.5" complexity="4">
              <lines>
                <line number="307" hits="1" branch="False" />
                <line number="308" hits="1" branch="True" condition-coverage="50% (2/4)">
                  <conditions>
                    <condition number="8" type="jump" coverage="50%" />
                    <condition number="26" type="jump" coverage="50%" />
                  </conditions>
                </line>
                <line number="309" hits="1" branch="False" />
                <line number="311" hits="1" branch="False" />
                <line number="313" hits="0" branch="False" />
                <line number="314" hits="0" branch="False" />
                <line number="316" hits="1" branch="False" />
              </lines>
            </method>
            <method name="Resolve" signature="(System.String,EquationSolver.VariableProvider)" line-rate="1" branch-rate="1" complexity="8">
              <lines>
                <line number="323" hits="241" branch="False" />
                <line number="324" hits="241" branch="False" />
                <line number="326" hits="241" branch="False" />
                <line number="327" hits="241" branch="False" />
                <line number="328" hits="241" branch="False" />
                <line number="329" hits="241" branch="False" />
                <line number="330" hits="241" branch="False" />
                <line number="332" hits="241" branch="False" />
                <line number="333" hits="241" branch="False" />
                <line number="334" hits="241" branch="False" />
                <line number="335" hits="241" branch="False" />
                <line number="337" hits="241" branch="False" />
                <line number="338" hits="241" branch="False" />
                <line number="340" hits="241" branch="False" />
                <line number="342" hits="241" branch="True" condition-coverage="100% (4/4)">
                  <conditions>
                    <condition number="220" type="jump" coverage="100%" />
                    <condition number="234" type="jump" coverage="100%" />
                  </conditions>
                </line>
                <line number="343" hits="47" branch="False" />
                <line number="344" hits="47" branch="False" />
                <line number="345" hits="47" branch="False" />
                <line number="346" hits="194" branch="True" condition-coverage="100% (2/2)">
                  <conditions>
                    <condition number="256" type="jump" coverage="100%" />
                  </conditions>
                </line>
                <line number="347" hits="100" branch="False" />
                <line number="348" hits="100" branch="False" />
                <line number="349" hits="100" branch="False" />
                <line number="351" hits="94" branch="False" />
                <line number="353" hits="94" branch="True" condition-coverage="100% (2/2)">
                  <conditions>
                    <condition number="282" type="jump" coverage="100%" />
                  </conditions>
                </line>
                <line number="354" hits="8" branch="False" />
                <line number="355" hits="8" branch="False" />
                <line number="356" hits="8" branch="False" />
                <line number="358" hits="86" branch="False" />
                <line number="359" hits="86" branch="False" />
                <line number="360" hits="86" branch="False" />
                <line number="361" hits="94" branch="False" />
                <line number="363" hits="241" branch="False" />
                <line number="364" hits="241" branch="False" />
              </lines>
            </method>
            <method name="Evaluate" signature="(System.String)" line-rate="0.8406999999999999" branch-rate="0.8332999999999999" complexity="30">
              <lines>
                <line number="367" hits="370" branch="False" />
                <line number="369" hits="370" branch="False" />
                <line number="370" hits="370" branch="False" />
                <line number="371" hits="370" branch="False" />
                <line number="372" hits="370" branch="False" />
                <line number="373" hits="370" branch="False" />
                <line number="375" hits="370" branch="False" />
                <line number="377" hits="370" branch="True" condition-coverage="100% (2/2)">
                  <conditions>
                    <condition number="59" type="jump" coverage="100%" />
                  </conditions>
                </line>
                <line number="378" hits="217" branch="False" />
                <line number="379" hits="217" branch="False" />
                <line number="380" hits="217" branch="False" />
                <line number="381" hits="217" branch="False" />
                <line number="382" hits="217" branch="True" condition-coverage="50% (1/2)">
                  <conditions>
                    <condition number="98" type="jump" coverage="50%" />
                  </conditions>
                </line>
                <line number="383" hits="0" branch="False" />
                <line number="384" hits="0" branch="False" />
                <line number="385" hits="0" branch="False" />
                <line number="386" hits="0" branch="False" />
                <line number="387" hits="0" branch="False" />
                <line number="388" hits="0" branch="False" />
                <line number="390" hits="217" branch="False" />
                <line number="391" hits="217" branch="False" />
                <line number="392" hits="217" branch="False" />
                <line number="393" hits="217" branch="True" condition-coverage="100% (2/2)">
                  <conditions>
                    <condition number="176" type="jump" coverage="100%" />
                  </conditions>
                </line>
                <line number="394" hits="156" branch="False" />
                <line number="395" hits="156" branch="False" />
                <line number="396" hits="156" branch="False" />
                <line number="397" hits="156" branch="True" condition-coverage="100% (4/4)">
                  <conditions>
                    <condition number="209" type="jump" coverage="100%" />
                    <condition number="224" type="jump" coverage="100%" />
                  </conditions>
                </line>
                <line number="398" hits="67" branch="False" />
                <line number="399" hits="67" branch="False" />
                <line number="400" hits="67" branch="True" condition-coverage="50% (1/2)">
                  <conditions>
                    <condition number="252" type="jump" coverage="50%" />
                  </conditions>
                </line>
                <line number="401" hits="67" branch="True" condition-coverage="50% (1/2)">
                  <conditions>
                    <condition number="285" type="jump" coverage="50%" />
                  </conditions>
                </line>
                <line number="402" hits="0" branch="False" />
                <line number="403" hits="0" branch="False" />
                <line number="404" hits="0" branch="False" />
                <line number="406" hits="67" branch="False" />
                <line number="407" hits="67" branch="False" />
                <line number="408" hits="67" branch="False" />
                <line number="409" hits="67" branch="False" />
                <line number="411" hits="89" branch="False" />
                <line number="412" hits="89" branch="False" />
                <line number="413" hits="89" branch="False" />
                <line number="414" hits="89" branch="True" condition-coverage="50% (1/2)">
                  <conditions>
                    <condition number="348" type="jump" coverage="50%" />
                  </conditions>
                </line>
                <line number="415" hits="89" branch="False" />
                <line number="416" hits="89" branch="False" />
                <line number="417" hits="89" branch="False" />
                <line number="419" hits="0" branch="False" />
                <line number="420" hits="0" branch="False" />
                <line number="421" hits="0" branch="False" />
                <line number="422" hits="89" branch="False" />
                <line number="423" hits="156" branch="False" />
                <line number="425" hits="61" branch="False" />
                <line number="426" hits="61" branch="True" condition-coverage="100% (2/2)">
                  <conditions>
                    <condition number="388" type="jump" coverage="100%" />
                  </conditions>
                </line>
                <line number="427" hits="3" branch="False" />
                <line number="428" hits="3" branch="False" />
                <line number="429" hits="3" branch="False" />
                <line number="430" hits="3" branch="False" />
                <line number="431" hits="3" branch="False" />
                <line number="432" hits="3" branch="False" />
                <line number="434" hits="58" branch="False" />
                <line number="435" hits="58" branch="False" />
                <line number="436" hits="58" branch="False" />
                <line number="437" hits="58" branch="False" />
                <line number="438" hits="58" branch="False" />
                <line number="439" hits="58" branch="False" />
                <line number="440" hits="61" branch="False" />
                <line number="441" hits="217" branch="False" />
                <line number="442" hits="153" branch="True" condition-coverage="100% (2/2)">
                  <conditions>
                    <condition number="500" type="jump" coverage="100%" />
                  </conditions>
                </line>
                <line number="443" hits="18" branch="False" />
                <line number="445" hits="18" branch="False" />
                <line number="446" hits="18" branch="True" condition-coverage="100% (2/2)">
                  <conditions>
                    <condition number="521" type="jump" coverage="100%" />
                  </conditions>
                </line>
                <line number="447" hits="7" branch="False" />
                <line number="448" hits="7" branch="False" />
                <line number="449" hits="7" branch="False" />
                <line number="450" hits="7" branch="False" />
                <line number="452" hits="11" branch="False" />
                <line number="453" hits="11" branch="False" />
                <line number="454" hits="11" branch="False" />
                <line number="455" hits="11" branch="False" />
                <line number="456" hits="18" branch="False" />
                <line number="457" hits="135" branch="True" condition-coverage="100% (2/2)">
                  <conditions>
                    <condition number="583" type="jump" coverage="100%" />
                  </conditions>
                </line>
                <line number="458" hits="29" branch="False" />
                <line number="460" hits="29" branch="False" />
                <line number="461" hits="29" branch="True" condition-coverage="100% (2/2)">
                  <conditions>
                    <condition number="604" type="jump" coverage="100%" />
                  </conditions>
                </line>
                <line number="462" hits="16" branch="False" />
                <line number="463" hits="16" branch="False" />
                <line number="464" hits="16" branch="False" />
                <line number="465" hits="16" branch="False" />
                <line number="467" hits="13" branch="False" />
                <line number="468" hits="13" branch="False" />
                <line number="469" hits="13" branch="False" />
                <line number="470" hits="13" branch="False" />
                <line number="471" hits="29" branch="False" />
                <line number="473" hits="106" branch="False" />
                <line number="474" hits="106" branch="False" />
                <line number="475" hits="106" branch="False" />
                <line number="476" hits="106" branch="False" />
                <line number="478" hits="106" branch="True" condition-coverage="50% (1/2)">
                  <conditions>
                    <condition number="705" type="jump" coverage="50%" />
                  </conditions>
                </line>
                <line number="479" hits="0" branch="False" />
                <line number="480" hits="0" branch="False" />
                <line number="482" hits="106" branch="False" />
                <line number="483" hits="212" branch="True" condition-coverage="100% (2/2)">
                  <conditions>
                    <condition number="758" type="jump" coverage="100%" />
                  </conditions>
                </line>
                <line number="484" hits="106" branch="False" />
                <line number="485" hits="106" branch="False" />
                <line number="486" hits="106" branch="False" />
                <line number="487" hits="106" branch="False" />
                <line number="488" hits="106" branch="False" />
                <line number="489" hits="106" branch="False" />
                <line number="490" hits="370" branch="False" />
                <line number="491" hits="0" branch="False" />
                <line number="492" hits="0" branch="False" />
                <line number="493" hits="0" branch="False" />
                <line number="494" hits="0" branch="False" />
                <line number="495" hits="370" branch="False" />
              </lines>
            </method>
            <method name="IsOperator" signature="(System.Char)" line-rate="0" branch-rate="0" complexity="4">
              <lines>
                <line number="498" hits="0" branch="False" />
                <line number="499" hits="0" branch="False" />
                <line number="500" hits="0" branch="False" />
                <line number="501" hits="0" branch="False" />
                <line number="502" hits="0" branch="True" condition-coverage="0% (0/2)">
                  <conditions>
                    <condition number="123" type="jump" coverage="0%" />
                  </conditions>
                </line>
                <line number="503" hits="0" branch="False" />
                <line number="504" hits="0" branch="True" condition-coverage="0% (0/2)">
                  <conditions>
                    <condition number="104" type="jump" coverage="0%" />
                  </conditions>
                </line>
                <line number="505" hits="0" branch="False" />
                <line number="506" hits="0" branch="False" />
                <line number="507" hits="0" branch="False" />
                <line number="509" hits="0" branch="False" />
                <line number="510" hits="0" branch="False" />
                <line number="511" hits="0" branch="False" />
              </lines>
            </method>
            <method name="Compare" signature="(System.String)" line-rate="0.5649000000000001" branch-rate="0.54" complexity="50">
              <lines>
                <line number="518" hits="66" branch="False" />
                <line number="520" hits="66" branch="False" />
                <line number="521" hits="66" branch="True" condition-coverage="50% (1/2)">
                  <conditions>
                    <condition number="18" type="jump" coverage="50%" />
                  </conditions>
                </line>
                <line number="522" hits="0" branch="False" />
                <line number="523" hits="0" branch="False" />
                <line number="524" hits="0" branch="False" />
                <line number="525" hits="0" branch="False" />
                <line number="527" hits="0" branch="False" />
                <line number="528" hits="0" branch="False" />
                <line number="530" hits="0" branch="False" />
                <line number="531" hits="0" branch="False" />
                <line number="533" hits="0" branch="True" condition-coverage="0% (0/2)">
                  <conditions>
                    <condition number="97" type="jump" coverage="0%" />
                  </conditions>
                </line>
                <line number="534" hits="0" branch="False" />
                <line number="535" hits="0" branch="False" />
                <line number="538" hits="0" branch="False" />
                <line number="539" hits="0" branch="False" />
                <line number="542" hits="66" branch="True" condition-coverage="100% (2/2)">
                  <conditions>
                    <condition number="135" type="jump" coverage="100%" />
                  </conditions>
                </line>
                <line number="543" hits="6" branch="False" />
                <line number="544" hits="6" branch="False" />
                <line number="545" hits="6" branch="False" />
                <line number="546" hits="6" branch="False" />
                <line number="548" hits="6" branch="False" />
                <line number="549" hits="6" branch="False" />
                <line number="551" hits="6" branch="False" />
                <line number="552" hits="6" branch="False" />
                <line number="554" hits="6" branch="True" condition-coverage="100% (2/2)">
                  <conditions>
                    <condition number="221" type="jump" coverage="100%" />
                  </conditions>
                </line>
                <line number="555" hits="4" branch="False" />
                <line number="556" hits="4" branch="False" />
                <line number="559" hits="2" branch="False" />
                <line number="560" hits="2" branch="False" />
                <line number="563" hits="60" branch="True" condition-coverage="100% (2/2)">
                  <conditions>
                    <condition number="259" type="jump" coverage="100%" />
                  </conditions>
                </line>
                <line number="564" hits="3" branch="False" />
                <line number="565" hits="3" branch="False" />
                <line number="566" hits="3" branch="False" />
                <line number="567" hits="3" branch="False" />
                <line number="569" hits="3" branch="True" condition-coverage="50% (1/2)">
                  <conditions>
                    <condition number="320" type="jump" coverage="50%" />
                  </conditions>
                </line>
                <line number="570" hits="0" branch="False" />
                <line number="571" hits="0" branch="False" />
                <line number="572" hits="0" branch="False" />
                <line number="574" hits="0" branch="False" />
                <line number="575" hits="0" branch="True" condition-coverage="0% (0/2)">
                  <conditions>
                    <condition number="387" type="jump" coverage="0%" />
                  </conditions>
                </line>
                <line number="576" hits="0" branch="False" />
                <line number="577" hits="0" branch="False" />
                <line number="580" hits="0" branch="False" />
                <line number="581" hits="0" branch="False" />
                <line number="585" hits="3" branch="False" />
                <line number="586" hits="3" branch="False" />
                <line number="587" hits="3" branch="False" />
                <line number="589" hits="3" branch="False" />
                <line number="590" hits="3" branch="False" />
                <line number="592" hits="3" branch="True" condition-coverage="50% (1/2)">
                  <conditions>
                    <condition number="455" type="jump" coverage="50%" />
                  </conditions>
                </line>
                <line number="593" hits="0" branch="False" />
                <line number="594" hits="0" branch="False" />
                <line number="597" hits="3" branch="False" />
                <line number="598" hits="3" branch="False" />
                <line number="602" hits="57" branch="True" condition-coverage="100% (2/2)">
                  <conditions>
                    <condition number="493" type="jump" coverage="100%" />
                  </conditions>
                </line>
                <line number="603" hits="26" branch="False" />
                <line number="604" hits="26" branch="False" />
                <line number="605" hits="26" branch="False" />
                <line number="606" hits="26" branch="False" />
                <line number="608" hits="26" branch="False" />
                <line number="609" hits="26" branch="False" />
                <line number="611" hits="26" branch="False" />
                <line number="612" hits="26" branch="False" />
                <line number="614" hits="26" branch="True" condition-coverage="100% (2/2)">
                  <conditions>
                    <condition number="579" type="jump" coverage="100%" />
                  </conditions>
                </line>
                <line number="615" hits="18" branch="False" />
                <line number="616" hits="18" branch="False" />
                <line number="619" hits="8" branch="False" />
                <line number="620" hits="8" branch="False" />
                <line number="623" hits="31" branch="True" condition-coverage="100% (2/2)">
                  <conditions>
                    <condition number="617" type="jump" coverage="100%" />
                  </conditions>
                </line>
                <line number="624" hits="21" branch="False" />
                <line number="625" hits="21" branch="False" />
                <line number="626" hits="21" branch="False" />
                <line number="627" hits="21" branch="False" />
                <line number="629" hits="21" branch="False" />
                <line number="630" hits="21" branch="False" />
                <line number="632" hits="21" branch="False" />
                <line number="633" hits="21" branch="False" />
                <line number="635" hits="21" branch="True" condition-coverage="100% (2/2)">
                  <conditions>
                    <condition number="713" type="jump" coverage="100%" />
                  </conditions>
                </line>
                <line number="636" hits="15" branch="False" />
                <line number="637" hits="15" branch="False" />
                <line number="640" hits="6" branch="False" />
                <line number="641" hits="6" branch="False" />
                <line number="644" hits="10" branch="True" condition-coverage="50% (1/2)">
                  <conditions>
                    <condition number="751" type="jump" coverage="50%" />
                  </conditions>
                </line>
                <line number="645" hits="10" branch="False" />
                <line number="646" hits="10" branch="False" />
                <line number="647" hits="10" branch="False" />
                <line number="648" hits="10" branch="False" />
                <line number="649" hits="10" branch="True" condition-coverage="100% (2/2)">
                  <conditions>
                    <condition number="819" type="jump" coverage="100%" />
                  </conditions>
                </line>
                <line number="650" hits="1" branch="False" />
                <line number="651" hits="1" branch="False" />
                <line number="654" hits="9" branch="False" />
                <line number="656" hits="9" branch="True" condition-coverage="50% (1/2)">
                  <conditions>
                    <condition number="869" type="jump" coverage="50%" />
                  </conditions>
                </line>
                <line number="657" hits="0" branch="False" />
                <line number="658" hits="0" branch="False" />
                <line number="660" hits="0" branch="False" />
                <line number="661" hits="0" branch="True" condition-coverage="0% (0/2)">
                  <conditions>
                    <condition number="921" type="jump" coverage="0%" />
                  </conditions>
                </line>
                <line number="662" hits="0" branch="False" />
                <line number="663" hits="0" branch="False" />
                <line number="666" hits="0" branch="False" />
                <line number="667" hits="0" branch="False" />
                <line number="670" hits="9" branch="True" condition-coverage="50% (1/2)">
                  <conditions>
                    <condition number="954" type="jump" coverage="50%" />
                  </conditions>
                </line>
                <line number="671" hits="0" branch="False" />
                <line number="672" hits="0" branch="True" condition-coverage="0% (0/2)">
                  <conditions>
                    <condition number="966" type="jump" coverage="0%" />
                  </conditions>
                </line>
                <line number="673" hits="0" branch="False" />
                <line number="674" hits="0" branch="True" condition-coverage="0% (0/2)">
                  <conditions>
                    <condition number="984" type="jump" coverage="0%" />
                  </conditions>
                </line>
                <line number="675" hits="0" branch="False" />
                <line number="676" hits="0" branch="False" />
                <line number="679" hits="0" branch="False" />
                <line number="680" hits="0" branch="False" />
                <line number="684" hits="0" branch="False" />
                <line number="685" hits="0" branch="False" />
                <line number="686" hits="0" branch="False" />
                <line number="687" hits="0" branch="False" />
                <line number="689" hits="9" branch="False" />
                <line number="691" hits="9" branch="False" />
                <line number="692" hits="9" branch="False" />
                <line number="693" hits="9" branch="True" condition-coverage="100% (2/2)">
                  <conditions>
                    <condition number="1046" type="jump" coverage="100%" />
                  </conditions>
                </line>
                <line number="694" hits="1" branch="False" />
                <line number="695" hits="1" branch="True" condition-coverage="50% (1/2)">
                  <conditions>
                    <condition number="1070" type="jump" coverage="50%" />
                  </conditions>
                </line>
                <line number="696" hits="0" branch="False" />
                <line number="697" hits="0" branch="False" />
                <line number="700" hits="1" branch="False" />
                <line number="701" hits="1" branch="False" />
                <line number="705" hits="8" branch="False" />
                <line number="706" hits="8" branch="False" />
                <line number="707" hits="8" branch="False" />
                <line number="709" hits="8" branch="True" condition-coverage="100% (2/2)">
                  <conditions>
                    <condition number="1121" type="jump" coverage="100%" />
                  </conditions>
                </line>
                <line number="710" hits="3" branch="False" />
                <line number="711" hits="3" branch="False" />
                <line number="714" hits="5" branch="False" />
                <line number="715" hits="5" branch="False" />
                <line number="719" hits="0" branch="False" />
                <line number="721" hits="0" branch="False" />
                <line number="722" hits="0" branch="False" />
                <line number="723" hits="0" branch="True" condition-coverage="0% (0/2)">
                  <conditions>
                    <condition number="1170" type="jump" coverage="0%" />
                  </conditions>
                </line>
                <line number="724" hits="0" branch="False" />
                <line number="725" hits="0" branch="True" condition-coverage="0% (0/2)">
                  <conditions>
                    <condition number="1187" type="jump" coverage="0%" />
                  </conditions>
                </line>
                <line number="726" hits="0" branch="False" />
                <line number="727" hits="0" branch="False" />
                <line number="729" hits="0" branch="False" />
                <line number="731" hits="0" branch="False" />
                <line number="733" hits="0" branch="True" condition-coverage="0% (0/2)">
                  <conditions>
                    <condition number="1222" type="jump" coverage="0%" />
                  </conditions>
                </line>
                <line number="734" hits="0" branch="False" />
                <line number="735" hits="0" branch="False" />
                <line number="738" hits="0" branch="False" />
                <line number="739" hits="0" branch="False" />
                <line number="742" hits="0" branch="False" />
                <line number="743" hits="0" branch="False" />
                <line number="745" hits="0" branch="False" />
                <line number="746" hits="0" branch="False" />
                <line number="747" hits="0" branch="False" />
                <line number="748" hits="0" branch="False" />
                <line number="750" hits="66" branch="False" />
              </lines>
            </method>
            <method name="HasOperator" signature="(System.String)" line-rate="0.8845999999999999" branch-rate="1" complexity="22">
              <lines>
                <line number="753" hits="564" branch="False" />
                <line number="754" hits="564" branch="False" />
                <line number="756" hits="564" branch="False" />
                <line number="757" hits="564" branch="True" condition-coverage="100% (22/22)">
                  <conditions>
                    <condition number="16" type="jump" coverage="100%" />
                    <condition number="33" type="jump" coverage="100%" />
                    <condition number="50" type="jump" coverage="100%" />
                    <condition number="64" type="jump" coverage="100%" />
                    <condition number="78" type="jump" coverage="100%" />
                    <condition number="92" type="jump" coverage="100%" />
                    <condition number="106" type="jump" coverage="100%" />
                    <condition number="120" type="jump" coverage="100%" />
                    <condition number="134" type="jump" coverage="100%" />
                    <condition number="148" type="jump" coverage="100%" />
                    <condition number="169" type="jump" coverage="100%" />
                  </conditions>
                </line>
                <line number="758" hits="564" branch="False" />
                <line number="759" hits="564" branch="False" />
                <line number="760" hits="564" branch="False" />
                <line number="761" hits="564" branch="False" />
                <line number="762" hits="564" branch="False" />
                <line number="763" hits="564" branch="False" />
                <line number="764" hits="564" branch="False" />
                <line number="765" hits="564" branch="False" />
                <line number="766" hits="564" branch="False" />
                <line number="767" hits="564" branch="False" />
                <line number="768" hits="253" branch="False" />
                <line number="769" hits="253" branch="False" />
                <line number="770" hits="253" branch="False" />
                <line number="772" hits="311" branch="False" />
                <line number="773" hits="311" branch="False" />
                <line number="774" hits="311" branch="False" />
                <line number="775" hits="564" branch="False" />
                <line number="776" hits="0" branch="False" />
                <line number="777" hits="0" branch="False" />
                <line number="778" hits="0" branch="False" />
                <line number="780" hits="564" branch="False" />
                <line number="781" hits="564" branch="False" />
              </lines>
            </method>
            <method name="IsCompoundComparison" signature="(System.String)" line-rate="0.7272" branch-rate="1" complexity="4">
              <lines>
                <line number="784" hits="347" branch="False" />
                <line number="786" hits="347" branch="False" />
                <line number="787" hits="347" branch="True" condition-coverage="100% (4/4)">
                  <conditions>
                    <condition number="14" type="jump" coverage="100%" />
                    <condition number="35" type="jump" coverage="100%" />
                  </conditions>
                </line>
                <line number="788" hits="18" branch="False" />
                <line number="789" hits="18" branch="False" />
                <line number="792" hits="329" branch="False" />
                <line number="793" hits="329" branch="False" />
                <line number="796" hits="0" branch="False" />
                <line number="797" hits="0" branch="False" />
                <line number="798" hits="0" branch="False" />
                <line number="800" hits="347" branch="False" />
              </lines>
            </method>
            <method name="ProcessComparison" signature="(System.String)" line-rate="0.9209999999999999" branch-rate="1" complexity="12">
              <lines>
                <line number="803" hits="18" branch="False" />
                <line number="805" hits="18" branch="False" />
                <line number="806" hits="18" branch="False" />
                <line number="808" hits="18" branch="False" />
                <line number="810" hits="18" branch="False" />
                <line number="811" hits="18" branch="False" />
                <line number="813" hits="18" branch="False" />
                <line number="814" hits="18" branch="False" />
                <line number="816" hits="18" branch="True" condition-coverage="100% (2/2)">
                  <conditions>
                    <condition number="69" type="jump" coverage="100%" />
                  </conditions>
                </line>
                <line number="817" hits="2" branch="False" />
                <line number="818" hits="2" branch="False" />
                <line number="819" hits="12" branch="True" condition-coverage="100% (2/2)">
                  <conditions>
                    <condition number="128" type="jump" coverage="100%" />
                  </conditions>
                </line>
                <line number="820" hits="4" branch="False" />
                <line number="821" hits="4" branch="False" />
                <line number="822" hits="4" branch="False" />
                <line number="823" hits="4" branch="True" condition-coverage="100% (2/2)">
                  <conditions>
                    <condition number="102" type="jump" coverage="100%" />
                  </conditions>
                </line>
                <line number="824" hits="2" branch="False" />
                <line number="825" hits="2" branch="False" />
                <line number="826" hits="2" branch="False" />
                <line number="827" hits="4" branch="False" />
                <line number="828" hits="2" branch="False" />
                <line number="829" hits="2" branch="False" />
                <line number="831" hits="18" branch="True" condition-coverage="100% (2/2)">
                  <conditions>
                    <condition number="145" type="jump" coverage="100%" />
                  </conditions>
                </line>
                <line number="832" hits="16" branch="False" />
                <line number="833" hits="78" branch="True" condition-coverage="100% (2/2)">
                  <conditions>
                    <condition number="202" type="jump" coverage="100%" />
                  </conditions>
                </line>
                <line number="834" hits="33" branch="False" />
                <line number="835" hits="33" branch="False" />
                <line number="836" hits="33" branch="False" />
                <line number="837" hits="33" branch="True" condition-coverage="100% (2/2)">
                  <conditions>
                    <condition number="178" type="jump" coverage="100%" />
                  </conditions>
                </line>
                <line number="838" hits="10" branch="False" />
                <line number="839" hits="10" branch="False" />
                <line number="841" hits="23" branch="False" />
                <line number="842" hits="16" branch="False" />
                <line number="844" hits="18" branch="False" />
                <line number="846" hits="0" branch="False" />
                <line number="847" hits="0" branch="False" />
                <line number="848" hits="0" branch="False" />
                <line number="850" hits="18" branch="False" />
              </lines>
            </method>
            <method name="AndOrLocate" signature="(System.String,System.Int32)" line-rate="0" branch-rate="1" complexity="1">
              <lines>
                <line number="853" hits="0" branch="False" />
                <line number="855" hits="0" branch="False" />
                <line number="856" hits="0" branch="False" />
                <line number="857" hits="0" branch="False" />
                <line number="859" hits="0" branch="False" />
                <line number="860" hits="0" branch="False" />
                <line number="861" hits="0" branch="False" />
                <line number="863" hits="0" branch="False" />
              </lines>
            </method>
            <method name="IsComparison" signature="(System.String)" line-rate="0.6956" branch-rate="0.8" complexity="10">
              <lines>
                <line number="866" hits="376" branch="False" />
                <line number="868" hits="376" branch="False" />
                <line number="870" hits="376" branch="True" condition-coverage="100% (2/2)">
                  <conditions>
                    <condition number="18" type="jump" coverage="100%" />
                  </conditions>
                </line>
                <line number="871" hits="17" branch="False" />
                <line number="872" hits="17" branch="False" />
                <line number="874" hits="359" branch="True" condition-coverage="100% (2/2)">
                  <conditions>
                    <condition number="41" type="jump" coverage="100%" />
                  </conditions>
                </line>
                <line number="875" hits="39" branch="False" />
                <line number="876" hits="39" branch="False" />
                <line number="878" hits="320" branch="True" condition-coverage="100% (2/2)">
                  <conditions>
                    <condition number="64" type="jump" coverage="100%" />
                  </conditions>
                </line>
                <line number="879" hits="20" branch="False" />
                <line number="880" hits="20" branch="False" />
                <line number="882" hits="300" branch="True" condition-coverage="50% (1/2)">
                  <conditions>
                    <condition number="89" type="jump" coverage="50%" />
                  </conditions>
                </line>
                <line number="883" hits="0" branch="False" />
                <line number="884" hits="0" branch="False" />
                <line number="886" hits="300" branch="True" condition-coverage="50% (1/2)">
                  <conditions>
                    <condition number="114" type="jump" coverage="50%" />
                  </conditions>
                </line>
                <line number="887" hits="0" branch="False" />
                <line number="888" hits="0" branch="False" />
                <line number="891" hits="300" branch="False" />
                <line number="892" hits="300" branch="False" />
                <line number="895" hits="0" branch="False" />
                <line number="896" hits="0" branch="False" />
                <line number="897" hits="0" branch="False" />
                <line number="899" hits="376" branch="False" />
              </lines>
            </method>
            <method name="Assignment" signature="(System.Decimal&amp;)" line-rate="0.5555" branch-rate="1" complexity="1">
              <lines>
                <line number="902" hits="268" branch="False" />
                <line number="904" hits="268" branch="False" />
                <line number="905" hits="268" branch="False" />
                <line number="906" hits="268" branch="False" />
                <line number="907" hits="0" branch="False" />
                <line number="908" hits="0" branch="False" />
                <line number="909" hits="0" branch="False" />
                <line number="910" hits="0" branch="False" />
                <line number="911" hits="268" branch="False" />
              </lines>
            </method>
            <method name="AddOrSubtract" signature="(System.Decimal&amp;)" line-rate="0.7894" branch-rate="1" complexity="8">
              <lines>
                <line number="914" hits="268" branch="False" />
                <line number="916" hits="268" branch="False" />
                <line number="918" hits="268" branch="False" />
                <line number="920" hits="268" branch="False" />
                <line number="921" hits="317" branch="True" condition-coverage="100% (4/4)">
                  <conditions>
                    <condition number="120" type="jump" coverage="100%" />
                    <condition number="106" type="jump" coverage="100%" />
                  </conditions>
                </line>
                <line number="922" hits="49" branch="False" />
                <line number="923" hits="49" branch="False" />
                <line number="924" hits="49" branch="False" />
                <line number="925" hits="49" branch="True" condition-coverage="100% (2/2)">
                  <conditions>
                    <condition number="44" type="jump" coverage="100%" />
                  </conditions>
                </line>
                <line number="926" hits="22" branch="False" />
                <line number="927" hits="27" branch="True" condition-coverage="100% (2/2)">
                  <conditions>
                    <condition number="73" type="jump" coverage="100%" />
                  </conditions>
                </line>
                <line number="928" hits="27" branch="False" />
                <line number="929" hits="49" branch="False" />
                <line number="930" hits="268" branch="False" />
                <line number="931" hits="0" branch="False" />
                <line number="932" hits="0" branch="False" />
                <line number="933" hits="0" branch="False" />
                <line number="934" hits="0" branch="False" />
                <line number="935" hits="268" branch="False" />
              </lines>
            </method>
            <method name="MultiplyDivideOrMod" signature="(System.Decimal&amp;)" line-rate="0.84" branch-rate="0.8332999999999999" complexity="12">
              <lines>
                <line number="938" hits="317" branch="False" />
                <line number="940" hits="317" branch="False" />
                <line number="942" hits="317" branch="False" />
                <line number="944" hits="317" branch="False" />
                <line number="945" hits="434" branch="True" condition-coverage="100% (6/6)">
                  <conditions>
                    <condition number="160" type="jump" coverage="100%" />
                    <condition number="141" type="jump" coverage="100%" />
                    <condition number="146" type="jump" coverage="100%" />
                  </conditions>
                </line>
                <line number="946" hits="118" branch="False" />
                <line number="947" hits="118" branch="False" />
                <line number="948" hits="118" branch="False" />
                <line number="949" hits="118" branch="True" condition-coverage="100% (2/2)">
                  <conditions>
                    <condition number="44" type="jump" coverage="100%" />
                  </conditions>
                </line>
                <line number="950" hits="91" branch="False" />
                <line number="951" hits="27" branch="True" condition-coverage="50% (1/2)">
                  <conditions>
                    <condition number="73" type="jump" coverage="50%" />
                  </conditions>
                </line>
                <line number="952" hits="27" branch="False" />
                <line number="953" hits="27" branch="False" />
                <line number="954" hits="26" branch="False" />
                <line number="955" hits="0" branch="True" condition-coverage="50% (1/2)">
                  <conditions>
                    <condition number="106" type="jump" coverage="50%" />
                  </conditions>
                </line>
                <line number="956" hits="0" branch="False" />
                <line number="957" hits="0" branch="False" />
                <line number="958" hits="0" branch="False" />
                <line number="959" hits="117" branch="False" />
                <line number="960" hits="316" branch="False" />
                <line number="961" hits="1" branch="False" />
                <line number="962" hits="1" branch="False" />
                <line number="963" hits="1" branch="False" />
                <line number="964" hits="1" branch="False" />
                <line number="965" hits="317" branch="False" />
              </lines>
            </method>
            <method name="PowerUp" signature="(System.Decimal&amp;)" line-rate="0.7777" branch-rate="1" complexity="2">
              <lines>
                <line number="968" hits="435" branch="False" />
                <line number="970" hits="435" branch="False" />
                <line number="971" hits="435" branch="False" />
                <line number="973" hits="435" branch="False" />
                <line number="974" hits="435" branch="True" condition-coverage="100% (2/2)">
                  <conditions>
                    <condition number="32" type="jump" coverage="100%" />
                  </conditions>
                </line>
                <line number="975" hits="14" branch="False" />
                <line number="976" hits="14" branch="False" />
                <line number="977" hits="14" branch="False" />
                <line number="978" hits="14" branch="False" />
                <line number="979" hits="14" branch="False" />
                <line number="980" hits="14" branch="False" />
                <line number="981" hits="14" branch="False" />
                <line number="982" hits="435" branch="False" />
                <line number="983" hits="0" branch="False" />
                <line number="984" hits="0" branch="False" />
                <line number="985" hits="0" branch="False" />
                <line number="986" hits="0" branch="False" />
                <line number="987" hits="435" branch="False" />
              </lines>
            </method>
            <method name="PlusOrMinus" signature="(System.Decimal&amp;)" line-rate="0.7894" branch-rate="0.8332999999999999" complexity="6">
              <lines>
                <line number="990" hits="449" branch="False" />
                <line number="992" hits="449" branch="False" />
                <line number="993" hits="449" branch="False" />
                <line number="995" hits="449" branch="True" condition-coverage="75% (3/4)">
                  <conditions>
                    <condition number="15" type="jump" coverage="50%" />
                    <condition number="34" type="jump" coverage="100%" />
                  </conditions>
                </line>
                <line number="996" hits="29" branch="False" />
                <line number="997" hits="29" branch="False" />
                <line number="998" hits="29" branch="False" />
                <line number="999" hits="29" branch="False" />
                <line number="1000" hits="449" branch="False" />
                <line number="1001" hits="449" branch="True" condition-coverage="100% (2/2)">
                  <conditions>
                    <condition number="69" type="jump" coverage="100%" />
                  </conditions>
                </line>
                <line number="1002" hits="29" branch="False" />
                <line number="1003" hits="29" branch="False" />
                <line number="1004" hits="29" branch="False" />
                <line number="1005" hits="449" branch="False" />
                <line number="1006" hits="0" branch="False" />
                <line number="1007" hits="0" branch="False" />
                <line number="1008" hits="0" branch="False" />
                <line number="1009" hits="0" branch="False" />
                <line number="1010" hits="449" branch="False" />
              </lines>
            </method>
            <method name="Literal" signature="(System.Decimal&amp;)" line-rate="0.8906000000000001" branch-rate="0.95" complexity="20">
              <lines>
                <line number="1013" hits="449" branch="False" />
                <line number="1015" hits="449" branch="False" />
                <line number="1016" hits="449" branch="True" condition-coverage="100% (2/2)">
                  <conditions>
                    <condition number="16" type="jump" coverage="100%" />
                  </conditions>
                </line>
                <line number="1017" hits="63" branch="False" />
                <line number="1018" hits="63" branch="False" />
                <line number="1019" hits="63" branch="False" />
                <line number="1020" hits="63" branch="False" />
                <line number="1021" hits="63" branch="False" />
                <line number="1023" hits="386" branch="False" />
                <line number="1024" hits="386" branch="True" condition-coverage="100% (2/2)">
                  <conditions>
                    <condition number="59" type="jump" coverage="100%" />
                  </conditions>
                </line>
                <line number="1025" hits="211" branch="False" />
                <line number="1026" hits="211" branch="False" />
                <line number="1027" hits="211" branch="False" />
                <line number="1028" hits="211" branch="False" />
                <line number="1029" hits="211" branch="False" />
                <line number="1030" hits="175" branch="True" condition-coverage="100% (2/2)">
                  <conditions>
                    <condition number="110" type="jump" coverage="100%" />
                  </conditions>
                </line>
                <line number="1031" hits="169" branch="False" />
                <line number="1032" hits="169" branch="False" />
                <line number="1034" hits="169" branch="True" condition-coverage="100% (2/2)">
                  <conditions>
                    <condition number="142" type="jump" coverage="100%" />
                  </conditions>
                </line>
                <line number="1035" hits="22" branch="False" />
                <line number="1036" hits="22" branch="False" />
                <line number="1037" hits="22" branch="False" />
                <line number="1040" hits="147" branch="True" condition-coverage="100% (2/2)">
                  <conditions>
                    <condition number="170" type="jump" coverage="100%" />
                  </conditions>
                </line>
                <line number="1041" hits="11" branch="False" />
                <line number="1042" hits="11" branch="False" />
                <line number="1043" hits="11" branch="False" />
                <line number="1046" hits="136" branch="True" condition-coverage="100% (2/2)">
                  <conditions>
                    <condition number="198" type="jump" coverage="100%" />
                  </conditions>
                </line>
                <line number="1047" hits="10" branch="False" />
                <line number="1048" hits="10" branch="False" />
                <line number="1049" hits="10" branch="False" />
                <line number="1052" hits="126" branch="True" condition-coverage="50% (1/2)">
                  <conditions>
                    <condition number="226" type="jump" coverage="50%" />
                  </conditions>
                </line>
                <line number="1053" hits="0" branch="False" />
                <line number="1054" hits="0" branch="False" />
                <line number="1055" hits="0" branch="False" />
                <line number="1058" hits="126" branch="True" condition-coverage="100% (2/2)">
                  <conditions>
                    <condition number="254" type="jump" coverage="100%" />
                  </conditions>
                </line>
                <line number="1059" hits="1" branch="False" />
                <line number="1060" hits="1" branch="False" />
                <line number="1063" hits="125" branch="True" condition-coverage="100% (2/2)">
                  <conditions>
                    <condition number="275" type="jump" coverage="100%" />
                  </conditions>
                </line>
                <line number="1064" hits="12" branch="False" />
                <line number="1065" hits="12" branch="False" />
                <line number="1066" hits="12" branch="False" />
                <line number="1069" hits="113" branch="False" />
                <line number="1071" hits="113" branch="False" />
                <line number="1072" hits="113" branch="False" />
                <line number="1073" hits="113" branch="True" condition-coverage="100% (2/2)">
                  <conditions>
                    <condition number="328" type="jump" coverage="100%" />
                  </conditions>
                </line>
                <line number="1074" hits="112" branch="False" />
                <line number="1075" hits="112" branch="False" />
                <line number="1076" hits="112" branch="False" />
                <line number="1078" hits="1" branch="False" />
                <line number="1079" hits="1" branch="False" />
                <line number="1080" hits="1" branch="False" />
                <line number="1081" hits="1" branch="False" />
                <line number="1082" hits="1" branch="False" />
                <line number="1083" hits="113" branch="False" />
                <line number="1084" hits="113" branch="False" />
                <line number="1085" hits="113" branch="False" />
                <line number="1088" hits="6" branch="False" />
                <line number="1089" hits="211" branch="False" />
                <line number="1090" hits="274" branch="False" />
                <line number="1091" hits="0" branch="False" />
                <line number="1092" hits="0" branch="False" />
                <line number="1093" hits="0" branch="False" />
                <line number="1094" hits="0" branch="False" />
                <line number="1095" hits="449" branch="False" />
              </lines>
            </method>
            <method name="Literal_TrigFunctions" signature="(System.String,System.Decimal&amp;)" line-rate="1" branch-rate="1" complexity="46">
              <lines>
                <line number="1098" hits="136" branch="False" />
                <line number="1099" hits="136" branch="False" />
                <line number="1101" hits="136" branch="True" condition-coverage="100% (46/46)">
                  <conditions>
                    <condition number="25" type="jump" coverage="100%" />
                    <condition number="33" type="jump" coverage="100%" />
                    <condition number="41" type="jump" coverage="100%" />
                    <condition number="70" type="jump" coverage="100%" />
                    <condition number="83" type="jump" coverage="100%" />
                    <condition number="112" type="jump" coverage="100%" />
                    <condition number="120" type="jump" coverage="100%" />
                    <condition number="143" type="jump" coverage="100%" />
                    <condition number="156" type="jump" coverage="100%" />
                    <condition number="130" type="jump" coverage="100%" />
                    <condition number="166" type="jump" coverage="100%" />
                    <condition number="54" type="jump" coverage="100%" />
                    <condition number="96" type="jump" coverage="100%" />
                    <condition number="184" type="jump" coverage="100%" />
                    <condition number="205" type="jump" coverage="100%" />
                    <condition number="226" type="jump" coverage="100%" />
                    <condition number="247" type="jump" coverage="100%" />
                    <condition number="268" type="jump" coverage="100%" />
                    <condition number="289" type="jump" coverage="100%" />
                    <condition number="310" type="jump" coverage="100%" />
                    <condition number="331" type="jump" coverage="100%" />
                    <condition number="352" type="jump" coverage="100%" />
                    <condition number="373" type="jump" coverage="100%" />
                  </conditions>
                </line>
                <line number="1104" hits="1" branch="False" />
                <line number="1105" hits="1" branch="False" />
                <line number="1106" hits="1" branch="False" />
                <line number="1107" hits="1" branch="False" />
                <line number="1108" hits="1" branch="False" />
                <line number="1109" hits="1" branch="False" />
                <line number="1110" hits="1" branch="False" />
                <line number="1111" hits="1" branch="False" />
                <line number="1112" hits="1" branch="False" />
                <line number="1115" hits="1" branch="False" />
                <line number="1116" hits="1" branch="False" />
                <line number="1117" hits="1" branch="False" />
                <line number="1118" hits="1" branch="False" />
                <line number="1119" hits="1" branch="False" />
                <line number="1120" hits="1" branch="False" />
                <line number="1121" hits="1" branch="False" />
                <line number="1122" hits="1" branch="False" />
                <line number="1123" hits="1" branch="False" />
                <line number="1126" hits="1" branch="False" />
                <line number="1127" hits="1" branch="False" />
                <line number="1128" hits="1" branch="False" />
                <line number="1129" hits="1" branch="False" />
                <line number="1130" hits="1" branch="False" />
                <line number="1131" hits="1" branch="False" />
                <line number="1132" hits="1" branch="False" />
                <line number="1133" hits="1" branch="False" />
                <line number="1134" hits="1" branch="False" />
                <line number="1137" hits="1" branch="False" />
                <line number="1138" hits="1" branch="False" />
                <line number="1139" hits="1" branch="False" />
                <line number="1140" hits="1" branch="False" />
                <line number="1141" hits="1" branch="False" />
                <line number="1142" hits="1" branch="False" />
                <line number="1143" hits="1" branch="False" />
                <line number="1144" hits="1" branch="False" />
                <line number="1145" hits="1" branch="False" />
                <line number="1148" hits="1" branch="False" />
                <line number="1149" hits="1" branch="False" />
                <line number="1150" hits="1" branch="False" />
                <line number="1151" hits="1" branch="False" />
                <line number="1152" hits="1" branch="False" />
                <line number="1153" hits="1" branch="False" />
                <line number="1154" hits="1" branch="False" />
                <line number="1155" hits="1" branch="False" />
                <line number="1156" hits="1" branch="False" />
                <line number="1159" hits="1" branch="False" />
                <line number="1160" hits="1" branch="False" />
                <line number="1161" hits="1" branch="False" />
                <line number="1162" hits="1" branch="False" />
                <line number="1163" hits="1" branch="False" />
                <line number="1164" hits="1" branch="False" />
                <line number="1165" hits="1" branch="False" />
                <line number="1166" hits="1" branch="False" />
                <line number="1167" hits="1" branch="False" />
                <line number="1170" hits="1" branch="False" />
                <line number="1171" hits="1" branch="False" />
                <line number="1172" hits="1" branch="False" />
                <line number="1173" hits="1" branch="False" />
                <line number="1174" hits="1" branch="False" />
                <line number="1175" hits="1" branch="False" />
                <line number="1176" hits="1" branch="False" />
                <line number="1177" hits="1" branch="False" />
                <line number="1178" hits="1" branch="False" />
                <line number="1181" hits="1" branch="False" />
                <line number="1182" hits="1" branch="False" />
                <line number="1183" hits="1" branch="False" />
                <line number="1184" hits="1" branch="False" />
                <line number="1185" hits="1" branch="False" />
                <line number="1186" hits="1" branch="False" />
                <line number="1187" hits="1" branch="False" />
                <line number="1188" hits="1" branch="False" />
[...]
                <line number="156" hits="55" branch="False" />
                <line number="158" hits="3" branch="True" condition-coverage="50% (1/2)">
                  <conditions>
                    <condition number="400" type="jump" coverage="50%" />
                  </conditions>
                </line>
                <line number="159" hits="0" branch="False" />
                <line number="160" hits="0" branch="False" />
                <line number="161" hits="0" branch="False" />
                <line number="162" hits="0" branch="False" />
                <line number="163" hits="0" branch="False" />
                <line number="164" hits="0" branch="False" />
                <line number="167" hits="3" branch="False" />
                <line number="168" hits="3" branch="False" />
                <line number="169" hits="3" branch="False" />
                <line number="170" hits="3" branch="False" />
                <line number="171" hits="3" branch="False" />
                <line number="172" hits="3" branch="False" />
                <line number="174" hits="227" branch="False" />
              </lines>
            </method>
            <method name=".ctor" signature="()" line-rate="1" branch-rate="1" complexity="1">
              <lines>
                <line number="12" hits="271" branch="False" />
                <line number="49" hits="271" branch="False" />
                <line number="50" hits="271" branch="False" />
                <line number="51" hits="271" branch="False" />
              </lines>
            </method>
          </methods>
          <lines>
            <line number="19" hits="183" branch="False" />
            <line number="20" hits="810" branch="False" />
            <line number="24" hits="365" branch="False" />
            <line number="26" hits="369" branch="False" />
            <line number="30" hits="0" branch="False" />
            <line number="35" hits="12" branch="False" />
            <line number="40" hits="0" branch="False" />
            <line number="43" hits="615" branch="False" />
            <line number="45" hits="299" branch="False" />
            <line number="56" hits="117" branch="False" />
            <line number="57" hits="117" branch="False" />
            <line number="58" hits="117" branch="False" />
            <line number="59" hits="117" branch="False" />
            <line number="62" hits="227" branch="False" />
            <line number="63" hits="227" branch="False" />
            <line number="65" hits="227" branch="True" condition-coverage="50% (1/2)">
              <conditions>
                <condition number="25" type="jump" coverage="50%" />
              </conditions>
            </line>
            <line number="66" hits="0" branch="False" />
            <line number="67" hits="0" branch="False" />
            <line number="68" hits="0" branch="False" />
            <line number="69" hits="0" branch="True" condition-coverage="0% (0/2)">
              <conditions>
                <condition number="71" type="jump" coverage="0%" />
              </conditions>
            </line>
            <line number="70" hits="0" branch="True" condition-coverage="0% (0/2)">
              <conditions>
                <condition number="95" type="jump" coverage="0%" />
              </conditions>
            </line>
            <line number="71" hits="0" branch="False" />
            <line number="72" hits="227" branch="True" condition-coverage="100% (6/6)">
              <conditions>
                <condition number="120" type="jump" coverage="100%" />
                <condition number="128" type="jump" coverage="100%" />
                <condition number="144" type="jump" coverage="100%" />
              </conditions>
            </line>
            <line number="73" hits="60" branch="False" />
            <line number="74" hits="60" branch="False" />
            <line number="75" hits="60" branch="False" />
            <line number="76" hits="60" branch="False" />
            <line number="77" hits="60" branch="False" />
            <line number="78" hits="60" branch="False" />
            <line number="79" hits="167" branch="True" condition-coverage="50% (1/2)">
              <conditions>
                <condition number="221" type="jump" coverage="50%" />
              </conditions>
            </line>
            <line number="80" hits="0" branch="False" />
            <line number="81" hits="0" branch="False" />
            <line number="82" hits="0" branch="False" />
            <line number="83" hits="0" branch="False" />
            <line number="84" hits="0" branch="False" />
            <line number="85" hits="0" branch="False" />
            <line number="86" hits="167" branch="True" condition-coverage="50% (1/2)">
              <conditions>
                <condition number="295" type="jump" coverage="50%" />
              </conditions>
            </line>
            <line number="87" hits="0" branch="False" />
            <line number="88" hits="0" branch="False" />
            <line number="89" hits="0" branch="False" />
            <line number="90" hits="0" branch="False" />
            <line number="91" hits="0" branch="False" />
            <line number="92" hits="0" branch="False" />
            <line number="94" hits="227" branch="False" />
            <line number="96" hits="227" branch="True" condition-coverage="100% (2/2)">
              <conditions>
                <condition number="376" type="jump" coverage="100%" />
              </conditions>
            </line>
            <line number="97" hits="48" branch="False" />
            <line number="98" hits="48" branch="False" />
            <line number="99" hits="48" branch="False" />
            <line number="100" hits="227" branch="False" />
            <line number="103" hits="94" branch="False" />
            <line number="104" hits="94" branch="False" />
            <line number="105" hits="94" branch="False" />
            <line number="108" hits="0" branch="False" />
            <line number="109" hits="0" branch="False" />
            <line number="110" hits="0" branch="False" />
            <line number="113" hits="0" branch="False" />
            <line number="114" hits="0" branch="False" />
            <line number="115" hits="0" branch="False" />
            <line number="120" hits="227" branch="False" />
            <line number="121" hits="227" branch="True" condition-coverage="100% (4/4)">
              <conditions>
                <condition number="22" type="jump" coverage="100%" />
                <condition number="50" type="jump" coverage="100%" />
              </conditions>
            </line>
            <line number="122" hits="17" branch="False" />
            <line number="123" hits="17" branch="False" />
            <line number="124" hits="17" branch="False" />
            <line number="126" hits="210" branch="True" condition-coverage="100% (2/2)">
              <conditions>
                <condition number="103" type="jump" coverage="100%" />
              </conditions>
            </line>
            <line number="127" hits="152" branch="False" />
            <line number="128" hits="152" branch="False" />
            <line number="129" hits="152" branch="False" />
            <line number="130" hits="152" branch="False" />
            <line number="131" hits="152" branch="False" />
            <line number="132" hits="152" branch="False" />
            <line number="134" hits="58" branch="True" condition-coverage="50% (1/2)">
              <conditions>
                <condition number="175" type="jump" coverage="50%" />
              </conditions>
            </line>
            <line number="135" hits="0" branch="False" />
            <line number="136" hits="0" branch="False" />
            <line number="137" hits="0" branch="False" />
            <line number="138" hits="0" branch="False" />
            <line number="139" hits="0" branch="False" />
            <line number="140" hits="0" branch="False" />
            <line number="142" hits="58" branch="True" condition-coverage="50% (1/2)">
              <conditions>
                <condition number="250" type="jump" coverage="50%" />
              </conditions>
            </line>
            <line number="143" hits="0" branch="False" />
            <line number="144" hits="0" branch="False" />
            <line number="145" hits="0" branch="False" />
            <line number="146" hits="0" branch="False" />
            <line number="147" hits="0" branch="False" />
            <line number="148" hits="0" branch="False" />
            <line number="150" hits="58" branch="True" condition-coverage="100% (2/2)">
              <conditions>
                <condition number="326" type="jump" coverage="100%" />
              </conditions>
            </line>
            <line number="151" hits="55" branch="False" />
            <line number="152" hits="55" branch="False" />
            <line number="153" hits="55" branch="False" />
            <line number="154" hits="55" branch="False" />
            <line number="155" hits="55" branch="False" />
            <line number="156" hits="55" branch="False" />
            <line number="158" hits="3" branch="True" condition-coverage="50% (1/2)">
              <conditions>
                <condition number="400" type="jump" coverage="50%" />
              </conditions>
            </line>
            <line number="159" hits="0" branch="False" />
            <line number="160" hits="0" branch="False" />
            <line number="161" hits="0" branch="False" />
            <line number="162" hits="0" branch="False" />
            <line number="163" hits="0" branch="False" />
            <line number="164" hits="0" branch="False" />
            <line number="167" hits="3" branch="False" />
            <line number="168" hits="3" branch="False" />
            <line number="169" hits="3" branch="False" />
            <line number="170" hits="3" branch="False" />
            <line number="171" hits="3" branch="False" />
            <line number="172" hits="3" branch="False" />
            <line number="174" hits="227" branch="False" />
            <line number="12" hits="271" branch="False" />
            <line number="49" hits="271" branch="False" />
            <line number="50" hits="271" branch="False" />
            <line number="51" hits="271" branch="False" />
          </lines>
        </class>
        <class name="EquationSolver.Dto.Equation" filename="Dto/Partials/Equation_arranging.cs" line-rate="0.14279999999999998" branch-rate="0.125" complexity="17">
          <methods>
            <method name="Compare" signature="(EquationSolver.Dto.Equation,EquationSolver.Dto.Equation)" line-rate="0" branch-rate="1" complexity="1">
              <lines>
                <line number="21" hits="0" branch="False" />
                <line number="22" hits="0" branch="False" />
                <line number="23" hits="0" branch="False" />
              </lines>
            </method>
            <method name="CompareTo" signature="(EquationSolver.Dto.Equation)" line-rate="1" branch-rate="0.5" complexity="4">
              <lines>
                <line number="31" hits="26" branch="False" />
                <line number="32" hits="26" branch="True" condition-coverage="50% (1/2)">
                  <conditions>
                    <condition number="18" type="jump" coverage="50%" />
                  </conditions>
                </line>
                <line number="33" hits="26" branch="True" condition-coverage="50% (1/2)">
                  <conditions>
                    <condition number="42" type="jump" coverage="50%" />
                  </conditions>
                </line>
                <line number="35" hits="26" branch="False" />
                <line number="37" hits="26" branch="False" />
              </lines>
            </method>
            <method name="HasTarget" signature="(System.String)" line-rate="0" branch-rate="0" complexity="6">
              <lines>
                <line number="45" hits="0" branch="False" />
                <line number="46" hits="0" branch="False" />
                <line number="48" hits="0" branch="True" condition-coverage="0% (0/2)">
                  <conditions>
                    <condition number="17" type="jump" coverage="0%" />
                  </conditions>
                </line>
                <line number="49" hits="0" branch="False" />
                <line number="51" hits="0" branch="True" condition-coverage="0% (0/2)">
                  <conditions>
                    <condition number="74" type="jump" coverage="0%" />
                  </conditions>
                </line>
                <line number="52" hits="0" branch="False" />
                <line number="53" hits="0" branch="True" condition-coverage="0% (0/2)">
                  <conditions>
                    <condition number="60" type="jump" coverage="0%" />
                  </conditions>
                </line>
                <line number="54" hits="0" branch="False" />
                <line number="55" hits="0" branch="False" />
                <line number="57" hits="0" branch="False" />
                <line number="58" hits="0" branch="False" />
              </lines>
            </method>
            <method name="TryFindByName" signature="(System.String,EquationSolver.Dto.Equation&amp;)" line-rate="0" branch-rate="0" complexity="6">
              <lines>
                <line number="67" hits="0" branch="False" />
                <line number="68" hits="0" branch="False" />
                <line number="70" hits="0" branch="True" condition-coverage="0% (0/2)">
                  <conditions>
                    <condition number="18" type="jump" coverage="0%" />
                  </conditions>
                </line>
                <line number="71" hits="0" branch="False" />
                <line number="72" hits="0" branch="False" />
                <line number="73" hits="0" branch="False" />
                <line number="75" hits="0" branch="False" />
                <line number="76" hits="0" branch="True" condition-coverage="0% (0/2)">
                  <conditions>
                    <condition number="75" type="jump" coverage="0%" />
                  </conditions>
                </line>
                <line number="77" hits="0" branch="False" />
                <line number="78" hits="0" branch="True" condition-coverage="0% (0/2)">
                  <conditions>
                    <condition number="62" type="jump" coverage="0%" />
                  </conditions>
                </line>
                <line number="79" hits="0" branch="False" />
                <line number="80" hits="0" branch="False" />
                <line number="82" hits="0" branch="False" />
                <line number="83" hits="0" branch="False" />
                <line number="85" hits="0" branch="False" />
                <line number="86" hits="0" branch="False" />
              </lines>
            </method>
          </methods>
          <lines>
            <line number="21" hits="0" branch="False" />
            <line number="22" hits="0" branch="False" />
            <line number="23" hits="0" branch="False" />
            <line number="31" hits="26" branch="False" />
            <line number="32" hits="26" branch="True" condition-coverage="50% (1/2)">
              <conditions>
                <condition number="18" type="jump" coverage="50%" />
              </conditions>
            </line>
            <line number="33" hits="26" branch="True" condition-coverage="50% (1/2)">
              <conditions>
                <condition number="42" type="jump" coverage="50%" />
              </conditions>
            </line>
            <line number="35" hits="26" branch="False" />
            <line number="37" hits="26" branch="False" />
            <line number="45" hits="0" branch="False" />
            <line number="46" hits="0" branch="False" />
            <line number="48" hits="0" branch="True" condition-coverage="0% (0/2)">
              <conditions>
                <condition number="17" type="jump" coverage="0%" />
              </conditions>
            </line>
            <line number="49" hits="0" branch="False" />
            <line number="51" hits="0" branch="True" condition-coverage="0% (0/2)">
              <conditions>
                <condition number="74" type="jump" coverage="0%" />
              </conditions>
            </line>
            <line number="52" hits="0" branch="False" />
            <line number="53" hits="0" branch="True" condition-coverage="0% (0/2)">
              <conditions>
                <condition number="60" type="jump" coverage="0%" />
              </conditions>
            </line>
            <line number="54" hits="0" branch="False" />
            <line number="55" hits="0" branch="False" />
            <line number="57" hits="0" branch="False" />
            <line number="58" hits="0" branch="False" />
            <line number="67" hits="0" branch="False" />
            <line number="68" hits="0" branch="False" />
            <line number="70" hits="0" branch="True" condition-coverage="0% (0/2)">
              <conditions>
                <condition number="18" type="jump" coverage="0%" />
              </conditions>
            </line>
            <line number="71" hits="0" branch="False" />
            <line number="72" hits="0" branch="False" />
            <line number="73" hits="0" branch="False" />
            <line number="75" hits="0" branch="False" />
            <line number="76" hits="0" branch="True" condition-coverage="0% (0/2)">
              <conditions>
                <condition number="75" type="jump" coverage="0%" />
              </conditions>
            </line>
            <line number="77" hits="0" branch="False" />
            <line number="78" hits="0" branch="True" condition-coverage="0% (0/2)">
              <conditions>
                <condition number="62" type="jump" coverage="0%" />
              </conditions>
            </line>
            <line number="79" hits="0" branch="False" />
            <line number="80" hits="0" branch="False" />
            <line number="82" hits="0" branch="False" />
            <line number="83" hits="0" branch="False" />
            <line number="85" hits="0" branch="False" />
            <line number="86" hits="0" branch="False" />
          </lines>
        </class>
        <class name="EquationSolver.Dto.Argument" filename="Dto/Partials/Function_arranging.cs" line-rate="0.5" branch-rate="1" complexity="2">
          <methods>
            <method name="Compare" signature="(EquationSolver.Dto.Argument,EquationSolver.Dto.Argument)" line-rate="0" branch-rate="1" complexity="1">
              <lines>
                <line number="10" hits="0" branch="False" />
                <line number="11" hits="0" branch="False" />
                <line number="12" hits="0" branch="False" />
              </lines>
            </method>
            <method name="CompareTo" signature="(EquationSolver.Dto.Argument)" line-rate="1" branch-rate="1" complexity="1">
              <lines>
                <line number="15" hits="36" branch="False" />
                <line number="16" hits="36" branch="False" />
                <line number="17" hits="36" branch="False" />
              </lines>
            </method>
          </methods>
          <lines>
            <line number="10" hits="0" branch="False" />
            <line number="11" hits="0" branch="False" />
            <line number="12" hits="0" branch="False" />
            <line number="15" hits="36" branch="False" />
            <line number="16" hits="36" branch="False" />
            <line number="17" hits="36" branch="False" />
          </lines>
        </class>
      </classes>
    </package>
  </packages>
</coverage>