SF:/workspace/EquationSolvr/EquationSolver/EquationSolver/DecimalExpressionSolver.cs
FN:24,System.Int32 EquationSolver.DecimalExpressionSolver::get_TokenType()
FNDA:3945,System.Int32 EquationSolver.DecimalExpressionSolver::get_TokenType()
DA:25,3945
FN:26,System.Int32 EquationSolver.DecimalExpressionSolver::get_PreviousTokenType()
FNDA:1041,System.Int32 EquationSolver.DecimalExpressionSolver::get_PreviousTokenType()
DA:27,1041
FN:28,System.Char[] EquationSolver.DecimalExpressionSolver::get_ExprArray()
FNDA:12413,System.Char[] EquationSolver.DecimalExpressionSolver::get_ExprArray()
DA:29,12413
FN:29,System.Int32 EquationSolver.DecimalExpressionSolver::get_Position()
FNDA:17063,System.Int32 EquationSolver.DecimalExpressionSolver::get_Position()
DA:30,17063
FN:30,System.Char[] EquationSolver.DecimalExpressionSolver::get_TokenArray()
FNDA:4159,System.Char[] EquationSolver.DecimalExpressionSolver::get_TokenArray()
DA:31,4159
FN:58,EquationSolver.ResultType EquationSolver.DecimalExpressionSolver::get_TypeOfResult()
FNDA:0,EquationSolver.ResultType EquationSolver.DecimalExpressionSolver::get_TypeOfResult()
DA:59,0
DA:60,0
DA:61,0
FN:69,System.Decimal EquationSolver.DecimalExpressionSolver::get_ResultAsDecimal()
FNDA:0,System.Decimal EquationSolver.DecimalExpressionSolver::get_ResultAsDecimal()
DA:70,0
DA:71,0
DA:72,0
DA:73,0
DA:74,0
DA:75,0
DA:78,0
DA:79,0
DA:83,0
DA:84,0
DA:86,0
BRDA:71,12,0,0
BRDA:73,23,0,0
BRDA:73,23,1,0
BRDA:71,12,1,0
FN:94,System.Double EquationSolver.DecimalExpressionSolver::get_ResultAsDouble()
FNDA:0,System.Double EquationSolver.DecimalExpressionSolver::get_ResultAsDouble()
DA:95,0
DA:96,0
DA:97,0
DA:98,0
DA:99,0
DA:100,0
DA:103,0
DA:104,0
DA:108,0
DA:109,0
DA:111,0
BRDA:96,12,0,0
BRDA:98,23,0,0
BRDA:98,23,1,0
BRDA:96,12,1,0
FN:119,System.Boolean EquationSolver.DecimalExpressionSolver::get_BoolResult()
FNDA:116,System.Boolean EquationSolver.DecimalExpressionSolver::get_BoolResult()
DA:120,116
DA:121,116
DA:122,32
DA:123,32
DA:125,84
DA:126,0
DA:127,0
DA:128,0
DA:129,0
DA:132,0
DA:133,0
DA:136,84
DA:137,84
DA:138,84
DA:139,0
DA:140,0
DA:143,84
DA:144,84
DA:148,0
DA:149,0
DA:151,116
BRDA:121,12,0,32
BRDA:121,12,1,84
BRDA:125,35,0,0
BRDA:127,56,0,0
BRDA:127,56,1,0
BRDA:125,35,1,84
BRDA:136,81,0,84
BRDA:138,90,0,84
BRDA:138,90,1,0
BRDA:138,118,0,0
BRDA:138,118,1,84
BRDA:136,81,1,0
FN:160,System.String EquationSolver.DecimalExpressionSolver::get_StringResult()
FNDA:218,System.String EquationSolver.DecimalExpressionSolver::get_StringResult()
DA:161,218
DA:162,218
DA:163,23
DA:164,23
DA:166,195
DA:167,190
DA:168,190
DA:170,5
DA:171,4
DA:172,4
DA:175,1
DA:176,1
DA:178,218
BRDA:162,12,0,23
BRDA:164,27,0,0
BRDA:164,27,1,23
BRDA:162,12,1,195
BRDA:166,49,0,190
BRDA:168,64,0,0
BRDA:168,64,1,190
BRDA:166,49,1,5
BRDA:170,86,0,4
BRDA:170,86,1,1
FN:186,System.Collections.Generic.List`1<EquationSolver.Dto.Function> EquationSolver.DecimalExpressionSolver::get_Functions()
FNDA:158,System.Collections.Generic.List`1<EquationSolver.Dto.Function> EquationSolver.DecimalExpressionSolver::get_Functions()
DA:187,158
DA:188,158
DA:189,158
DA:190,158
BRDA:188,9,0,34
BRDA:188,9,1,158
FN:190,System.Void EquationSolver.DecimalExpressionSolver::set_Functions(System.Collections.Generic.List`1<EquationSolver.Dto.Function>)
FNDA:0,System.Void EquationSolver.DecimalExpressionSolver::set_Functions(System.Collections.Generic.List`1<EquationSolver.Dto.Function>)
DA:191,0
FN:213,System.Boolean EquationSolver.DecimalExpressionSolver::IsWhite(System.Char)
FNDA:1410,System.Boolean EquationSolver.DecimalExpressionSolver::IsWhite(System.Char)
DA:214,1410
DA:215,1410
DA:216,369
DA:217,369
DA:220,1041
DA:221,1041
DA:223,1410
BRDA:215,4,0,1041
BRDA:215,4,1,369
BRDA:215,16,0,369
BRDA:215,16,1,1041
FN:225,System.Boolean EquationSolver.DecimalExpressionSolver::IsNumeric(System.Char)
FNDA:1186,System.Boolean EquationSolver.DecimalExpressionSolver::IsNumeric(System.Char)
DA:226,1186
DA:227,1186
DA:228,706
DA:229,706
DA:232,480
DA:233,480
DA:235,1186
BRDA:227,4,0,955
BRDA:227,4,1,513
BRDA:227,9,0,513
BRDA:227,9,1,673
BRDA:227,21,0,706
BRDA:227,21,1,480
FN:237,System.Boolean EquationSolver.DecimalExpressionSolver::IsAlpha(System.Char)
FNDA:1511,System.Boolean EquationSolver.DecimalExpressionSolver::IsAlpha(System.Char)
DA:238,1511
DA:239,1511
DA:240,1362
DA:241,1362
DA:244,149
DA:245,149
DA:247,1511
BRDA:239,4,0,1266
BRDA:239,4,1,265
BRDA:239,9,0,265
BRDA:239,14,0,105
BRDA:239,14,1,182
BRDA:239,19,0,182
BRDA:239,24,0,31
BRDA:239,24,1,173
BRDA:239,29,0,173
BRDA:239,34,0,173
BRDA:239,39,0,173
BRDA:239,9,1,1338
BRDA:239,19,1,1338
BRDA:239,29,1,1338
BRDA:239,34,1,1338
BRDA:239,39,1,1338
BRDA:239,51,0,1362
BRDA:239,51,1,149
FN:249,System.Boolean EquationSolver.DecimalExpressionSolver::IsMinus(System.Char)
FNDA:0,System.Boolean EquationSolver.DecimalExpressionSolver::IsMinus(System.Char)
DA:250,0
DA:251,0
DA:252,0
DA:253,0
DA:256,0
DA:257,0
DA:259,0
BRDA:251,8,0,0
BRDA:251,8,1,0
FN:261,System.Boolean EquationSolver.DecimalExpressionSolver::IsDelimiter(System.Char)
FNDA:2141,System.Boolean EquationSolver.DecimalExpressionSolver::IsDelimiter(System.Char)
DA:262,2141
DA:263,2141
DA:264,2141
DA:265,2141
DA:266,518
DA:267,518
DA:270,1623
DA:271,1623
DA:273,2141
BRDA:263,4,0,2119
BRDA:263,9,0,2063
BRDA:263,14,0,1972
BRDA:263,19,0,1945
BRDA:263,24,0,1945
BRDA:263,29,0,1931
BRDA:263,34,0,1812
BRDA:263,39,0,1693
BRDA:263,44,0,1623
BRDA:263,4,1,518
BRDA:263,9,1,518
BRDA:263,14,1,518
BRDA:263,19,1,518
BRDA:263,24,1,518
BRDA:263,29,1,518
BRDA:263,34,1,518
BRDA:263,39,1,518
BRDA:263,44,1,518
BRDA:263,56,0,518
BRDA:263,56,1,1623
FN:275,System.Boolean EquationSolver.DecimalExpressionSolver::IsComparator(System.Char)
FNDA:0,System.Boolean EquationSolver.DecimalExpressionSolver::IsComparator(System.Char)
DA:276,0
DA:277,0
DA:278,0
DA:279,0
DA:282,0
DA:283,0
DA:285,0
BRDA:277,4,0,0
BRDA:277,9,0,0
BRDA:277,14,0,0
BRDA:277,4,1,0
BRDA:277,9,1,0
BRDA:277,14,1,0
BRDA:277,26,0,0
BRDA:277,26,1,0
FN:289,System.Decimal EquationSolver.DecimalExpressionSolver::ToDegrees(System.Double)
FNDA:1,System.Decimal EquationSolver.DecimalExpressionSolver::ToDegrees(System.Double)
DA:290,1
DA:291,1
DA:292,1
FN:293,System.Decimal EquationSolver.DecimalExpressionSolver::ToRadians(System.Double)
FNDA:1,System.Decimal EquationSolver.DecimalExpressionSolver::ToRadians(System.Double)
DA:294,1
DA:295,1
DA:296,1
FN:306,System.Void EquationSolver.DecimalExpressionSolver::SolveForX(System.String,EquationSolver.VariableProvider,System.String)
FNDA:1,System.Void EquationSolver.DecimalExpressionSolver::SolveForX(System.String,EquationSolver.VariableProvider,System.String)
DA:307,1
DA:308,1
DA:309,1
DA:311,1
DA:313,0
DA:314,0
DA:316,1
BRDA:308,8,0,1
BRDA:308,8,1,0
BRDA:308,26,0,1
BRDA:308,26,1,0
FN:322,System.Void EquationSolver.DecimalExpressionSolver::Resolve(System.String,EquationSolver.VariableProvider)
FNDA:241,System.Void EquationSolver.DecimalExpressionSolver::Resolve(System.String,EquationSolver.VariableProvider)
DA:323,241
DA:324,241
DA:326,241
DA:327,241
DA:328,241
DA:329,241
DA:330,241
DA:332,241
DA:333,241
DA:334,241
DA:335,241
DA:337,241
DA:338,241
DA:340,241
DA:342,241
DA:343,47
DA:344,47
DA:345,47
DA:346,194
DA:347,100
DA:348,100
DA:349,100
DA:351,94
DA:353,94
DA:354,8
DA:355,8
DA:356,8
DA:358,86
DA:359,86
DA:360,86
DA:361,94
DA:363,241
DA:364,241
BRDA:342,220,0,194
BRDA:342,220,1,47
BRDA:342,234,0,47
BRDA:342,234,1,194
BRDA:346,256,0,100
BRDA:346,256,1,94
BRDA:353,282,0,8
BRDA:353,282,1,86
FN:366,System.Void EquationSolver.DecimalExpressionSolver::Evaluate(System.String)
FNDA:370,System.Void EquationSolver.DecimalExpressionSolver::Evaluate(System.String)
DA:367,370
DA:369,370
DA:370,370
DA:371,370
DA:372,370
DA:373,370
DA:375,370
DA:377,370
DA:378,217
DA:379,217
DA:380,217
DA:381,217
DA:382,217
DA:383,0
DA:384,0
DA:385,0
DA:386,0
DA:387,0
DA:388,0
DA:390,217
DA:391,217
DA:392,217
DA:393,217
DA:394,156
DA:395,156
DA:396,156
DA:397,156
DA:398,67
DA:399,67
DA:400,67
DA:401,67
DA:402,0
DA:403,0
DA:404,0
DA:406,67
DA:407,67
DA:408,67
DA:409,67
DA:411,89
DA:412,89
DA:413,89
DA:414,89
DA:415,89
DA:416,89
DA:417,89
DA:419,0
DA:420,0
DA:421,0
DA:422,89
DA:423,156
DA:425,61
DA:426,61
DA:427,3
DA:428,3
DA:429,3
DA:430,3
DA:431,3
DA:432,3
DA:434,58
DA:435,58
DA:436,58
DA:437,58
DA:438,58
DA:439,58
DA:440,61
DA:441,217
DA:442,153
DA:443,18
DA:445,18
DA:446,18
DA:447,7
DA:448,7
DA:449,7
DA:450,7
DA:452,11
DA:453,11
DA:454,11
DA:455,11
DA:456,18
DA:457,135
DA:458,29
DA:460,29
DA:461,29
DA:462,16
DA:463,16
DA:464,16
DA:465,16
DA:467,13
DA:468,13
DA:469,13
DA:470,13
DA:471,29
DA:473,106
DA:474,106
DA:475,106
DA:476,106
DA:478,106
DA:479,0
DA:480,0
DA:482,106
DA:483,212
DA:484,106
DA:485,106
DA:486,106
DA:487,106
DA:488,106
DA:489,106
DA:490,370
DA:491,0
DA:492,0
DA:493,0
DA:494,0
DA:495,370
BRDA:377,59,0,217
BRDA:382,98,0,0
BRDA:382,98,1,217
BRDA:393,176,0,156
BRDA:397,209,0,67
BRDA:397,209,1,89
BRDA:397,224,0,67
BRDA:400,252,0,0
BRDA:400,252,1,67
BRDA:401,285,0,0
BRDA:401,285,1,67
BRDA:397,224,1,89
BRDA:414,348,0,89
BRDA:414,348,1,0
BRDA:393,176,1,61
BRDA:426,388,0,3
BRDA:426,388,1,58
BRDA:377,59,1,153
BRDA:442,500,0,18
BRDA:446,521,0,7
BRDA:446,521,1,11
BRDA:442,500,1,135
BRDA:457,583,0,29
BRDA:461,604,0,16
BRDA:461,604,1,13
BRDA:457,583,1,106
BRDA:478,705,0,0
BRDA:478,705,1,106
BRDA:483,758,1,106
BRDA:483,758,0,106
FN:497,System.Boolean EquationSolver.DecimalExpressionSolver::IsOperator(System.Char)
FNDA:0,System.Boolean EquationSolver.DecimalExpressionSolver::IsOperator(System.Char)
DA:498,0
DA:499,0
DA:500,0
DA:501,0
DA:502,0
DA:503,0
DA:504,0
DA:505,0
DA:506,0
DA:507,0
DA:509,0
DA:510,0
DA:511,0
BRDA:502,123,1,0
BRDA:504,104,0,0
BRDA:504,104,1,0
BRDA:502,123,0,0
FN:517,System.Boolean EquationSolver.DecimalExpressionSolver::Compare(System.String)
FNDA:66,System.Boolean EquationSolver.DecimalExpressionSolver::Compare(System.String)
DA:518,66
DA:520,66
DA:521,66
DA:522,0
DA:523,0
DA:524,0
DA:525,0
DA:527,0
DA:528,0
DA:530,0
DA:531,0
DA:533,0
DA:534,0
DA:535,0
DA:538,0
DA:539,0
DA:542,66
DA:543,6
DA:544,6
DA:545,6
DA:546,6
DA:548,6
DA:549,6
DA:551,6
DA:552,6
DA:554,6
DA:555,4
DA:556,4
DA:559,2
DA:560,2
DA:563,60
DA:564,3
DA:565,3
DA:566,3
DA:567,3
DA:569,3
DA:570,0
DA:571,0
DA:572,0
DA:574,0
DA:575,0
DA:576,0
DA:577,0
DA:580,0
DA:581,0
DA:585,3
DA:586,3
DA:587,3
DA:589,3
DA:590,3
DA:592,3
DA:593,0
DA:594,0
DA:597,3
DA:598,3
DA:602,57
DA:603,26
DA:604,26
DA:605,26
DA:606,26
DA:608,26
DA:609,26
DA:611,26
DA:612,26
DA:614,26
DA:615,18
DA:616,18
DA:619,8
DA:620,8
DA:623,31
DA:624,21
DA:625,21
DA:626,21
DA:627,21
DA:629,21
DA:630,21
DA:632,21
DA:633,21
DA:635,21
DA:636,15
DA:637,15
DA:640,6
DA:641,6
DA:644,10
DA:645,10
DA:646,10
DA:647,10
DA:648,10
DA:649,10
DA:650,1
DA:651,1
DA:654,9
DA:656,9
DA:657,0
DA:658,0
DA:660,0
DA:661,0
DA:662,0
DA:663,0
DA:666,0
DA:667,0
DA:670,9
DA:671,0
DA:672,0
DA:673,0
DA:674,0
DA:675,0
DA:676,0
DA:679,0
DA:680,0
DA:684,0
DA:685,0
DA:686,0
DA:687,0
DA:689,9
DA:691,9
DA:692,9
DA:693,9
DA:694,1
DA:695,1
DA:696,0
DA:697,0
DA:700,1
DA:701,1
DA:705,8
DA:706,8
DA:707,8
DA:709,8
DA:710,3
DA:711,3
DA:714,5
DA:715,5
DA:719,0
DA:721,0
DA:722,0
DA:723,0
DA:724,0
DA:725,0
DA:726,0
DA:727,0
DA:729,0
DA:731,0
DA:733,0
DA:734,0
DA:735,0
DA:738,0
DA:739,0
DA:742,0
DA:743,0
DA:745,0
DA:746,0
DA:747,0
DA:748,0
DA:750,66
BRDA:521,18,0,0
BRDA:533,97,0,0
BRDA:533,97,1,0
BRDA:521,18,1,66
BRDA:542,135,0,6
BRDA:554,221,0,4
BRDA:554,221,1,2
BRDA:542,135,1,60
BRDA:563,259,0,3
BRDA:569,320,0,0
BRDA:575,387,0,0
BRDA:575,387,1,0
BRDA:569,320,1,3
BRDA:592,455,0,0
BRDA:592,455,1,3
BRDA:563,259,1,57
BRDA:602,493,0,26
BRDA:614,579,0,18
BRDA:614,579,1,8
BRDA:602,493,1,31
BRDA:623,617,0,21
BRDA:635,713,0,15
BRDA:635,713,1,6
BRDA:623,617,1,10
BRDA:644,751,0,10
BRDA:649,819,0,1
BRDA:649,819,1,9
BRDA:656,869,0,0
BRDA:661,921,0,0
BRDA:661,921,1,0
BRDA:656,869,1,9
BRDA:670,954,0,0
BRDA:672,966,0,0
BRDA:674,984,0,0
BRDA:674,984,1,0
BRDA:672,966,1,0
BRDA:670,954,1,9
BRDA:693,1046,0,1
BRDA:695,1070,0,0
BRDA:695,1070,1,1
BRDA:693,1046,1,8
BRDA:709,1121,0,3
BRDA:709,1121,1,5
BRDA:644,751,1,0
BRDA:723,1170,0,0
BRDA:725,1187,0,0
BRDA:725,1187,1,0
BRDA:723,1170,1,0
BRDA:733,1222,0,0
BRDA:733,1222,1,0
FN:752,System.Boolean EquationSolver.DecimalExpressionSolver::HasOperator(System.String)
FNDA:564,System.Boolean EquationSolver.DecimalExpressionSolver::HasOperator(System.String)
DA:753,564
DA:754,564
DA:756,564
DA:757,564
DA:758,564
DA:759,564
DA:760,564
DA:761,564
DA:762,564
DA:763,564
DA:764,564
DA:765,564
DA:766,564
DA:767,564
DA:768,253
DA:769,253
DA:770,253
DA:772,311
DA:773,311
DA:774,311
DA:775,564
DA:776,0
DA:777,0
DA:778,0
DA:780,564
DA:781,564
BRDA:757,16,0,562
BRDA:757,33,0,546
BRDA:757,50,0,456
BRDA:757,64,0,447
BRDA:757,78,0,435
BRDA:757,92,0,411
BRDA:757,106,0,402
BRDA:757,120,0,384
BRDA:757,134,0,383
BRDA:757,148,0,311
BRDA:757,16,1,253
BRDA:757,33,1,253
BRDA:757,50,1,253
BRDA:757,64,1,253
BRDA:757,78,1,253
BRDA:757,92,1,253
BRDA:757,106,1,253
BRDA:757,120,1,253
BRDA:757,134,1,253
BRDA:757,148,1,253
BRDA:757,169,0,253
BRDA:757,169,1,311
FN:783,System.Boolean EquationSolver.DecimalExpressionSolver::IsCompoundComparison(System.String)
FNDA:347,System.Boolean EquationSolver.DecimalExpressionSolver::IsCompoundComparison(System.String)
DA:784,347
DA:786,347
DA:787,347
DA:788,18
DA:789,18
DA:792,329
DA:793,329
DA:796,0
DA:797,0
DA:798,0
DA:800,347
BRDA:787,14,0,345
BRDA:787,14,1,2
BRDA:787,35,0,18
BRDA:787,35,1,329
FN:802,System.Boolean EquationSolver.DecimalExpressionSolver::ProcessComparison(System.String)
FNDA:18,System.Boolean EquationSolver.DecimalExpressionSolver::ProcessComparison(System.String)
DA:803,18
DA:805,18
DA:806,18
DA:808,18
DA:810,18
DA:811,18
DA:813,18
DA:814,18
DA:816,18
DA:817,2
DA:818,2
DA:819,12
DA:820,4
DA:821,4
DA:822,4
DA:823,4
DA:824,2
DA:825,2
DA:826,2
DA:827,4
DA:828,2
DA:829,2
DA:831,18
DA:832,16
DA:833,78
DA:834,33
DA:835,33
DA:836,33
DA:837,33
DA:838,10
DA:839,10
DA:841,23
DA:842,16
DA:844,18
DA:846,0
DA:847,0
DA:848,0
DA:850,18
BRDA:816,69,0,2
BRDA:819,128,1,4
BRDA:823,102,0,2
BRDA:823,102,1,4
BRDA:819,128,0,2
BRDA:816,69,1,18
BRDA:831,145,0,16
BRDA:833,202,1,33
BRDA:837,178,0,10
BRDA:837,178,1,23
BRDA:833,202,0,16
BRDA:831,145,1,18
FN:852,System.Int32 EquationSolver.DecimalExpressionSolver::AndOrLocate(System.String,System.Int32)
FNDA:0,System.Int32 EquationSolver.DecimalExpressionSolver::AndOrLocate(System.String,System.Int32)
DA:853,0
DA:855,0
DA:856,0
DA:857,0
DA:859,0
DA:860,0
DA:861,0
DA:863,0
FN:865,System.Boolean EquationSolver.DecimalExpressionSolver::IsComparison(System.String)
FNDA:376,System.Boolean EquationSolver.DecimalExpressionSolver::IsComparison(System.String)
DA:866,376
DA:868,376
DA:870,376
DA:871,17
DA:872,17
DA:874,359
DA:875,39
DA:876,39
DA:878,320
DA:879,20
DA:880,20
DA:882,300
DA:883,0
DA:884,0
DA:886,300
DA:887,0
DA:888,0
DA:891,300
DA:892,300
DA:895,0
DA:896,0
DA:897,0
DA:899,376
BRDA:870,18,0,17
BRDA:870,18,1,359
BRDA:874,41,0,39
BRDA:874,41,1,320
BRDA:878,64,0,20
BRDA:878,64,1,300
BRDA:882,89,0,0
BRDA:882,89,1,300
BRDA:886,114,0,0
BRDA:886,114,1,300
FN:901,System.Void EquationSolver.DecimalExpressionSolver::Assignment(System.Decimal&)
FNDA:268,System.Void EquationSolver.DecimalExpressionSolver::Assignment(System.Decimal&)
DA:902,268
DA:904,268
DA:905,268
DA:906,268
DA:907,0
DA:908,0
DA:909,0
DA:910,0
DA:911,268
FN:913,System.Void EquationSolver.DecimalExpressionSolver::AddOrSubtract(System.Decimal&)
FNDA:268,System.Void EquationSolver.DecimalExpressionSolver::AddOrSubtract(System.Decimal&)
DA:914,268
DA:916,268
DA:918,268
DA:920,268
DA:921,317
DA:922,49
DA:923,49
DA:924,49
DA:925,49
DA:926,22
DA:927,27
DA:928,27
DA:929,49
DA:930,268
DA:931,0
DA:932,0
DA:933,0
DA:934,0
DA:935,268
BRDA:921,120,1,49
BRDA:925,44,0,22
BRDA:925,44,1,27
BRDA:927,73,0,27
BRDA:927,73,1,49
BRDA:921,106,0,295
BRDA:921,106,1,22
BRDA:921,120,0,268
FN:937,System.Void EquationSolver.DecimalExpressionSolver::MultiplyDivideOrMod(System.Decimal&)
FNDA:317,System.Void EquationSolver.DecimalExpressionSolver::MultiplyDivideOrMod(System.Decimal&)
DA:938,317
DA:940,317
DA:942,317
DA:944,317
DA:945,434
DA:946,118
DA:947,118
DA:948,118
DA:949,118
DA:950,91
DA:951,27
DA:952,27
DA:953,27
DA:954,26
DA:955,0
DA:956,0
DA:957,0
DA:958,0
DA:959,117
DA:960,316
DA:961,1
DA:962,1
DA:963,1
DA:964,1
DA:965,317
BRDA:945,160,1,118
BRDA:949,44,0,91
BRDA:949,44,1,27
BRDA:951,73,0,27
BRDA:951,73,1,0
BRDA:955,106,0,0
BRDA:955,106,1,117
BRDA:945,141,0,343
BRDA:945,146,0,316
BRDA:945,141,1,118
BRDA:945,146,1,118
BRDA:945,160,0,316
FN:967,System.Void EquationSolver.DecimalExpressionSolver::PowerUp(System.Decimal&)
FNDA:435,System.Void EquationSolver.DecimalExpressionSolver::PowerUp(System.Decimal&)
DA:968,435
DA:970,435
DA:971,435
DA:973,435
DA:974,435
DA:975,14
DA:976,14
DA:977,14
DA:978,14
DA:979,14
DA:980,14
DA:981,14
DA:982,435
DA:983,0
DA:984,0
DA:985,0
DA:986,0
DA:987,435
BRDA:974,32,0,14
BRDA:974,32,1,435
FN:989,System.Void EquationSolver.DecimalExpressionSolver::PlusOrMinus(System.Decimal&)
FNDA:449,System.Void EquationSolver.DecimalExpressionSolver::PlusOrMinus(System.Decimal&)
DA:990,449
DA:992,449
DA:993,449
DA:995,449
DA:996,29
DA:997,29
DA:998,29
DA:999,29
DA:1000,449
DA:1001,449
DA:1002,29
DA:1003,29
DA:1004,29
DA:1005,449
DA:1006,0
DA:1007,0
DA:1008,0
DA:1009,0
DA:1010,449
BRDA:995,15,0,449
BRDA:995,15,1,0
BRDA:995,34,0,29
BRDA:995,34,1,449
BRDA:1001,69,0,29
BRDA:1001,69,1,449
FN:1012,System.Void EquationSolver.DecimalExpressionSolver::Literal(System.Decimal&)
FNDA:449,System.Void EquationSolver.DecimalExpressionSolver::Literal(System.Decimal&)
DA:1013,449
DA:1015,449
DA:1016,449
DA:1017,63
DA:1018,63
DA:1019,63
DA:1020,63
DA:1021,63
DA:1023,386
DA:1024,386
DA:1025,211
DA:1026,211
DA:1027,211
DA:1028,211
DA:1029,211
DA:1030,175
DA:1031,169
DA:1032,169
DA:1034,169
DA:1035,22
DA:1036,22
DA:1037,22
DA:1040,147
DA:1041,11
DA:1042,11
DA:1043,11
DA:1046,136
DA:1047,10
DA:1048,10
DA:1049,10
DA:1052,126
DA:1053,0
DA:1054,0
DA:1055,0
DA:1058,126
DA:1059,1
DA:1060,1
DA:1063,125
DA:1064,12
DA:1065,12
DA:1066,12
DA:1069,113
DA:1071,113
DA:1072,113
DA:1073,113
DA:1074,112
DA:1075,112
DA:1076,112
DA:1078,1
DA:1079,1
DA:1080,1
DA:1081,1
DA:1082,1
DA:1083,113
DA:1084,113
DA:1085,113
DA:1088,6
DA:1089,211
DA:1090,274
DA:1091,0
DA:1092,0
DA:1093,0
DA:1094,0
DA:1095,449
BRDA:1016,16,0,63
BRDA:1016,16,1,386
BRDA:1024,59,0,211
BRDA:1024,59,1,175
BRDA:1030,110,0,169
BRDA:1034,142,0,22
BRDA:1034,142,1,147
BRDA:1040,170,0,11
BRDA:1040,170,1,136
BRDA:1046,198,0,10
BRDA:1046,198,1,126
BRDA:1052,226,0,0
BRDA:1052,226,1,126
BRDA:1058,254,0,1
BRDA:1058,254,1,125
BRDA:1063,275,0,12
BRDA:1063,275,1,113
BRDA:1073,328,0,112
BRDA:1073,328,1,1
BRDA:1030,110,1,6
FN:1097,System.Boolean EquationSolver.DecimalExpressionSolver::Literal_TrigFunctions(System.String,System.Decimal&)
FNDA:136,System.Boolean EquationSolver.DecimalExpressionSolver::Literal_TrigFunctions(System.String,System.Decimal&)
DA:1098,136
DA:1099,136
DA:1101,136
DA:1104,1
DA:1105,1
DA:1106,1
DA:1107,1
DA:1108,1
DA:1109,1
DA:1110,1
DA:1111,1
DA:1112,1
DA:1115,1
DA:1116,1
DA:1117,1
DA:1118,1
DA:1119,1
DA:1120,1
DA:1121,1
DA:1122,1
DA:1123,1
DA:1126,1
DA:1127,1
DA:1128,1
DA:1129,1
DA:1130,1
DA:1131,1
DA:1132,1
DA:1133,1
DA:1134,1
DA:1137,1
DA:1138,1
DA:1139,1
DA:1140,1
DA:1141,1
DA:1142,1
DA:1143,1
DA:1144,1
DA:1145,1
DA:1148,1
DA:1149,1
DA:1150,1
DA:1151,1
DA:1152,1
DA:1153,1
DA:1154,1
DA:1155,1
DA:1156,1
DA:1159,1
DA:1160,1
DA:1161,1
DA:1162,1
DA:1163,1
DA:1164,1
DA:1165,1
DA:1166,1
DA:1167,1
DA:1170,1
DA:1171,1
DA:1172,1
DA:1173,1
DA:1174,1
DA:1175,1
DA:1176,1
DA:1177,1
DA:1178,1
DA:1181,1
DA:1182,1
DA:1183,1
DA:1184,1
DA:1185,1
DA:1186,1
DA:1187,1
DA:1188,1
DA:1189,1
DA:1192,1
DA:1193,1
DA:1194,1
DA:1195,1
DA:1196,1
DA:1197,1
DA:1198,1
DA:1199,1
DA:1200,1
DA:1203,1
DA:1204,1
DA:1205,1
DA:1206,1
DA:1207,1
DA:1208,1
DA:1209,1
DA:1210,1
DA:1211,1
DA:1215,136
DA:1216,136
BRDA:1101,25,0,53
BRDA:1101,33,0,2
BRDA:1101,41,0,1
BRDA:1101,33,1,51
BRDA:1101,70,0,50
BRDA:1101,83,0,49
BRDA:1101,25,1,83
BRDA:1101,112,0,30
BRDA:1101,120,0,29
BRDA:1101,112,1,53
BRDA:1101,143,0,52
BRDA:1101,156,0,51
BRDA:1101,130,1,1
BRDA:1101,156,1,1
BRDA:1101,120,1,1
BRDA:1101,166,1,1
BRDA:1101,83,1,1
BRDA:1101,41,1,1
BRDA:1101,70,1,1
BRDA:1101,143,1,1
BRDA:1101,54,1,1
BRDA:1101,96,1,1
BRDA:1101,184,1,1
BRDA:1101,205,1,1
BRDA:1101,226,1,1
BRDA:1101,247,1,1
BRDA:1101,268,1,1
BRDA:1101,289,1,1
BRDA:1101,310,1,1
BRDA:1101,331,1,1
BRDA:1101,352,1,1
BRDA:1101,373,1,1
BRDA:1101,54,0,136
BRDA:1101,96,0,136
BRDA:1101,130,0,136
BRDA:1101,166,0,136
BRDA:1101,184,0,136
BRDA:1101,205,0,136
BRDA:1101,226,0,136
BRDA:1101,247,0,136
BRDA:1101,268,0,136
BRDA:1101,289,0,136
BRDA:1101,310,0,136
BRDA:1101,331,0,136
BRDA:1101,352,0,136
BRDA:1101,373,0,136
FN:1218,System.Boolean EquationSolver.DecimalExpressionSolver::Literal_CommonFunctions(System.String,System.Decimal&)
FNDA:169,System.Boolean EquationSolver.DecimalExpressionSolver::Literal_CommonFunctions(System.String,System.Decimal&)
DA:1219,169
DA:1220,169
DA:1222,169
DA:1225,1
DA:1226,1
DA:1227,1
DA:1228,1
DA:1229,1
DA:1230,1
DA:1231,1
DA:1232,1
DA:1233,1
DA:1236,1
DA:1237,1
DA:1238,1
DA:1239,1
DA:1240,1
DA:1241,1
DA:1242,1
DA:1243,1
DA:1244,1
DA:1247,15
DA:1248,15
DA:1249,15
DA:1250,15
DA:1251,15
DA:1252,15
DA:1253,15
DA:1254,15
DA:1255,15
DA:1258,1
DA:1259,1
DA:1260,1
DA:1261,1
DA:1262,1
DA:1263,1
DA:1264,1
DA:1265,1
DA:1266,1
DA:1269,1
DA:1270,1
DA:1271,1
DA:1272,1
DA:1273,1
DA:1274,1
DA:1275,1
DA:1276,1
DA:1277,1
DA:1280,1
DA:1281,1
DA:1282,1
DA:1283,1
DA:1284,1
DA:1285,1
DA:1286,1
DA:1287,1
DA:1288,1
DA:1292,1
DA:1293,1
DA:1294,1
DA:1295,1
DA:1296,1
DA:1297,1
DA:1298,1
DA:1299,1
DA:1300,1
DA:1303,1
DA:1304,1
DA:1305,1
DA:1306,1
DA:1307,1
DA:1308,1
DA:1309,1
DA:1310,1
DA:1311,1
DA:1316,169
DA:1317,169
BRDA:1222,25,0,58
BRDA:1222,33,0,28
BRDA:1222,41,0,27
BRDA:1222,33,1,30
BRDA:1222,67,0,29
BRDA:1222,25,1,111
BRDA:1222,96,0,18
BRDA:1222,104,0,3
BRDA:1222,96,1,93
BRDA:1222,127,0,92
BRDA:1222,54,1,1
BRDA:1222,114,1,1
BRDA:1222,104,1,15
BRDA:1222,127,1,1
BRDA:1222,80,1,1
BRDA:1222,41,1,1
BRDA:1222,137,1,1
BRDA:1222,67,1,1
BRDA:1222,158,1,1
BRDA:1222,179,1,1
BRDA:1222,200,1,15
BRDA:1222,221,1,1
BRDA:1222,242,1,1
BRDA:1222,263,1,1
BRDA:1222,284,1,1
BRDA:1222,305,1,1
BRDA:1222,54,0,169
BRDA:1222,80,0,169
BRDA:1222,114,0,169
BRDA:1222,137,0,169
BRDA:1222,158,0,169
BRDA:1222,179,0,169
BRDA:1222,200,0,169
BRDA:1222,221,0,169
BRDA:1222,242,0,169
BRDA:1222,263,0,169
BRDA:1222,284,0,169
BRDA:1222,305,0,169
FN:1319,System.Boolean EquationSolver.DecimalExpressionSolver::Literal_MultiFunctions(System.String,System.Decimal&)
FNDA:147,System.Boolean EquationSolver.DecimalExpressionSolver::Literal_MultiFunctions(System.String,System.Decimal&)
DA:1320,147
DA:1321,147
DA:1323,147
DA:1326,1
DA:1327,1
DA:1328,1
DA:1329,1
DA:1330,1
DA:1331,1
DA:1332,1
DA:1333,1
DA:1334,1
DA:1337,5
DA:1338,5
DA:1339,5
DA:1340,5
DA:1341,5
DA:1343,5
DA:1344,8
DA:1345,8
DA:1346,8
DA:1347,8
DA:1349,8
DA:1351,8
DA:1352,5
DA:1353,3
DA:1354,3
DA:1356,5
DA:1357,5
DA:1358,5
DA:1361,2
DA:1362,2
DA:1363,2
DA:1364,2
DA:1365,2
DA:1367,2
DA:1369,5
DA:1370,5
DA:1371,5
DA:1373,5
DA:1375,5
DA:1377,5
DA:1378,2
DA:1379,3
DA:1380,3
DA:1382,2
DA:1384,2
DA:1385,2
DA:1388,1
DA:1389,1
DA:1390,1
DA:1391,1
DA:1392,1
DA:1393,1
DA:1394,1
DA:1395,1
DA:1396,1
DA:1397,1
DA:1398,1
DA:1399,1
DA:1402,1
DA:1403,1
DA:1404,1
DA:1405,1
DA:1406,4
DA:1407,4
DA:1408,4
DA:1409,4
DA:1410,4
DA:1411,4
DA:1412,1
DA:1413,3
DA:1414,3
DA:1415,1
DA:1416,1
DA:1417,1
DA:1420,1
DA:1421,1
DA:1422,1
DA:1423,1
DA:1424,1
DA:1425,4
DA:1426,4
DA:1427,4
DA:1428,4
DA:1429,4
DA:1430,4
DA:1431,4
DA:1432,1
DA:1433,3
DA:1434,3
DA:1435,1
DA:1436,1
DA:1437,1
DA:1442,147
DA:1443,147
BRDA:1323,23,0,146
BRDA:1323,36,0,141
BRDA:1323,52,0,139
BRDA:1323,68,0,138
BRDA:1323,84,0,137
BRDA:1323,23,1,1
BRDA:1323,36,1,5
BRDA:1349,243,0,8
BRDA:1349,243,1,0
BRDA:1351,269,1,3
BRDA:1351,269,0,5
BRDA:1323,52,1,2
BRDA:1375,369,0,3
BRDA:1375,369,1,2
BRDA:1377,395,1,3
BRDA:1377,395,0,2
BRDA:1323,68,1,1
BRDA:1323,84,1,1
BRDA:1411,589,1,3
BRDA:1411,589,0,1
BRDA:1323,100,1,1
BRDA:1431,705,1,3
BRDA:1431,705,0,1
BRDA:1323,100,0,147
FN:1445,System.Boolean EquationSolver.DecimalExpressionSolver::Literal_UserFunction(System.String,System.Decimal&)
FNDA:125,System.Boolean EquationSolver.DecimalExpressionSolver::Literal_UserFunction(System.String,System.Decimal&)
DA:1446,125
DA:1447,125
DA:1449,223
DA:1450,125
DA:1451,12
DA:1452,12
DA:1453,12
DA:1455,12
DA:1456,12
DA:1457,96
DA:1458,36
DA:1459,36
DA:1461,36
DA:1462,36
DA:1464,12
DA:1466,12
DA:1467,12
DA:1469,36
DA:1470,36
DA:1471,36
DA:1472,36
DA:1473,36
DA:1475,36
DA:1476,12
DA:1477,24
DA:1478,24
DA:1479,24
DA:1482,12
DA:1483,12
DA:1484,12
DA:1486,125
DA:1487,125
BRDA:1450,46,0,12
BRDA:1457,178,1,36
BRDA:1457,178,0,12
BRDA:1475,254,1,24
BRDA:1475,254,0,12
BRDA:1450,46,1,125
FN:1489,System.Boolean EquationSolver.DecimalExpressionSolver::Literal_VariableTableFunctions(System.String,System.Decimal&)
FNDA:126,System.Boolean EquationSolver.DecimalExpressionSolver::Literal_VariableTableFunctions(System.String,System.Decimal&)
DA:1490,126
DA:1491,126
DA:1493,126
DA:1496,0
DA:1497,0
DA:1498,0
DA:1499,0
DA:1500,0
DA:1501,0
DA:1502,0
DA:1503,0
DA:1505,0
DA:1506,0
DA:1509,126
DA:1510,0
DA:1511,0
DA:1512,0
DA:1513,0
DA:1514,0
DA:1515,0
DA:1517,0
DA:1518,0
DA:1521,0
DA:1522,0
DA:1523,0
DA:1524,0
DA:1526,0
DA:1528,0
DA:1529,0
DA:1531,0
DA:1532,0
DA:1533,0
DA:1535,0
DA:1536,0
DA:1538,126
DA:1539,126
BRDA:1493,27,1,0
BRDA:1493,27,0,126
BRDA:1509,122,0,0
BRDA:1521,201,0,0
BRDA:1521,201,1,0
BRDA:1509,122,1,126
FN:1541,System.Boolean EquationSolver.DecimalExpressionSolver::Literal_LookupTable(System.String,System.Decimal&)
FNDA:126,System.Boolean EquationSolver.DecimalExpressionSolver::Literal_LookupTable(System.String,System.Decimal&)
DA:1542,126
DA:1543,126
DA:1545,126
DA:1546,1
DA:1547,1
DA:1548,1
DA:1549,1
DA:1550,1
DA:1551,1
DA:1552,1
DA:1553,1
DA:1555,1
DA:1557,1
DA:1559,4
DA:1560,4
DA:1561,4
DA:1562,4
DA:1563,4
DA:1564,1
DA:1565,1
DA:1566,1
DA:1568,3
DA:1569,0
DA:1570,0
DA:1571,0
DA:1573,3
DA:1574,3
DA:1575,1
DA:1577,2
DA:1578,3
DA:1579,3
DA:1581,1
DA:1582,1
DA:1583,1
DA:1584,1
DA:1585,1
DA:1587,1
DA:1588,1
DA:1589,126
DA:1590,126
BRDA:1545,21,0,1
BRDA:1563,142,0,1
BRDA:1563,142,1,3
BRDA:1568,178,0,0
BRDA:1568,178,1,3
BRDA:1574,221,0,1
BRDA:1574,221,1,2
BRDA:1582,299,0,1
BRDA:1582,299,1,1
BRDA:1545,21,1,126
FN:1594,System.Void EquationSolver.DecimalExpressionSolver::Parse()
FNDA:1146,System.Void EquationSolver.DecimalExpressionSolver::Parse()
DA:1595,1146
DA:1597,1146
DA:1598,1146
DA:1599,1146
DA:1600,1146
DA:1601,1146
DA:1602,1146
DA:1603,105
DA:1605,1410
DA:1606,369
DA:1608,1041
DA:1609,494
DA:1610,494
DA:1611,0
DA:1612,0
DA:1613,0
DA:1615,494
DA:1616,494
DA:1617,494
DA:1618,494
DA:1619,494
DA:1620,494
DA:1621,547
DA:1622,285
DA:1623,285
DA:1624,639
DA:1625,421
DA:1626,421
DA:1627,421
DA:1628,421
DA:1629,67
DA:1630,67
DA:1632,354
DA:1633,285
DA:1634,262
DA:1635,262
DA:1636,262
DA:1637,1249
DA:1638,1100
DA:1639,1100
DA:1640,24
DA:1641,24
DA:1643,1076
DA:1644,987
DA:1645,987
DA:1646,987
DA:1647,987
DA:1649,89
DA:1650,89
DA:1653,987
DA:1654,262
DA:1655,1041
DA:1656,1041
DA:1657,1041
DA:1658,1041
DA:1659,0
DA:1660,0
DA:1661,0
DA:1662,0
DA:1663,1146
BRDA:1599,28,0,1146
BRDA:1602,59,0,105
BRDA:1605,108,1,369
BRDA:1602,59,1,1410
BRDA:1605,108,0,1041
BRDA:1608,133,0,494
BRDA:1610,142,0,0
BRDA:1610,142,1,494
BRDA:1610,170,0,0
BRDA:1610,170,1,494
BRDA:1608,133,1,547
BRDA:1621,260,0,285
BRDA:1624,360,1,421
BRDA:1628,331,0,67
BRDA:1628,331,1,354
BRDA:1624,360,0,285
BRDA:1621,260,1,262
BRDA:1634,391,0,262
BRDA:1637,528,1,1100
BRDA:1639,431,0,24
BRDA:1639,431,1,1076
BRDA:1643,458,0,987
BRDA:1643,458,1,89
BRDA:1637,528,0,262
BRDA:1634,391,1,1041
BRDA:1599,28,1,1041
FN:1668,System.Void EquationSolver.DecimalExpressionSolver::RaiseExceptionOccurred(System.String,System.Exception)
FNDA:1,System.Void EquationSolver.DecimalExpressionSolver::RaiseExceptionOccurred(System.String,System.Exception)
DA:1669,1
DA:1670,1
DA:1671,0
DA:1672,0
DA:1673,0
DA:1674,0
DA:1675,0
DA:1676,1
BRDA:1670,12,0,0
BRDA:1670,12,1,1
FN:1678,System.Void EquationSolver.DecimalExpressionSolver::RaiseVariableNotFoundOccurred(System.String)
FNDA:1,System.Void EquationSolver.DecimalExpressionSolver::RaiseVariableNotFoundOccurred(System.String)
DA:1679,1
DA:1680,1
DA:1681,0
DA:1682,0
DA:1683,0
DA:1684,0
DA:1685,0
DA:1686,1
BRDA:1680,12,0,0
BRDA:1680,12,1,1
FN:37,System.Void EquationSolver.DecimalExpressionSolver::.ctor()
FNDA:58,System.Void EquationSolver.DecimalExpressionSolver::.ctor()
DA:38,58
DA:39,58
DA:46,58
DA:204,58
DA:205,58
DA:206,58
DA:207,58
DA:208,58
DA:209,58
LF:1160
LH:909
BRF:442
BRH:366
FNF:46
FNH:38
end_of_record
SF:/workspace/EquationSolvr/EquationSolver/EquationSolver/DoubleExpressionSolver.cs
FN:50,EquationSolver.ResultType EquationSolver.DoubleExpressionSolver::get_TypeOfResult()
FNDA:0,EquationSolver.ResultType EquationSolver.DoubleExpressionSolver::get_TypeOfResult()
DA:51,0
DA:52,0
DA:53,0
FN:61,System.Decimal EquationSolver.DoubleExpressionSolver::get_ResultAsDecimal()
FNDA:0,System.Decimal EquationSolver.DoubleExpressionSolver::get_ResultAsDecimal()
DA:62,0
DA:63,0
DA:64,0
DA:65,0
DA:66,0
DA:67,0
DA:70,0
DA:71,0
DA:75,0
DA:76,0
DA:78,0
BRDA:63,12,0,0
BRDA:65,23,0,0
BRDA:65,23,1,0
BRDA:63,12,1,0
FN:86,System.Double EquationSolver.DoubleExpressionSolver::get_ResultAsDouble()
FNDA:0,System.Double EquationSolver.DoubleExpressionSolver::get_ResultAsDouble()
DA:87,0
DA:88,0
DA:89,0
DA:90,0
DA:91,0
DA:92,0
DA:95,0
DA:96,0
DA:100,0
DA:101,0
DA:103,0
BRDA:88,12,0,0
BRDA:90,23,0,0
BRDA:90,23,1,0
BRDA:88,12,1,0
FN:111,System.Boolean EquationSolver.DoubleExpressionSolver::get_BoolResult()
FNDA:20,System.Boolean EquationSolver.DoubleExpressionSolver::get_BoolResult()
DA:112,20
DA:113,20
DA:114,0
DA:115,0
DA:117,20
DA:118,0
DA:119,0
DA:120,0
DA:121,0
DA:124,0
DA:125,0
DA:128,20
DA:129,20
DA:130,20
DA:131,0
DA:132,0
DA:135,20
DA:136,20
DA:140,0
DA:141,0
DA:143,20
BRDA:113,12,0,0
BRDA:113,12,1,20
BRDA:117,35,0,0
BRDA:119,57,0,0
BRDA:119,57,1,0
BRDA:117,35,1,20
BRDA:128,82,0,20
BRDA:130,91,0,20
BRDA:130,91,1,0
BRDA:130,119,0,0
BRDA:130,119,1,20
BRDA:128,82,1,0
FN:152,System.String EquationSolver.DoubleExpressionSolver::get_StringResult()
FNDA:30,System.String EquationSolver.DoubleExpressionSolver::get_StringResult()
DA:153,30
DA:154,30
DA:155,0
DA:156,0
DA:158,30
DA:159,30
DA:160,30
DA:162,0
DA:163,0
DA:164,0
DA:167,0
DA:168,0
DA:170,30
BRDA:154,12,0,0
BRDA:154,12,1,30
BRDA:158,40,0,30
BRDA:158,40,1,0
BRDA:162,78,0,0
BRDA:162,78,1,0
FN:175,System.Collections.Generic.List`1<EquationSolver.Dto.Function> EquationSolver.DoubleExpressionSolver::get_Functions()
FNDA:21,System.Collections.Generic.List`1<EquationSolver.Dto.Function> EquationSolver.DoubleExpressionSolver::get_Functions()
DA:176,21
DA:177,21
DA:178,21
DA:179,21
BRDA:177,9,0,1
BRDA:177,9,1,21
FN:179,System.Void EquationSolver.DoubleExpressionSolver::set_Functions(System.Collections.Generic.List`1<EquationSolver.Dto.Function>)
FNDA:0,System.Void EquationSolver.DoubleExpressionSolver::set_Functions(System.Collections.Generic.List`1<EquationSolver.Dto.Function>)
DA:180,0
FN:202,System.Boolean EquationSolver.DoubleExpressionSolver::IsWhite(System.Char)
FNDA:110,System.Boolean EquationSolver.DoubleExpressionSolver::IsWhite(System.Char)
DA:203,110
DA:204,110
DA:205,20
DA:206,20
DA:209,90
DA:210,90
DA:212,110
BRDA:204,4,0,90
BRDA:204,4,1,20
BRDA:204,16,0,20
BRDA:204,16,1,90
FN:214,System.Boolean EquationSolver.DoubleExpressionSolver::IsNumeric(System.Char)
FNDA:80,System.Boolean EquationSolver.DoubleExpressionSolver::IsNumeric(System.Char)
DA:215,80
DA:216,80
DA:217,20
DA:218,20
DA:221,60
DA:222,60
DA:224,80
BRDA:216,4,0,80
BRDA:216,4,1,60
BRDA:216,9,0,60
BRDA:216,9,1,20
BRDA:216,21,0,20
BRDA:216,21,1,60
FN:226,System.Boolean EquationSolver.DoubleExpressionSolver::IsAlpha(System.Char)
FNDA:280,System.Boolean EquationSolver.DoubleExpressionSolver::IsAlpha(System.Char)
DA:227,280
DA:228,280
DA:229,250
DA:230,250
DA:233,30
DA:234,30
DA:236,280
BRDA:228,4,0,250
BRDA:228,4,1,30
BRDA:228,9,0,30
BRDA:228,14,0,0
BRDA:228,14,1,30
BRDA:228,19,0,30
BRDA:228,24,0,0
BRDA:228,24,1,30
BRDA:228,29,0,30
BRDA:228,34,0,30
BRDA:228,39,0,30
BRDA:228,9,1,250
BRDA:228,19,1,250
BRDA:228,29,1,250
BRDA:228,34,1,250
BRDA:228,39,1,250
BRDA:228,51,0,250
BRDA:228,51,1,30
FN:238,System.Boolean EquationSolver.DoubleExpressionSolver::IsMinus(System.Char)
FNDA:0,System.Boolean EquationSolver.DoubleExpressionSolver::IsMinus(System.Char)
DA:239,0
DA:240,0
DA:241,0
DA:242,0
DA:245,0
DA:246,0
DA:248,0
BRDA:240,8,0,0
BRDA:240,8,1,0
FN:250,System.Boolean EquationSolver.DoubleExpressionSolver::IsDelimiter(System.Char)
FNDA:290,System.Boolean EquationSolver.DoubleExpressionSolver::IsDelimiter(System.Char)
DA:251,290
DA:252,290
DA:253,290
DA:254,290
DA:255,30
DA:256,30
DA:259,260
DA:260,260
DA:262,290
BRDA:252,4,0,280
BRDA:252,9,0,280
BRDA:252,14,0,280
BRDA:252,19,0,280
BRDA:252,24,0,280
BRDA:252,29,0,280
BRDA:252,34,0,270
BRDA:252,39,0,260
BRDA:252,44,0,260
BRDA:252,4,1,30
BRDA:252,9,1,30
BRDA:252,14,1,30
BRDA:252,19,1,30
BRDA:252,24,1,30
BRDA:252,29,1,30
BRDA:252,34,1,30
BRDA:252,39,1,30
BRDA:252,44,1,30
BRDA:252,56,0,30
BRDA:252,56,1,260
FN:264,System.Boolean EquationSolver.DoubleExpressionSolver::IsComparator(System.Char)
FNDA:0,System.Boolean EquationSolver.DoubleExpressionSolver::IsComparator(System.Char)
DA:265,0
DA:266,0
DA:267,0
DA:268,0
DA:271,0
DA:272,0
DA:274,0
BRDA:266,4,0,0
BRDA:266,9,0,0
BRDA:266,14,0,0
BRDA:266,4,1,0
BRDA:266,9,1,0
BRDA:266,14,1,0
BRDA:266,26,0,0
BRDA:266,26,1,0
FN:278,System.Double EquationSolver.DoubleExpressionSolver::ToDegrees(System.Double)
FNDA:0,System.Double EquationSolver.DoubleExpressionSolver::ToDegrees(System.Double)
DA:279,0
DA:280,0
DA:281,0
FN:282,System.Double EquationSolver.DoubleExpressionSolver::ToRadians(System.Double)
FNDA:0,System.Double EquationSolver.DoubleExpressionSolver::ToRadians(System.Double)
DA:283,0
DA:284,0
DA:285,0
FN:289,System.Void EquationSolver.DoubleExpressionSolver::SolveForX(System.String,EquationSolver.VariableProvider,System.String)
FNDA:0,System.Void EquationSolver.DoubleExpressionSolver::SolveForX(System.String,EquationSolver.VariableProvider,System.String)
DA:290,0
DA:292,0
FN:298,System.Void EquationSolver.DoubleExpressionSolver::Resolve(System.String,EquationSolver.VariableProvider)
FNDA:40,System.Void EquationSolver.DoubleExpressionSolver::Resolve(System.String,EquationSolver.VariableProvider)
DA:299,40
DA:300,40
DA:302,40
DA:303,40
DA:304,40
DA:305,40
DA:306,40
DA:308,40
DA:309,40
DA:310,40
DA:311,40
DA:313,40
DA:314,40
DA:316,40
DA:318,40
DA:319,0
DA:320,0
DA:321,0
DA:322,40
DA:323,20
DA:324,20
DA:325,20
DA:327,20
DA:329,20
DA:330,0
DA:331,0
DA:332,0
DA:334,20
DA:335,20
DA:336,20
DA:337,20
DA:339,40
DA:340,40
BRDA:318,220,0,40
BRDA:318,220,1,0
BRDA:318,234,0,0
BRDA:318,234,1,40
BRDA:322,256,0,20
BRDA:322,256,1,20
BRDA:329,282,0,0
BRDA:329,282,1,20
FN:342,System.Void EquationSolver.DoubleExpressionSolver::Evaluate(System.String)
FNDA:40,System.Void EquationSolver.DoubleExpressionSolver::Evaluate(System.String)
DA:343,40
DA:345,40
DA:346,40
DA:347,40
DA:348,40
DA:350,40
DA:352,40
DA:353,20
DA:354,20
DA:355,20
DA:356,20
DA:357,20
DA:358,0
DA:359,0
DA:360,0
DA:361,0
DA:362,0
DA:363,0
DA:365,20
DA:366,20
DA:367,20
DA:368,20
DA:369,20
DA:370,20
DA:371,20
DA:372,20
DA:373,0
DA:374,0
DA:375,0
DA:376,0
DA:377,0
DA:378,0
DA:379,0
DA:381,0
DA:382,0
DA:383,0
DA:384,0
DA:386,20
DA:387,20
DA:388,20
DA:389,20
DA:390,20
DA:391,20
DA:392,20
DA:394,0
DA:395,0
DA:396,0
DA:397,20
DA:398,20
DA:400,0
DA:401,0
DA:402,0
DA:403,0
DA:404,0
DA:405,0
DA:406,0
DA:407,0
DA:409,0
DA:410,0
DA:411,0
DA:412,0
DA:413,0
DA:414,0
DA:415,0
DA:416,20
DA:417,20
DA:418,0
DA:420,0
DA:421,0
DA:422,0
DA:423,0
DA:424,0
DA:425,0
DA:427,0
DA:428,0
DA:429,0
DA:430,0
DA:431,0
DA:432,20
DA:433,0
DA:435,0
DA:436,0
DA:437,0
DA:438,0
DA:439,0
DA:440,0
DA:442,0
DA:443,0
DA:444,0
DA:445,0
DA:446,0
DA:448,20
DA:449,20
DA:450,20
DA:451,20
DA:453,20
DA:454,0
DA:455,0
DA:457,20
DA:458,40
DA:459,20
DA:460,20
DA:461,20
DA:462,20
DA:463,20
DA:464,20
DA:465,40
DA:466,0
DA:467,0
DA:468,0
DA:469,0
DA:470,40
BRDA:352,46,0,20
BRDA:357,85,0,0
BRDA:357,85,1,20
BRDA:368,163,0,20
BRDA:372,195,0,0
BRDA:372,195,1,20
BRDA:372,210,0,0
BRDA:375,243,0,0
BRDA:375,243,1,0
BRDA:376,277,0,0
BRDA:376,277,1,0
BRDA:372,210,1,20
BRDA:389,343,0,20
BRDA:389,343,1,0
BRDA:368,163,1,0
BRDA:401,383,0,0
BRDA:401,383,1,0
BRDA:352,46,1,20
BRDA:417,495,0,0
BRDA:421,516,0,0
BRDA:421,516,1,0
BRDA:417,495,1,20
BRDA:432,585,0,0
BRDA:436,606,0,0
BRDA:436,606,1,0
BRDA:432,585,1,20
BRDA:453,713,0,0
BRDA:453,713,1,20
BRDA:458,766,1,20
BRDA:458,766,0,20
FN:472,System.Boolean EquationSolver.DoubleExpressionSolver::IsOperator(System.Char)
FNDA:0,System.Boolean EquationSolver.DoubleExpressionSolver::IsOperator(System.Char)
DA:473,0
DA:474,0
DA:475,0
DA:476,0
DA:477,0
DA:478,0
DA:479,0
DA:480,0
DA:481,0
DA:482,0
DA:484,0
DA:485,0
DA:486,0
BRDA:477,123,1,0
BRDA:479,104,0,0
BRDA:479,104,1,0
BRDA:477,123,0,0
FN:492,System.Boolean EquationSolver.DoubleExpressionSolver::Compare(System.String)
FNDA:0,System.Boolean EquationSolver.DoubleExpressionSolver::Compare(System.String)
DA:493,0
DA:495,0
DA:496,0
DA:497,0
DA:498,0
DA:499,0
DA:500,0
DA:502,0
DA:503,0
DA:505,0
DA:506,0
DA:508,0
DA:509,0
DA:510,0
DA:513,0
DA:514,0
DA:517,0
DA:518,0
DA:519,0
DA:520,0
DA:521,0
DA:523,0
DA:524,0
DA:526,0
DA:527,0
DA:529,0
DA:530,0
DA:531,0
DA:534,0
DA:535,0
DA:538,0
DA:539,0
DA:540,0
DA:541,0
DA:542,0
DA:544,0
DA:545,0
DA:546,0
DA:547,0
DA:549,0
DA:550,0
DA:551,0
DA:552,0
DA:555,0
DA:556,0
DA:560,0
DA:561,0
DA:562,0
DA:564,0
DA:565,0
DA:567,0
DA:568,0
DA:569,0
DA:572,0
DA:573,0
DA:577,0
DA:578,0
DA:579,0
DA:580,0
DA:581,0
DA:583,0
DA:584,0
DA:586,0
DA:587,0
DA:589,0
DA:590,0
DA:591,0
DA:594,0
DA:595,0
DA:598,0
DA:599,0
DA:600,0
DA:601,0
DA:602,0
DA:604,0
DA:605,0
DA:607,0
DA:608,0
DA:610,0
DA:611,0
DA:612,0
DA:615,0
DA:616,0
DA:619,0
DA:620,0
DA:621,0
DA:622,0
DA:623,0
DA:624,0
DA:625,0
DA:626,0
DA:629,0
DA:631,0
DA:632,0
DA:633,0
DA:635,0
DA:636,0
DA:637,0
DA:638,0
DA:641,0
DA:642,0
DA:645,0
DA:646,0
DA:647,0
DA:648,0
DA:649,0
DA:650,0
DA:651,0
DA:654,0
DA:655,0
DA:659,0
DA:660,0
DA:661,0
DA:662,0
DA:664,0
DA:666,0
DA:667,0
DA:668,0
DA:669,0
DA:670,0
DA:671,0
DA:672,0
DA:675,0
DA:676,0
DA:680,0
DA:681,0
DA:682,0
DA:684,0
DA:685,0
DA:686,0
DA:689,0
DA:690,0
DA:694,0
DA:696,0
DA:697,0
DA:698,0
DA:699,0
DA:700,0
DA:701,0
DA:702,0
DA:704,0
DA:706,0
DA:708,0
DA:709,0
DA:710,0
DA:713,0
DA:714,0
DA:717,0
DA:718,0
DA:720,0
DA:721,0
DA:722,0
DA:723,0
DA:725,0
BRDA:496,18,0,0
BRDA:508,97,0,0
BRDA:508,97,1,0
BRDA:496,18,1,0
BRDA:517,135,0,0
BRDA:529,221,0,0
BRDA:529,221,1,0
BRDA:517,135,1,0
BRDA:538,259,0,0
BRDA:544,320,0,0
BRDA:550,387,0,0
BRDA:550,387,1,0
BRDA:544,320,1,0
BRDA:567,455,0,0
BRDA:567,455,1,0
BRDA:538,259,1,0
BRDA:577,493,0,0
BRDA:589,576,0,0
BRDA:589,576,1,0
BRDA:577,493,1,0
BRDA:598,614,0,0
BRDA:610,707,0,0
BRDA:610,707,1,0
BRDA:598,614,1,0
BRDA:619,745,0,0
BRDA:624,813,0,0
BRDA:624,813,1,0
BRDA:631,863,0,0
BRDA:636,915,0,0
BRDA:636,915,1,0
BRDA:631,863,1,0
BRDA:645,948,0,0
BRDA:647,960,0,0
BRDA:649,978,0,0
BRDA:649,978,1,0
BRDA:647,960,1,0
BRDA:645,948,1,0
BRDA:668,1040,0,0
BRDA:670,1064,0,0
BRDA:670,1064,1,0
BRDA:668,1040,1,0
BRDA:684,1112,0,0
BRDA:684,1112,1,0
BRDA:619,745,1,0
BRDA:698,1161,0,0
BRDA:700,1178,0,0
BRDA:700,1178,1,0
BRDA:698,1161,1,0
BRDA:708,1213,0,0
BRDA:708,1213,1,0
FN:727,System.Boolean EquationSolver.DoubleExpressionSolver::HasOperator(System.String)
FNDA:80,System.Boolean EquationSolver.DoubleExpressionSolver::HasOperator(System.String)
DA:728,80
DA:729,80
DA:731,80
DA:732,80
DA:733,80
DA:734,80
DA:735,80
DA:736,80
DA:737,80
DA:738,80
DA:739,80
DA:740,80
DA:741,80
DA:742,80
DA:743,40
DA:744,40
DA:745,40
DA:747,40
DA:748,40
DA:749,40
DA:750,80
DA:751,0
DA:752,0
DA:753,0
DA:755,80
DA:756,80
BRDA:732,16,0,80
BRDA:732,33,0,80
BRDA:732,50,0,80
BRDA:732,64,0,80
BRDA:732,78,0,80
BRDA:732,92,0,60
BRDA:732,106,0,60
BRDA:732,120,0,60
BRDA:732,134,0,60
BRDA:732,148,0,40
BRDA:732,16,1,40
BRDA:732,33,1,40
BRDA:732,50,1,40
BRDA:732,64,1,40
BRDA:732,78,1,40
BRDA:732,92,1,40
BRDA:732,106,1,40
BRDA:732,120,1,40
BRDA:732,134,1,40
BRDA:732,148,1,40
BRDA:732,169,0,40
BRDA:732,169,1,40
FN:758,System.Boolean EquationSolver.DoubleExpressionSolver::IsCompoundComparison(System.String)
FNDA:60,System.Boolean EquationSolver.DoubleExpressionSolver::IsCompoundComparison(System.String)
DA:759,60
DA:761,60
DA:762,60
DA:763,0
DA:764,0
DA:767,60
DA:768,60
DA:771,0
DA:772,0
DA:773,0
DA:775,60
BRDA:762,14,0,60
BRDA:762,14,1,0
BRDA:762,35,0,0
BRDA:762,35,1,60
FN:777,System.Boolean EquationSolver.DoubleExpressionSolver::ProcessComparison(System.String)
FNDA:0,System.Boolean EquationSolver.DoubleExpressionSolver::ProcessComparison(System.String)
DA:778,0
DA:780,0
DA:781,0
DA:783,0
DA:785,0
DA:786,0
DA:788,0
DA:789,0
DA:791,0
DA:792,0
DA:793,0
DA:794,0
DA:795,0
DA:796,0
DA:797,0
DA:798,0
DA:799,0
DA:800,0
DA:801,0
DA:802,0
DA:804,0
DA:805,0
DA:807,0
DA:808,0
DA:809,0
DA:810,0
DA:811,0
DA:812,0
DA:813,0
DA:814,0
DA:815,0
DA:817,0
DA:818,0
DA:820,0
DA:822,0
DA:823,0
DA:824,0
DA:826,0
BRDA:791,69,0,0
BRDA:794,128,1,0
BRDA:798,102,0,0
BRDA:798,102,1,0
BRDA:794,128,0,0
BRDA:791,69,1,0
BRDA:807,145,0,0
BRDA:809,202,1,0
BRDA:813,178,0,0
BRDA:813,178,1,0
BRDA:809,202,0,0
BRDA:807,145,1,0
FN:828,System.Int32 EquationSolver.DoubleExpressionSolver::AndOrLocate(System.String,System.Int32)
FNDA:0,System.Int32 EquationSolver.DoubleExpressionSolver::AndOrLocate(System.String,System.Int32)
DA:829,0
DA:831,0
DA:832,0
DA:833,0
DA:835,0
DA:836,0
DA:837,0
DA:839,0
FN:841,System.Boolean EquationSolver.DoubleExpressionSolver::IsComparison(System.String)
FNDA:60,System.Boolean EquationSolver.DoubleExpressionSolver::IsComparison(System.String)
DA:842,60
DA:844,60
DA:846,60
DA:847,0
DA:848,0
DA:850,60
DA:851,0
DA:852,0
DA:854,60
DA:855,0
DA:856,0
DA:858,60
DA:859,0
DA:860,0
DA:862,60
DA:863,0
DA:864,0
DA:867,60
DA:868,60
DA:871,0
DA:872,0
DA:873,0
DA:875,60
BRDA:846,18,0,0
BRDA:846,18,1,60
BRDA:850,41,0,0
BRDA:850,41,1,60
BRDA:854,64,0,0
BRDA:854,64,1,60
BRDA:858,89,0,0
BRDA:858,89,1,60
BRDA:862,114,0,0
BRDA:862,114,1,60
FN:877,System.Void EquationSolver.DoubleExpressionSolver::Assignment(System.Double&)
FNDA:30,System.Void EquationSolver.DoubleExpressionSolver::Assignment(System.Double&)
DA:878,30
DA:880,30
DA:881,30
DA:882,30
DA:883,0
DA:884,0
DA:885,0
DA:886,0
DA:887,30
FN:889,System.Void EquationSolver.DoubleExpressionSolver::AddOrSubtract(System.Double&)
FNDA:30,System.Void EquationSolver.DoubleExpressionSolver::AddOrSubtract(System.Double&)
DA:890,30
DA:892,30
DA:894,30
DA:896,30
DA:897,40
DA:898,10
DA:899,10
DA:900,10
DA:901,10
DA:902,10
DA:903,0
DA:904,0
DA:905,10
DA:906,30
DA:907,0
DA:908,0
DA:909,0
DA:910,0
DA:911,30
BRDA:897,98,1,10
BRDA:901,46,0,10
BRDA:901,46,1,0
BRDA:903,63,0,0
BRDA:903,63,1,10
BRDA:897,84,0,30
BRDA:897,84,1,10
BRDA:897,98,0,30
FN:913,System.Void EquationSolver.DoubleExpressionSolver::MultiplyDivideOrMod(System.Double&)
FNDA:40,System.Void EquationSolver.DoubleExpressionSolver::MultiplyDivideOrMod(System.Double&)
DA:914,40
DA:916,40
DA:918,40
DA:920,40
DA:921,40
DA:922,0
DA:923,0
DA:924,0
DA:925,0
DA:926,0
DA:927,0
DA:928,0
DA:929,0
DA:930,0
DA:931,0
DA:932,0
DA:933,0
DA:934,0
DA:935,0
DA:936,40
DA:937,0
DA:938,0
DA:939,0
DA:940,0
DA:941,40
BRDA:921,126,1,0
BRDA:925,46,0,0
BRDA:925,46,1,0
BRDA:927,63,0,0
BRDA:927,63,1,0
BRDA:931,84,0,0
BRDA:931,84,1,0
BRDA:921,107,0,40
BRDA:921,112,0,40
BRDA:921,107,1,0
BRDA:921,112,1,0
BRDA:921,126,0,40
FN:943,System.Void EquationSolver.DoubleExpressionSolver::PowerUp(System.Double&)
FNDA:40,System.Void EquationSolver.DoubleExpressionSolver::PowerUp(System.Double&)
DA:944,40
DA:946,40
DA:947,40
DA:949,40
DA:950,40
DA:951,0
DA:952,0
DA:953,0
DA:954,0
DA:955,0
DA:956,0
DA:957,0
DA:958,40
DA:959,0
DA:960,0
DA:961,0
DA:962,0
DA:963,40
BRDA:950,34,0,0
BRDA:950,34,1,40
FN:965,System.Void EquationSolver.DoubleExpressionSolver::PlusOrMinus(System.Double&)
FNDA:40,System.Void EquationSolver.DoubleExpressionSolver::PlusOrMinus(System.Double&)
DA:966,40
DA:968,40
DA:969,40
DA:971,40
DA:972,0
DA:973,0
DA:974,0
DA:975,0
DA:976,40
DA:977,40
DA:978,0
DA:979,0
DA:980,0
DA:981,40
DA:982,0
DA:983,0
DA:984,0
DA:985,0
DA:986,40
BRDA:971,15,0,40
BRDA:971,15,1,0
BRDA:971,34,0,0
BRDA:971,34,1,40
BRDA:977,69,0,0
BRDA:977,69,1,40
FN:988,System.Void EquationSolver.DoubleExpressionSolver::Literal(System.Double&)
FNDA:40,System.Void EquationSolver.DoubleExpressionSolver::Literal(System.Double&)
DA:989,40
DA:991,40
DA:992,40
DA:993,0
DA:994,0
DA:995,0
DA:996,0
DA:997,0
DA:999,40
DA:1000,40
DA:1001,10
DA:1002,10
DA:1003,10
DA:1004,10
DA:1005,10
DA:1006,30
DA:1007,30
DA:1008,30
DA:1010,30
DA:1011,0
DA:1012,0
DA:1013,0
DA:1016,30
DA:1017,0
DA:1018,0
DA:1019,0
DA:1022,30
DA:1023,10
DA:1024,10
DA:1025,10
DA:1028,20
DA:1029,0
DA:1030,0
DA:1031,0
DA:1034,20
DA:1035,0
DA:1036,0
DA:1039,20
DA:1040,0
DA:1041,0
DA:1042,0
DA:1045,20
DA:1047,20
DA:1048,20
DA:1049,20
DA:1050,20
DA:1051,20
DA:1052,20
DA:1054,0
DA:1055,0
DA:1056,0
DA:1057,0
DA:1058,20
DA:1059,20
DA:1060,20
DA:1063,0
DA:1064,10
DA:1065,10
DA:1066,0
DA:1067,0
DA:1068,0
DA:1069,0
DA:1070,40
BRDA:992,16,0,0
BRDA:992,16,1,40
BRDA:1000,59,0,10
BRDA:1000,59,1,30
BRDA:1006,111,0,30
BRDA:1010,143,0,0
BRDA:1010,143,1,30
BRDA:1016,171,0,0
BRDA:1016,171,1,30
BRDA:1022,199,0,10
BRDA:1022,199,1,20
BRDA:1028,227,0,0
BRDA:1028,227,1,20
BRDA:1034,255,0,0
BRDA:1034,255,1,20
BRDA:1039,276,0,0
BRDA:1039,276,1,20
BRDA:1049,326,0,20
BRDA:1049,326,1,0
BRDA:1006,111,1,0
FN:1072,System.Boolean EquationSolver.DoubleExpressionSolver::Literal_TrigFunctions(System.String,System.Double&)
FNDA:30,System.Boolean EquationSolver.DoubleExpressionSolver::Literal_TrigFunctions(System.String,System.Double&)
DA:1073,30
DA:1074,30
DA:1076,30
DA:1079,5
DA:1080,5
DA:1081,5
DA:1082,5
DA:1083,5
DA:1084,5
DA:1085,5
DA:1086,5
DA:1089,5
DA:1090,5
DA:1091,5
DA:1092,5
DA:1093,5
DA:1094,5
DA:1095,5
DA:1096,5
DA:1099,0
DA:1100,0
DA:1101,0
DA:1102,0
DA:1103,0
DA:1104,0
DA:1105,0
DA:1106,0
DA:1109,0
DA:1110,0
DA:1111,0
DA:1112,0
DA:1113,0
DA:1114,0
DA:1115,0
DA:1116,0
DA:1119,0
DA:1120,0
DA:1121,0
DA:1122,0
DA:1123,0
DA:1124,0
DA:1125,0
DA:1126,0
DA:1129,0
DA:1130,0
DA:1131,0
DA:1132,0
DA:1133,0
DA:1134,0
DA:1135,0
DA:1136,0
DA:1139,0
DA:1140,0
DA:1141,0
DA:1142,0
DA:1143,0
DA:1144,0
DA:1145,0
DA:1146,0
DA:1149,0
DA:1150,0
DA:1151,0
DA:1152,0
DA:1153,0
DA:1154,0
DA:1155,0
DA:1156,0
DA:1159,0
DA:1160,0
DA:1161,0
DA:1162,0
DA:1163,0
DA:1164,0
DA:1165,0
DA:1166,0
DA:1169,0
DA:1170,0
DA:1171,0
DA:1172,0
DA:1173,0
DA:1174,0
DA:1175,0
DA:1176,0
DA:1180,30
DA:1181,30
BRDA:1076,25,0,5
BRDA:1076,33,0,0
BRDA:1076,41,0,0
BRDA:1076,33,1,5
BRDA:1076,70,0,5
BRDA:1076,83,0,5
BRDA:1076,25,1,25
BRDA:1076,112,0,20
BRDA:1076,120,0,20
BRDA:1076,112,1,5
BRDA:1076,143,0,5
BRDA:1076,156,0,0
BRDA:1076,130,1,5
BRDA:1076,156,1,5
BRDA:1076,120,1,0
BRDA:1076,166,1,0
BRDA:1076,83,1,0
BRDA:1076,41,1,0
BRDA:1076,70,1,0
BRDA:1076,143,1,0
BRDA:1076,54,1,0
BRDA:1076,96,1,0
BRDA:1076,184,1,5
BRDA:1076,205,1,5
BRDA:1076,226,1,0
BRDA:1076,247,1,0
BRDA:1076,268,1,0
BRDA:1076,289,1,0
BRDA:1076,310,1,0
BRDA:1076,331,1,0
BRDA:1076,352,1,0
BRDA:1076,373,1,0
BRDA:1076,54,0,30
BRDA:1076,96,0,30
BRDA:1076,130,0,30
BRDA:1076,166,0,30
BRDA:1076,184,0,30
BRDA:1076,205,0,30
BRDA:1076,226,0,30
BRDA:1076,247,0,30
BRDA:1076,268,0,30
BRDA:1076,289,0,30
BRDA:1076,310,0,30
BRDA:1076,331,0,30
BRDA:1076,352,0,30
BRDA:1076,373,0,30
FN:1183,System.Boolean EquationSolver.DoubleExpressionSolver::Literal_CommonFunctions(System.String,System.Double&)
FNDA:30,System.Boolean EquationSolver.DoubleExpressionSolver::Literal_CommonFunctions(System.String,System.Double&)
DA:1184,30
DA:1185,30
DA:1187,30
DA:1190,0
DA:1191,0
DA:1192,0
DA:1193,0
DA:1194,0
DA:1195,0
DA:1196,0
DA:1197,0
DA:1200,0
DA:1201,0
DA:1202,0
DA:1203,0
DA:1204,0
DA:1205,0
DA:1206,0
DA:1207,0
DA:1210,0
DA:1211,0
DA:1212,0
DA:1213,0
DA:1214,0
DA:1215,0
DA:1216,0
DA:1217,0
DA:1220,0
DA:1221,0
DA:1222,0
DA:1223,0
DA:1224,0
DA:1225,0
DA:1226,0
DA:1227,0
DA:1230,0
DA:1231,0
DA:1232,0
DA:1233,0
DA:1234,0
DA:1235,0
DA:1236,0
DA:1237,0
DA:1240,0
DA:1241,0
DA:1242,0
DA:1243,0
DA:1244,0
DA:1245,0
DA:1246,0
DA:1247,0
DA:1251,0
DA:1252,0
DA:1253,0
DA:1254,0
DA:1255,0
DA:1256,0
DA:1257,0
DA:1258,0
DA:1261,0
DA:1262,0
DA:1263,0
DA:1264,0
DA:1265,0
DA:1266,0
DA:1267,0
DA:1268,0
DA:1273,30
DA:1274,30
BRDA:1187,25,0,5
BRDA:1187,33,0,0
BRDA:1187,41,0,0
BRDA:1187,33,1,5
BRDA:1187,67,0,5
BRDA:1187,25,1,25
BRDA:1187,96,0,0
BRDA:1187,104,0,0
BRDA:1187,96,1,25
BRDA:1187,127,0,25
BRDA:1187,54,1,0
BRDA:1187,114,1,0
BRDA:1187,104,1,0
BRDA:1187,127,1,0
BRDA:1187,80,1,0
BRDA:1187,41,1,0
BRDA:1187,137,1,0
BRDA:1187,67,1,0
BRDA:1187,158,1,0
BRDA:1187,179,1,0
BRDA:1187,200,1,0
BRDA:1187,221,1,0
BRDA:1187,242,1,0
BRDA:1187,263,1,0
BRDA:1187,284,1,0
BRDA:1187,305,1,0
BRDA:1187,54,0,30
BRDA:1187,80,0,30
BRDA:1187,114,0,30
BRDA:1187,137,0,30
BRDA:1187,158,0,30
BRDA:1187,179,0,30
BRDA:1187,200,0,30
BRDA:1187,221,0,30
BRDA:1187,242,0,30
BRDA:1187,263,0,30
BRDA:1187,284,0,30
BRDA:1187,305,0,30
FN:1276,System.Boolean EquationSolver.DoubleExpressionSolver::Literal_MultiFunctions(System.String,System.Double&)
FNDA:30,System.Boolean EquationSolver.DoubleExpressionSolver::Literal_MultiFunctions(System.String,System.Double&)
DA:1277,30
DA:1278,30
DA:1280,30
DA:1283,0
DA:1284,0
DA:1285,0
DA:1286,0
DA:1287,0
DA:1288,0
DA:1289,0
DA:1290,0
DA:1291,0
DA:1294,0
DA:1295,0
DA:1296,0
DA:1297,0
DA:1298,0
DA:1300,0
DA:1301,0
DA:1302,0
DA:1303,0
DA:1305,0
DA:1307,0
DA:1309,0
DA:1310,0
DA:1311,0
DA:1312,0
DA:1314,0
DA:1315,0
DA:1316,0
DA:1319,0
DA:1320,0
DA:1321,0
DA:1322,0
DA:1323,0
DA:1325,0
DA:1327,0
DA:1328,0
DA:1329,0
DA:1331,0
DA:1333,0
DA:1335,0
DA:1336,0
DA:1337,0
DA:1338,0
DA:1340,0
DA:1342,0
DA:1343,0
DA:1346,0
DA:1347,0
DA:1348,0
DA:1349,0
DA:1350,0
DA:1351,0
DA:1352,0
DA:1353,0
DA:1354,0
DA:1355,0
DA:1356,0
DA:1357,0
DA:1360,0
DA:1361,0
DA:1362,0
DA:1363,0
DA:1364,0
DA:1365,0
DA:1366,0
DA:1367,0
DA:1368,0
DA:1369,0
DA:1370,0
DA:1371,0
DA:1372,0
DA:1373,0
DA:1374,0
DA:1375,0
DA:1378,0
DA:1379,0
DA:1380,0
DA:1381,0
DA:1382,0
DA:1383,0
DA:1384,0
DA:1385,0
DA:1386,0
DA:1387,0
DA:1388,0
DA:1389,0
DA:1390,0
DA:1391,0
DA:1392,0
DA:1393,0
DA:1394,0
DA:1395,0
DA:1400,30
DA:1401,30
BRDA:1280,23,0,30
BRDA:1280,36,0,30
BRDA:1280,52,0,30
BRDA:1280,68,0,30
BRDA:1280,84,0,30
BRDA:1280,23,1,0
BRDA:1280,36,1,0
BRDA:1307,238,0,0
BRDA:1307,238,1,0
BRDA:1309,264,1,0
BRDA:1309,264,0,0
BRDA:1280,52,1,0
BRDA:1333,361,0,0
BRDA:1333,361,1,0
BRDA:1335,387,1,0
BRDA:1335,387,0,0
BRDA:1280,68,1,0
BRDA:1280,84,1,0
BRDA:1369,581,1,0
BRDA:1369,581,0,0
BRDA:1280,100,1,0
BRDA:1389,703,1,0
BRDA:1389,703,0,0
BRDA:1280,100,0,30
FN:1403,System.Boolean EquationSolver.DoubleExpressionSolver::Literal_UserFunction(System.String,System.Double&)
FNDA:20,System.Boolean EquationSolver.DoubleExpressionSolver::Literal_UserFunction(System.String,System.Double&)
DA:1404,20
DA:1405,20
DA:1407,20
DA:1408,20
DA:1409,0
DA:1410,0
DA:1411,0
DA:1413,0
DA:1414,0
DA:1415,0
DA:1416,0
DA:1417,0
DA:1419,0
DA:1420,0
DA:1422,0
DA:1424,0
DA:1425,0
DA:1427,0
DA:1428,0
DA:1429,0
DA:1430,0
DA:1431,0
DA:1433,0
DA:1434,0
DA:1435,0
DA:1436,0
DA:1437,0
DA:1440,0
DA:1441,0
DA:1442,0
DA:1444,20
DA:1445,20
BRDA:1408,46,0,0
BRDA:1415,178,1,0
BRDA:1415,178,0,0
BRDA:1433,257,1,0
BRDA:1433,257,0,0
BRDA:1408,46,1,20
FN:1447,System.Boolean EquationSolver.DoubleExpressionSolver::Literal_VariableTableFunctions(System.String,System.Double&)
FNDA:20,System.Boolean EquationSolver.DoubleExpressionSolver::Literal_VariableTableFunctions(System.String,System.Double&)
DA:1448,20
DA:1449,20
DA:1451,20
DA:1454,0
DA:1455,0
DA:1456,0
DA:1457,0
DA:1458,0
DA:1459,0
DA:1460,0
DA:1461,0
DA:1463,0
DA:1464,0
DA:1467,20
DA:1468,0
DA:1469,0
DA:1470,0
DA:1471,0
DA:1472,0
DA:1473,0
DA:1475,0
DA:1476,0
DA:1479,0
DA:1480,0
DA:1481,0
DA:1482,0
DA:1484,0
DA:1486,0
DA:1487,0
DA:1489,0
DA:1490,0
DA:1491,0
DA:1493,0
DA:1494,0
DA:1496,20
DA:1497,20
BRDA:1451,27,1,0
BRDA:1451,27,0,20
BRDA:1467,124,0,0
BRDA:1479,206,0,0
BRDA:1479,206,1,0
BRDA:1467,124,1,20
FN:1499,System.Boolean EquationSolver.DoubleExpressionSolver::Literal_LookupTable(System.String,System.Double&)
FNDA:20,System.Boolean EquationSolver.DoubleExpressionSolver::Literal_LookupTable(System.String,System.Double&)
DA:1500,20
DA:1501,20
DA:1503,20
DA:1504,0
DA:1505,0
DA:1506,0
DA:1507,0
DA:1508,0
DA:1509,0
DA:1510,0
DA:1511,0
DA:1513,0
DA:1515,0
DA:1517,0
DA:1518,0
DA:1519,0
DA:1520,0
DA:1521,0
DA:1522,0
DA:1523,0
DA:1524,0
DA:1526,0
DA:1527,0
DA:1528,0
DA:1529,0
DA:1531,0
DA:1532,0
DA:1533,0
DA:1535,0
DA:1536,0
DA:1537,0
DA:1539,0
DA:1540,0
DA:1541,0
DA:1542,0
DA:1543,0
DA:1545,0
DA:1546,0
DA:1547,20
DA:1548,20
BRDA:1503,21,0,0
BRDA:1521,142,0,0
BRDA:1521,142,1,0
BRDA:1526,178,0,0
BRDA:1526,178,1,0
BRDA:1532,221,0,0
BRDA:1532,221,1,0
BRDA:1540,299,0,0
BRDA:1540,299,1,0
BRDA:1503,21,1,20
FN:1552,System.Void EquationSolver.DoubleExpressionSolver::Parse()
FNDA:110,System.Void EquationSolver.DoubleExpressionSolver::Parse()
DA:1553,110
DA:1555,110
DA:1556,110
DA:1557,110
DA:1558,110
DA:1559,110
DA:1560,110
DA:1561,20
DA:1563,110
DA:1564,20
DA:1566,90
DA:1567,30
DA:1568,30
DA:1569,0
DA:1570,0
DA:1571,0
DA:1573,30
DA:1574,30
DA:1575,30
DA:1576,30
DA:1577,30
DA:1578,30
DA:1579,60
DA:1580,10
DA:1581,10
DA:1582,20
DA:1583,10
DA:1584,10
DA:1585,10
DA:1586,10
DA:1587,0
DA:1588,0
DA:1590,10
DA:1591,10
DA:1592,50
DA:1593,50
DA:1594,50
DA:1595,230
DA:1596,200
DA:1597,200
DA:1598,0
DA:1599,0
DA:1601,200
DA:1602,180
DA:1603,180
DA:1604,180
DA:1605,180
DA:1607,20
DA:1608,20
DA:1611,180
DA:1612,50
DA:1613,90
DA:1614,90
DA:1615,90
DA:1616,0
DA:1617,0
DA:1618,0
DA:1619,0
DA:1620,110
BRDA:1557,27,0,110
BRDA:1560,58,0,20
BRDA:1563,102,1,20
BRDA:1560,58,1,110
BRDA:1563,102,0,90
BRDA:1566,127,0,30
BRDA:1568,136,0,0
BRDA:1568,136,1,30
BRDA:1568,164,0,0
BRDA:1568,164,1,30
BRDA:1566,127,1,60
BRDA:1579,249,0,10
BRDA:1582,345,1,10
BRDA:1586,316,0,0
BRDA:1586,316,1,10
BRDA:1582,345,0,10
BRDA:1579,249,1,50
BRDA:1592,376,0,50
BRDA:1595,509,1,200
BRDA:1597,415,0,0
BRDA:1597,415,1,200
BRDA:1601,442,0,180
BRDA:1601,442,1,20
BRDA:1595,509,0,50
BRDA:1592,376,1,90
BRDA:1557,27,1,90
FN:1625,System.Void EquationSolver.DoubleExpressionSolver::RaiseExceptionOccurred(System.String,System.Exception)
FNDA:0,System.Void EquationSolver.DoubleExpressionSolver::RaiseExceptionOccurred(System.String,System.Exception)
DA:1626,0
DA:1627,0
DA:1628,0
DA:1629,0
DA:1630,0
DA:1631,0
DA:1632,0
DA:1633,0
BRDA:1627,12,0,0
BRDA:1627,12,1,0
FN:1635,System.Void EquationSolver.DoubleExpressionSolver::RaiseVariableNotFoundOccurred(System.String)
FNDA:0,System.Void EquationSolver.DoubleExpressionSolver::RaiseVariableNotFoundOccurred(System.String)
DA:1636,0
DA:1637,0
DA:1638,0
DA:1639,0
DA:1640,0
DA:1641,0
DA:1642,0
DA:1643,0
BRDA:1637,12,0,0
BRDA:1637,12,1,0
FN:22,System.Void EquationSolver.DoubleExpressionSolver::.ctor()
FNDA:1,System.Void EquationSolver.DoubleExpressionSolver::.ctor()
DA:23,1
DA:25,1
DA:32,1
DA:33,1
DA:40,1
DA:193,1
DA:194,1
DA:195,1
DA:196,1
DA:197,1
DA:198,1
LF:1131
LH:344
BRF:434
BRH:203
FNF:41
FNH:26
end_of_record
SF:/workspace/EquationSolvr/EquationSolver/EquationSolver/EquationAlgebra.cs
FN:8,System.Void EquationSolver.EquationAlgebra::.ctor()
FNDA:0,System.Void EquationSolver.EquationAlgebra::.ctor()
DA:9,0
DA:10,0
DA:12,0
LF:3
LH:0
BRF:0
BRH:0
FNF:1
FNH:0
end_of_record
SF:/workspace/EquationSolvr/EquationSolver/EquationSolver/EquationSolver.cs
FN:29,EquationSolver.VariableProvider EquationSolver.EquationSolver::get_VariableProvider()
FNDA:529,EquationSolver.VariableProvider EquationSolver.EquationSolver::get_VariableProvider()
DA:30,529
DA:31,529
DA:32,0
DA:33,0
DA:34,0
DA:35,0
DA:37,529
DA:38,529
BRDA:31,12,0,0
BRDA:31,12,1,529
FN:40,EquationSolver.Dto.CalculationMethods EquationSolver.EquationSolver::get_CalculationMethod()
FNDA:34,EquationSolver.Dto.CalculationMethods EquationSolver.EquationSolver::get_CalculationMethod()
DA:41,34
FN:45,EquationSolver.IExpressionSolver EquationSolver.EquationSolver::get_Solver()
FNDA:652,EquationSolver.IExpressionSolver EquationSolver.EquationSolver::get_Solver()
DA:46,652
DA:47,652
DA:48,0
DA:49,0
DA:50,0
DA:51,0
DA:52,0
DA:53,652
DA:54,652
DA:55,652
BRDA:47,12,0,0
BRDA:47,12,1,652
BRDA:53,83,0,0
BRDA:53,83,1,652
FN:59,System.Void EquationSolver.EquationSolver::Solver_VariableNotFound(System.Object,System.EventArgs)
FNDA:0,System.Void EquationSolver.EquationSolver::Solver_VariableNotFound(System.Object,System.EventArgs)
DA:60,0
DA:61,0
DA:62,0
BRDA:61,8,0,0
BRDA:61,8,1,0
FN:64,System.Void EquationSolver.EquationSolver::Solver_ExceptionOccurred(System.Object,System.EventArgs)
FNDA:0,System.Void EquationSolver.EquationSolver::Solver_ExceptionOccurred(System.Object,System.EventArgs)
DA:65,0
DA:66,0
DA:67,0
BRDA:66,8,0,0
BRDA:66,8,1,0
FN:71,System.Collections.Generic.List`1<EquationSolver.Dto.Equation> EquationSolver.EquationSolver::get_Equations()
FNDA:95,System.Collections.Generic.List`1<EquationSolver.Dto.Equation> EquationSolver.EquationSolver::get_Equations()
DA:72,95
DA:73,95
DA:74,95
DA:75,95
BRDA:73,9,0,34
BRDA:73,9,1,95
FN:80,System.Collections.Generic.Dictionary`2<System.String,System.Collections.Generic.List`1<EquationSolver.Dto.Equation>> EquationSolver.EquationSolver::get_TriggerDictionary()
FNDA:100,System.Collections.Generic.Dictionary`2<System.String,System.Collections.Generic.List`1<EquationSolver.Dto.Equation>> EquationSolver.EquationSolver::get_TriggerDictionary()
DA:81,100
DA:82,100
DA:83,100
DA:84,100
BRDA:82,9,0,4
BRDA:82,9,1,100
FN:107,System.Void EquationSolver.EquationSolver::Finalize()
FNDA:0,System.Void EquationSolver.EquationSolver::Finalize()
DA:108,0
DA:110,0
DA:111,0
FN:121,EquationSolver.IEquationSolver EquationSolver.EquationSolver::SolveEquations()
FNDA:36,EquationSolver.IEquationSolver EquationSolver.EquationSolver::SolveEquations()
DA:122,36
DA:123,230
DA:124,61
DA:125,260
DA:126,69
DA:127,69
DA:128,69
DA:129,61
DA:130,36
DA:131,36
BRDA:123,64,1,61
BRDA:125,54,1,69
BRDA:125,54,0,61
BRDA:123,64,0,36
FN:136,System.Void EquationSolver.EquationSolver::AddEquation(EquationSolver.Dto.Equation)
FNDA:59,System.Void EquationSolver.EquationSolver::AddEquation(EquationSolver.Dto.Equation)
DA:137,59
DA:138,59
DA:139,59
DA:140,59
FN:142,System.Void EquationSolver.EquationSolver::AddTriggerForEquation(EquationSolver.Dto.Equation)
FNDA:59,System.Void EquationSolver.EquationSolver::AddTriggerForEquation(EquationSolver.Dto.Equation)
DA:143,59
DA:144,59
DA:145,1
DA:146,1
DA:147,7
DA:148,2
DA:149,2
DA:150,0
DA:151,0
DA:152,0
DA:154,2
DA:155,2
DA:156,2
DA:157,2
DA:158,2
DA:160,2
DA:161,2
DA:162,2
DA:163,1
DA:164,59
BRDA:144,17,0,1
BRDA:147,141,1,2
BRDA:149,73,0,0
BRDA:149,73,1,2
BRDA:147,141,0,1
BRDA:144,17,1,59
FN:166,System.Void EquationSolver.EquationSolver::AddFunctions(System.Collections.Generic.IEnumerable`1<EquationSolver.Dto.Function>)
FNDA:34,System.Void EquationSolver.EquationSolver::AddFunctions(System.Collections.Generic.IEnumerable`1<EquationSolver.Dto.Function>)
DA:167,34
DA:168,34
DA:169,34
FN:170,System.Void EquationSolver.EquationSolver::AddEquations(System.Collections.Generic.IEnumerable`1<EquationSolver.Dto.Equation>)
FNDA:34,System.Void EquationSolver.EquationSolver::AddEquations(System.Collections.Generic.IEnumerable`1<EquationSolver.Dto.Equation>)
DA:171,34
DA:172,220
DA:173,59
DA:174,59
DA:175,59
DA:176,34
BRDA:172,34,1,59
BRDA:172,34,0,34
FN:178,System.Void EquationSolver.EquationSolver::AddTables(System.Collections.Generic.IEnumerable`1<EquationSolver.Dto.Table>)
FNDA:34,System.Void EquationSolver.EquationSolver::AddTables(System.Collections.Generic.IEnumerable`1<EquationSolver.Dto.Table>)
DA:179,34
DA:180,108
DA:181,3
DA:182,3
DA:184,3
DA:186,3
DA:187,21
DA:188,6
DA:189,6
DA:190,6
DA:191,6
DA:193,3
DA:194,39
DA:195,15
DA:196,15
DA:198,90
DA:199,30
DA:200,30
DA:201,10
DA:202,10
DA:203,10
DA:204,30
DA:206,15
DA:207,15
DA:208,3
DA:209,34
BRDA:180,324,1,3
BRDA:187,124,1,6
BRDA:187,124,0,3
BRDA:194,295,1,15
BRDA:198,279,1,30
BRDA:200,223,0,10
BRDA:200,223,1,30
BRDA:198,279,0,15
BRDA:194,295,0,3
BRDA:180,324,0,34
FN:215,System.Void EquationSolver.EquationSolver::ExecuteEquation(EquationSolver.Dto.Equation)
FNDA:136,System.Void EquationSolver.EquationSolver::ExecuteEquation(EquationSolver.Dto.Equation)
DA:216,136
DA:217,136
DA:218,136
DA:219,122
DA:220,122
DA:222,122
DA:223,102
DA:224,102
DA:225,102
DA:227,494
DA:228,64
DA:229,64
DA:230,64
DA:231,122
DA:232,136
BRDA:218,38,0,122
BRDA:222,96,0,102
BRDA:222,96,1,122
BRDA:227,169,1,64
BRDA:227,169,0,122
BRDA:218,38,1,136
FN:234,System.Boolean EquationSolver.EquationSolver::HandleTargetForTable(System.String,System.String)
FNDA:122,System.Boolean EquationSolver.EquationSolver::HandleTargetForTable(System.String,System.String)
DA:235,122
DA:236,122
DA:237,122
DA:239,122
DA:240,20
DA:242,20
DA:243,20
DA:244,20
DA:246,20
DA:248,20
DA:249,0
DA:250,0
DA:251,0
DA:252,20
DA:253,20
DA:255,20
DA:256,20
DA:257,20
DA:258,20
DA:259,20
DA:261,20
DA:262,20
DA:263,20
DA:266,102
DA:267,102
DA:269,122
BRDA:239,39,0,20
BRDA:248,130,0,0
BRDA:248,130,1,20
BRDA:252,168,0,20
BRDA:255,187,0,20
BRDA:255,187,1,20
BRDA:252,168,1,20
BRDA:239,39,1,102
FN:273,System.Void EquationSolver.EquationSolver::_variableProvider_VariableValueChanged(System.String)
FNDA:93,System.Void EquationSolver.EquationSolver::_variableProvider_VariableValueChanged(System.String)
DA:274,93
DA:275,93
DA:276,3
DA:277,15
DA:278,3
DA:279,3
DA:280,3
DA:281,3
DA:282,93
BRDA:275,15,0,3
BRDA:277,64,1,3
BRDA:277,64,0,3
BRDA:275,15,1,93
FN:289,System.Void EquationSolver.EquationSolver::Dispose(System.Boolean)
FNDA:0,System.Void EquationSolver.EquationSolver::Dispose(System.Boolean)
DA:290,0
DA:291,0
DA:292,0
DA:293,0
DA:294,0
DA:295,0
DA:296,0
DA:297,0
DA:298,0
DA:299,0
DA:304,0
DA:305,0
DA:306,0
BRDA:291,12,0,0
BRDA:293,18,0,0
BRDA:295,32,0,0
BRDA:295,32,1,0
BRDA:293,18,1,0
BRDA:291,12,1,0
FN:311,System.Void EquationSolver.EquationSolver::Dispose()
FNDA:0,System.Void EquationSolver.EquationSolver::Dispose()
DA:312,0
DA:314,0
DA:315,0
DA:316,0
FN:95,System.Void EquationSolver.EquationSolver::.ctor(EquationSolver.IExpressionSolver,EquationSolver.VariableProvider)
FNDA:34,System.Void EquationSolver.EquationSolver::.ctor(EquationSolver.IExpressionSolver,EquationSolver.VariableProvider)
DA:96,34
DA:97,34
DA:98,34
DA:100,34
DA:101,34
DA:102,34
DA:103,34
DA:104,34
DA:105,34
DA:287,34
BRDA:101,40,0,34
BRDA:101,40,1,34
FN:330,System.Boolean EquationSolver.Extensions::TryFindItem(System.Collections.Generic.List`1<T>,System.Predicate`1<T>,T&)
FNDA:0,System.Boolean EquationSolver.Extensions::TryFindItem(System.Collections.Generic.List`1<T>,System.Predicate`1<T>,T&)
DA:331,0
DA:332,0
DA:334,0
DA:335,0
DA:336,0
DA:337,0
DA:339,0
DA:340,0
BRDA:334,14,0,0
BRDA:334,14,1,0
LF:190
LH:141
BRF:64
BRH:47
FNF:21
FNH:15
end_of_record
SF:/workspace/EquationSolvr/EquationSolver/EquationSolver/EquationSolverFactory.cs
FN:37,EquationSolver.EquationSolverFactory EquationSolver.EquationSolverFactory::get_Instance()
FNDA:36,EquationSolver.EquationSolverFactory EquationSolver.EquationSolverFactory::get_Instance()
DA:38,36
DA:39,36
DA:40,36
FN:52,EquationSolver.IEquationSolver EquationSolver.EquationSolverFactory::CreateEquationSolver(EquationSolver.Dto.EquationProjectMerge,EquationSolver.VariableProvider)
FNDA:0,EquationSolver.IEquationSolver EquationSolver.EquationSolverFactory::CreateEquationSolver(EquationSolver.Dto.EquationProjectMerge,EquationSolver.VariableProvider)
DA:53,0
DA:54,0
DA:55,0
DA:56,0
DA:57,0
DA:58,0
DA:59,0
DA:60,0
DA:61,0
DA:62,0
DA:63,0
DA:65,0
DA:66,0
DA:67,0
DA:68,0
DA:69,0
DA:70,0
DA:71,0
DA:73,0
DA:74,0
BRDA:65,198,1,0
BRDA:65,198,0,0
FN:82,EquationSolver.IEquationSolver EquationSolver.EquationSolverFactory::CreateEquationSolver(System.String,EquationSolver.VariableProvider)
FNDA:0,EquationSolver.IEquationSolver EquationSolver.EquationSolverFactory::CreateEquationSolver(System.String,EquationSolver.VariableProvider)
DA:83,0
DA:84,0
DA:86,0
DA:87,0
FN:95,EquationSolver.IEquationSolver EquationSolver.EquationSolverFactory::CreateEquationSolver(EquationSolver.Dto.EquationProject,EquationSolver.VariableProvider)
FNDA:36,EquationSolver.IEquationSolver EquationSolver.EquationSolverFactory::CreateEquationSolver(EquationSolver.Dto.EquationProject,EquationSolver.VariableProvider)
DA:96,36
DA:97,36
DA:99,34
DA:101,34
DA:102,30
DA:103,30
DA:104,30
DA:106,124
DA:107,11
DA:108,11
DA:109,11
DA:111,34
DA:112,34
DA:113,1
DA:114,1
DA:115,1
DA:118,108
DA:119,3
DA:120,3
DA:122,18
DA:123,6
DA:124,6
DA:125,6
DA:126,6
DA:128,3
DA:130,34
DA:131,34
DA:133,34
DA:135,34
DA:136,34
DA:137,34
DA:139,34
DA:140,34
BRDA:101,23,0,30
BRDA:101,23,1,34
BRDA:106,88,1,11
BRDA:106,88,0,34
BRDA:112,131,0,1
BRDA:112,131,1,34
BRDA:118,285,1,3
BRDA:122,275,1,6
BRDA:122,275,0,3
BRDA:118,285,0,34
FN:148,EquationSolver.Dto.Variable EquationSolver.EquationSolverFactory::SolveExpression(System.String,EquationSolver.VariableProvider)
FNDA:23,EquationSolver.Dto.Variable EquationSolver.EquationSolverFactory::SolveExpression(System.String,EquationSolver.VariableProvider)
DA:149,23
DA:150,23
DA:152,23
DA:153,23
DA:155,23
DA:156,23
DA:158,23
DA:159,23
BRDA:150,2,0,7
BRDA:150,2,1,16
FN:167,EquationSolver.Dto.Variable EquationSolver.EquationSolverFactory::SolveForX(System.String,System.String)
FNDA:1,EquationSolver.Dto.Variable EquationSolver.EquationSolverFactory::SolveForX(System.String,System.String)
DA:168,1
DA:169,1
DA:171,1
DA:172,1
DA:174,1
DA:175,1
DA:177,1
DA:178,1
FN:183,System.Void EquationSolver.EquationSolverFactory::ValidateTablesInProject(EquationSolver.Dto.EquationProject)
FNDA:34,System.Void EquationSolver.EquationSolverFactory::ValidateTablesInProject(EquationSolver.Dto.EquationProject)
DA:184,34
DA:185,34
DA:186,34
DA:187,0
DA:188,0
DA:189,0
DA:190,0
DA:191,34
BRDA:186,10,0,34
BRDA:186,10,1,0
BRDA:186,26,0,0
BRDA:186,26,1,34
FN:193,System.Void EquationSolver.EquationSolverFactory::ValidateEquations(EquationSolver.Dto.EquationProject)
FNDA:36,System.Void EquationSolver.EquationSolverFactory::ValidateEquations(EquationSolver.Dto.EquationProject)
DA:194,36
DA:195,228
DA:196,61
DA:197,61
DA:198,61
DA:199,2
DA:200,2
DA:201,2
DA:202,2
DA:204,59
DA:205,34
BRDA:195,100,1,61
BRDA:198,34,0,61
BRDA:198,34,1,0
BRDA:198,50,0,2
BRDA:198,50,1,59
BRDA:195,100,0,34
FN:235,System.Boolean EquationSolver.EquationSolverFactory::ValidateExpression(System.String)
FNDA:162,System.Boolean EquationSolver.EquationSolverFactory::ValidateExpression(System.String)
DA:236,162
DA:237,162
DA:238,2
DA:240,1737
DA:241,1737
DA:243,160
DA:244,162
BRDA:237,14,0,2
BRDA:237,14,1,160
FN:246,System.Collections.Generic.List`1<EquationSolver.Dto.Equation> EquationSolver.EquationSolverFactory::SortEquations(System.Collections.Generic.List`1<EquationSolver.Dto.Equation>)
FNDA:0,System.Collections.Generic.List`1<EquationSolver.Dto.Equation> EquationSolver.EquationSolverFactory::SortEquations(System.Collections.Generic.List`1<EquationSolver.Dto.Equation>)
DA:247,0
DA:248,0
DA:249,0
DA:250,0
DA:251,0
DA:252,0
DA:254,0
DA:255,0
DA:257,0
DA:258,0
DA:260,0
DA:261,0
DA:263,0
DA:264,0
DA:265,0
BRDA:249,108,1,0
BRDA:251,37,0,0
BRDA:251,37,1,0
BRDA:257,77,0,0
BRDA:257,77,1,0
BRDA:249,108,0,0
FN:267,System.Int32 EquationSolver.EquationSolverFactory::GetIndexToSortedList(EquationSolver.Dto.Equation,System.Collections.Generic.List`1<EquationSolver.Dto.Equation>)
FNDA:0,System.Int32 EquationSolver.EquationSolverFactory::GetIndexToSortedList(EquationSolver.Dto.Equation,System.Collections.Generic.List`1<EquationSolver.Dto.Equation>)
DA:268,0
DA:269,0
DA:270,0
DA:271,0
DA:272,0
DA:273,0
DA:274,0
DA:275,0
DA:276,0
DA:277,0
DA:278,0
BRDA:270,58,1,0
BRDA:272,36,0,0
BRDA:272,36,1,0
BRDA:270,58,0,0
FN:24,System.Void EquationSolver.EquationSolverFactory::.ctor()
FNDA:1,System.Void EquationSolver.EquationSolverFactory::.ctor()
DA:25,1
DA:26,1
DA:28,1
FN:17,System.Void EquationSolver.EquationSolverFactory::.cctor()
FNDA:1,System.Void EquationSolver.EquationSolverFactory::.cctor()
DA:18,1
FN:207,System.Boolean EquationSolver.EquationSolverFactory/<ValidateEquation>d__11::MoveNext()
FNDA:81,System.Boolean EquationSolver.EquationSolverFactory/<ValidateEquation>d__11::MoveNext()
DA:208,81
DA:209,81
DA:210,0
DA:211,81
DA:212,4
DA:214,279
DA:215,18
DA:216,54
DA:217,0
DA:218,0
DA:219,0
DA:220,18
DA:221,81
BRDA:209,87,0,0
BRDA:209,87,1,81
BRDA:211,148,0,4
BRDA:211,148,1,81
BRDA:214,378,1,18
BRDA:216,343,1,0
BRDA:216,343,0,18
BRDA:214,378,0,81
FN:225,System.Boolean EquationSolver.EquationSolverFactory/<ValidateTables>d__13::MoveNext()
FNDA:34,System.Boolean EquationSolver.EquationSolverFactory/<ValidateTables>d__13::MoveNext()
DA:226,34
DA:227,108
DA:228,3
DA:229,3
DA:230,3
DA:231,0
DA:232,3
DA:233,34
BRDA:227,192,1,3
BRDA:230,134,0,0
BRDA:230,134,1,3
BRDA:227,192,0,34
LF:153
LH:94
BRF:48
BRH:30
FNF:15
FNH:11
end_of_record
SF:/workspace/EquationSolvr/EquationSolver/EquationSolver/ExceptionEventArgs.cs
FN:8,System.Exception EquationSolver.ExceptionEventArgs::get_Exception()
FNDA:0,System.Exception EquationSolver.ExceptionEventArgs::get_Exception()
DA:9,0
FN:10,System.Void EquationSolver.ExceptionEventArgs::.ctor(System.Exception)
FNDA:0,System.Void EquationSolver.ExceptionEventArgs::.ctor(System.Exception)
DA:11,0
DA:12,0
DA:13,0
DA:14,0
LF:5
LH:0
BRF:0
BRH:0
FNF:2
FNH:0
end_of_record
SF:/workspace/EquationSolvr/EquationSolver/EquationSolver/Utilities.cs
FN:32,System.Void EquationSolver.Utilities::RelativeToAbsolutePath(System.String&,System.String,System.String)
FNDA:0,System.Void EquationSolver.Utilities::RelativeToAbsolutePath(System.String&,System.String,System.String)
DA:33,0
DA:35,0
DA:36,0
DA:38,0
DA:39,0
DA:41,0
DA:42,0
DA:43,0
DA:44,0
DA:45,0
DA:46,0
DA:47,0
DA:48,0
DA:49,0
DA:50,0
DA:51,0
DA:52,0
DA:53,0
DA:54,0
DA:55,0
DA:56,0
DA:58,0
DA:59,0
DA:60,0
DA:61,0
DA:63,0
DA:65,0
DA:66,0
DA:67,0
DA:68,0
DA:69,0
DA:70,0
DA:71,0
DA:72,0
DA:73,0
DA:75,0
DA:76,0
BRDA:42,109,1,0
BRDA:45,43,0,0
BRDA:47,51,0,0
BRDA:47,51,1,0
BRDA:45,43,1,0
BRDA:53,74,0,0
BRDA:53,74,1,0
BRDA:42,109,0,0
BRDA:65,119,0,0
BRDA:68,165,1,0
BRDA:68,165,0,0
BRDA:65,119,1,0
FN:84,System.Boolean EquationSolver.Utilities::AbsPathMunge(System.String&,System.String,System.String)
FNDA:0,System.Boolean EquationSolver.Utilities::AbsPathMunge(System.String&,System.String,System.String)
DA:85,0
DA:86,0
DA:87,0
DA:89,0
DA:90,0
DA:91,0
DA:92,0
DA:93,0
DA:96,0
DA:97,0
DA:98,0
DA:100,0
BRDA:89,24,0,0
BRDA:89,24,1,0
FN:110,System.Boolean EquationSolver.Utilities::MakeDateFromString(System.DateTime&,System.String)
FNDA:0,System.Boolean EquationSolver.Utilities::MakeDateFromString(System.DateTime&,System.String)
DA:111,0
DA:113,0
DA:114,0
DA:115,0
DA:116,0
DA:117,0
DA:118,0
DA:121,0
DA:122,0
DA:123,0
DA:126,0
DA:127,0
DA:128,0
DA:129,0
DA:131,0
BRDA:115,22,0,0
BRDA:115,22,1,0
FN:136,System.Int32 EquationSolver.Utilities::Factorial(System.Int32)
FNDA:62,System.Int32 EquationSolver.Utilities::Factorial(System.Int32)
DA:137,62
DA:138,62
DA:139,62
BRDA:138,3,0,51
BRDA:138,6,0,50
BRDA:138,3,1,12
BRDA:138,6,1,12
FN:146,System.Boolean EquationSolver.Utilities::StringToInteger(System.String,System.Int32&)
FNDA:8,System.Boolean EquationSolver.Utilities::StringToInteger(System.String,System.Int32&)
DA:147,8
DA:149,8
DA:150,8
DA:151,6
DA:152,6
DA:153,4
DA:156,2
DA:157,2
DA:158,2
DA:161,2
DA:162,2
DA:163,2
DA:164,2
DA:166,8
BRDA:150,10,0,6
BRDA:150,10,1,2
FN:174,System.Boolean EquationSolver.Utilities::StringToDouble(System.String,System.Double&)
FNDA:132,System.Boolean EquationSolver.Utilities::StringToDouble(System.String,System.Double&)
DA:175,132
DA:177,132
DA:178,132
DA:179,21
DA:180,21
DA:181,16
DA:184,111
DA:185,111
DA:186,111
DA:189,5
DA:190,5
DA:191,5
DA:192,5
DA:194,132
BRDA:178,10,0,21
BRDA:178,10,1,111
FN:202,System.Boolean EquationSolver.Utilities::StringToDecimal(System.String,System.Decimal&)
FNDA:0,System.Boolean EquationSolver.Utilities::StringToDecimal(System.String,System.Decimal&)
DA:203,0
DA:205,0
DA:206,0
DA:207,0
DA:208,0
DA:209,0
DA:212,0
DA:213,0
DA:214,0
DA:217,0
DA:218,0
DA:219,0
DA:220,0
DA:222,0
BRDA:206,10,0,0
BRDA:206,10,1,0
FN:228,System.Boolean EquationSolver.Utilities::IsANumber(System.String)
FNDA:225,System.Boolean EquationSolver.Utilities::IsANumber(System.String)
DA:229,225
DA:230,225
DA:231,1383
DA:232,413
DA:233,413
DA:234,118
DA:235,118
DA:238,295
DA:239,107
DA:240,225
BRDA:231,50,1,413
BRDA:233,33,0,118
BRDA:233,33,1,295
BRDA:231,50,0,107
FN:242,System.Boolean EquationSolver.Utilities::IsADigit(System.Char)
FNDA:413,System.Boolean EquationSolver.Utilities::IsADigit(System.Char)
DA:243,413
DA:244,413
DA:245,11977
DA:246,5369
DA:247,5369
DA:248,295
DA:249,295
DA:250,295
DA:251,5369
DA:252,413
DA:253,413
BRDA:245,49,1,5369
BRDA:247,34,0,295
BRDA:247,34,1,5369
BRDA:245,49,0,413
FN:259,System.Boolean EquationSolver.Utilities::IsPositiveWholeNumber(System.String)
FNDA:0,System.Boolean EquationSolver.Utilities::IsPositiveWholeNumber(System.String)
DA:260,0
DA:261,0
DA:263,0
DA:264,0
DA:265,0
DA:266,0
DA:267,0
DA:268,0
DA:269,0
DA:270,0
DA:272,0
DA:273,0
DA:274,0
DA:275,0
DA:278,0
DA:279,0
DA:280,0
DA:281,0
DA:283,0
DA:284,0
BRDA:264,87,1,0
BRDA:267,27,0,0
BRDA:267,27,1,0
BRDA:267,41,0,0
BRDA:267,41,1,0
BRDA:272,61,0,0
BRDA:272,61,1,0
BRDA:264,87,0,0
FN:298,System.String EquationSolver.Utilities::NormalizeXML(System.String)
FNDA:6,System.String EquationSolver.Utilities::NormalizeXML(System.String)
DA:299,6
DA:301,6
DA:304,6
DA:305,6
DA:307,6
DA:308,6
DA:310,6
DA:311,6
DA:313,6
DA:314,6
DA:315,6
DA:317,6
DA:319,0
DA:320,0
DA:321,0
DA:323,6
FN:329,System.String EquationSolver.Utilities::MakeAppropriateCDATA(System.String)
FNDA:0,System.String EquationSolver.Utilities::MakeAppropriateCDATA(System.String)
DA:330,0
DA:331,0
DA:332,0
DA:333,0
DA:334,0
DA:335,0
DA:336,0
DA:337,0
DA:338,0
BRDA:333,34,0,0
BRDA:333,34,1,0
FN:347,System.Void EquationSolver.Utilities::CopyLocation(System.String,System.String)
FNDA:0,System.Void EquationSolver.Utilities::CopyLocation(System.String,System.String)
DA:348,0
DA:350,0
DA:351,0
DA:352,0
DA:354,0
DA:355,0
DA:356,0
DA:357,0
DA:359,0
DA:360,0
DA:361,0
DA:362,0
DA:363,0
DA:364,0
DA:365,0
DA:367,0
DA:368,0
DA:369,0
DA:370,0
DA:371,0
DA:372,0
DA:373,0
DA:375,0
DA:376,0
DA:378,0
DA:379,0
DA:380,0
DA:381,0
DA:382,0
BRDA:354,27,0,0
BRDA:354,27,1,0
BRDA:359,103,1,0
BRDA:359,103,0,0
BRDA:367,194,1,0
BRDA:367,194,0,0
FN:388,System.Void EquationSolver.Utilities::CopyDirectory(System.String,System.String)
FNDA:0,System.Void EquationSolver.Utilities::CopyDirectory(System.String,System.String)
DA:389,0
DA:390,0
DA:391,0
DA:393,0
DA:394,0
DA:395,0
DA:396,0
DA:398,0
DA:399,0
DA:400,0
DA:401,0
DA:402,0
DA:403,0
DA:404,0
DA:406,0
DA:407,0
DA:408,0
DA:409,0
DA:410,0
DA:411,0
DA:412,0
DA:414,0
DA:415,0
DA:416,0
BRDA:393,26,0,0
BRDA:393,26,1,0
BRDA:398,102,1,0
BRDA:398,102,0,0
BRDA:406,193,1,0
BRDA:406,193,0,0
FN:422,System.Void EquationSolver.Utilities::CopySubDirectories(System.String,System.String)
FNDA:0,System.Void EquationSolver.Utilities::CopySubDirectories(System.String,System.String)
DA:423,0
DA:424,0
DA:426,0
DA:427,0
DA:428,0
DA:429,0
DA:431,0
DA:432,0
DA:433,0
DA:434,0
DA:435,0
DA:436,0
DA:437,0
DA:439,0
DA:440,0
DA:441,0
BRDA:426,19,0,0
BRDA:426,19,1,0
BRDA:431,110,1,0
BRDA:431,110,0,0
FN:451,System.Boolean EquationSolver.Utilities::IsStringBoolean(System.Boolean&,System.String)
FNDA:25,System.Boolean EquationSolver.Utilities::IsStringBoolean(System.Boolean&,System.String)
DA:452,25
DA:453,25
DA:454,25
DA:455,4
DA:456,4
DA:457,4
DA:459,21
DA:460,4
DA:461,4
DA:462,4
DA:465,17
DA:466,17
DA:467,17
DA:469,25
BRDA:454,29,0,4
BRDA:454,29,1,21
BRDA:459,55,0,4
BRDA:459,55,1,17
FN:475,System.Boolean EquationSolver.Utilities::IsStringTrue(System.String)
FNDA:0,System.Boolean EquationSolver.Utilities::IsStringTrue(System.String)
DA:476,0
DA:477,0
DA:478,0
DA:479,0
DA:480,0
DA:483,0
DA:484,0
DA:486,0
BRDA:478,29,0,0
BRDA:478,29,1,0
FN:493,System.Void EquationSolver.Utilities::SetTimeStart()
FNDA:0,System.Void EquationSolver.Utilities::SetTimeStart()
DA:494,0
DA:495,0
DA:496,0
FN:501,System.String EquationSolver.Utilities::GetElaspedTime()
FNDA:0,System.String EquationSolver.Utilities::GetElaspedTime()
DA:502,0
DA:503,0
DA:504,0
DA:506,0
DA:507,0
BRDA:506,35,0,0
BRDA:506,35,1,0
FN:20,System.Void EquationSolver.Utilities::.ctor()
FNDA:0,System.Void EquationSolver.Utilities::.ctor()
DA:21,0
DA:22,0
DA:23,0
FN:11,System.Void EquationSolver.Utilities::.cctor()
FNDA:1,System.Void EquationSolver.Utilities::.cctor()
DA:12,1
LF:278
LH:80
BRF:68
BRH:20
FNF:21
FNH:8
end_of_record
SF:/workspace/EquationSolvr/EquationSolver/EquationSolver/VariableNotFoundEventArgs.cs
FN:8,System.String EquationSolver.VariableNotFoundEventArgs::get_VariableName()
FNDA:0,System.String EquationSolver.VariableNotFoundEventArgs::get_VariableName()
DA:9,0
FN:10,System.Void EquationSolver.VariableNotFoundEventArgs::.ctor(System.String)
FNDA:0,System.Void EquationSolver.VariableNotFoundEventArgs::.ctor(System.String)
DA:11,0
DA:12,0
DA:13,0
DA:14,0
LF:5
LH:0
BRF:0
BRH:0
FNF:2
FNH:0
end_of_record
SF:/workspace/EquationSolvr/EquationSolver/EquationSolver/VariableProvider.cs
FN:36,System.Collections.Generic.Dictionary`2<System.String,EquationSolver.Dto.Variable> EquationSolver.VariableProvider::get_Variables()
FNDA:1279,System.Collections.Generic.Dictionary`2<System.String,EquationSolver.Dto.Variable> EquationSolver.VariableProvider::get_Variables()
DA:37,1279
DA:38,1279
DA:39,1279
DA:40,1279
BRDA:38,9,0,36
BRDA:38,9,1,1279
FN:48,System.Collections.Generic.Dictionary`2<System.String,EquationSolver.VariableTable> EquationSolver.VariableProvider::get_Tables()
FNDA:311,System.Collections.Generic.Dictionary`2<System.String,EquationSolver.VariableTable> EquationSolver.VariableProvider::get_Tables()
DA:49,311
DA:50,311
DA:51,311
DA:52,311
BRDA:50,9,0,12
BRDA:50,9,1,311
FN:71,System.Void EquationSolver.VariableProvider::AddVariable(EquationSolver.Dto.Variable)
FNDA:3,System.Void EquationSolver.VariableProvider::AddVariable(EquationSolver.Dto.Variable)
DA:72,3
DA:73,3
DA:74,0
DA:75,0
DA:76,0
DA:77,0
DA:79,3
DA:80,3
DA:81,3
DA:82,3
DA:83,3
BRDA:73,20,0,0
BRDA:73,20,1,3
FN:90,System.Void EquationSolver.VariableProvider::SetVariable(System.String,System.Object)
FNDA:136,System.Void EquationSolver.VariableProvider::SetVariable(System.String,System.Object)
DA:91,136
DA:92,136
DA:93,45
DA:94,45
DA:95,45
DA:96,45
DA:98,91
DA:99,91
DA:100,91
DA:101,91
DA:102,91
DA:103,91
DA:104,91
DA:105,136
BRDA:92,15,0,45
BRDA:92,15,1,91
FN:111,System.Void EquationSolver.VariableProvider::RemoveVariable(System.String)
FNDA:0,System.Void EquationSolver.VariableProvider::RemoveVariable(System.String)
DA:112,0
DA:113,0
DA:114,0
DA:115,0
DA:116,0
DA:118,0
BRDA:113,15,0,0
BRDA:113,15,1,0
FN:127,System.Collections.Generic.IEnumerable`1<EquationSolver.Dto.Variable> EquationSolver.VariableProvider::DumpVariables()
FNDA:0,System.Collections.Generic.IEnumerable`1<EquationSolver.Dto.Variable> EquationSolver.VariableProvider::DumpVariables()
DA:128,0
DA:129,0
DA:130,0
DA:131,0
DA:132,0
FN:139,System.Collections.Generic.IEnumerable`1<EquationSolver.Dto.Variable> EquationSolver.VariableProvider::DumpTable(System.String)
FNDA:0,System.Collections.Generic.IEnumerable`1<EquationSolver.Dto.Variable> EquationSolver.VariableProvider::DumpTable(System.String)
DA:140,0
DA:141,0
DA:143,0
DA:144,0
DA:145,0
DA:146,0
DA:148,0
DA:149,0
BRDA:143,21,0,0
BRDA:143,21,1,0
FN:159,System.Void EquationSolver.VariableProvider::StartTable(System.String,System.Int32)
FNDA:3,System.Void EquationSolver.VariableProvider::StartTable(System.String,System.Int32)
DA:160,3
DA:161,3
DA:162,0
DA:163,0
DA:164,0
DA:165,0
DA:166,3
BRDA:161,18,0,0
BRDA:161,18,1,3
FN:168,System.Void EquationSolver.VariableProvider::StartTable(System.String,System.String[])
FNDA:3,System.Void EquationSolver.VariableProvider::StartTable(System.String,System.String[])
DA:169,3
DA:170,3
DA:171,3
DA:172,3
DA:173,18
DA:174,6
DA:175,6
DA:176,6
DA:177,3
DA:178,3
DA:179,3
BRDA:170,18,0,3
BRDA:173,60,1,6
BRDA:173,60,0,3
BRDA:170,18,1,3
FN:181,System.Boolean EquationSolver.VariableProvider::HasTable(System.String)
[...]
BRDA:416,32,1,0
BRDA:415,12,1,79
FN:428,System.String EquationSolver.Dto.Equation::get_Expression()
FNDA:253,System.String EquationSolver.Dto.Equation::get_Expression()
DA:429,253
DA:430,253
DA:431,253
FN:431,System.Void EquationSolver.Dto.Equation::set_Expression(System.String)
FNDA:79,System.Void EquationSolver.Dto.Equation::set_Expression(System.String)
DA:432,79
DA:433,79
DA:434,0
DA:435,0
DA:436,0
DA:437,0
DA:438,0
DA:439,79
DA:440,79
DA:441,79
DA:442,79
DA:443,79
BRDA:433,12,0,0
BRDA:434,32,0,0
BRDA:434,32,1,0
BRDA:433,12,1,79
FN:446,System.Int32 EquationSolver.Dto.Equation::get_Iterate()
FNDA:154,System.Int32 EquationSolver.Dto.Equation::get_Iterate()
DA:447,154
DA:448,154
DA:449,154
FN:449,System.Void EquationSolver.Dto.Equation::set_Iterate(System.Int32)
FNDA:2,System.Void EquationSolver.Dto.Equation::set_Iterate(System.Int32)
DA:450,2
DA:451,4
DA:452,2
DA:453,2
DA:454,2
DA:455,2
BRDA:451,18,0,2
BRDA:451,18,1,2
FN:458,System.String EquationSolver.Dto.Equation::get_Target()
FNDA:300,System.String EquationSolver.Dto.Equation::get_Target()
DA:459,300
DA:460,300
DA:461,300
FN:461,System.Void EquationSolver.Dto.Equation::set_Target(System.String)
FNDA:79,System.Void EquationSolver.Dto.Equation::set_Target(System.String)
DA:462,79
DA:463,79
DA:464,0
DA:465,0
DA:466,0
DA:467,0
DA:468,0
DA:469,79
DA:470,79
DA:471,79
DA:472,79
DA:473,79
BRDA:463,12,0,0
BRDA:464,32,0,0
BRDA:464,32,1,0
BRDA:463,12,1,79
FN:477,System.Collections.Generic.List`1<EquationSolver.Dto.Equation> EquationSolver.Dto.Equation::get_MoreEquations()
FNDA:227,System.Collections.Generic.List`1<EquationSolver.Dto.Equation> EquationSolver.Dto.Equation::get_MoreEquations()
DA:478,227
DA:479,227
DA:480,227
FN:480,System.Void EquationSolver.Dto.Equation::set_MoreEquations(System.Collections.Generic.List`1<EquationSolver.Dto.Equation>)
FNDA:5,System.Void EquationSolver.Dto.Equation::set_MoreEquations(System.Collections.Generic.List`1<EquationSolver.Dto.Equation>)
DA:481,5
DA:482,10
DA:483,10
DA:484,5
DA:485,5
DA:486,5
DA:487,5
DA:488,0
DA:489,0
DA:490,0
DA:491,0
DA:492,5
BRDA:482,12,0,5
BRDA:483,32,0,5
BRDA:483,32,1,5
BRDA:482,12,1,0
FN:496,System.Void EquationSolver.Dto.Equation::OnPropertyChanged(System.String)
FNDA:245,System.Void EquationSolver.Dto.Equation::OnPropertyChanged(System.String)
DA:497,245
DA:498,245
DA:499,245
DA:500,0
DA:501,0
DA:502,245
BRDA:499,14,0,0
BRDA:499,14,1,245
FN:368,System.Void EquationSolver.Dto.Equation::.ctor()
FNDA:158,System.Void EquationSolver.Dto.Equation::.ctor()
DA:369,158
DA:370,79
DA:371,79
DA:372,79
FN:513,System.String EquationSolver.Dto.Argument::get_Name()
FNDA:42,System.String EquationSolver.Dto.Argument::get_Name()
DA:514,42
DA:515,42
DA:516,42
FN:516,System.Void EquationSolver.Dto.Argument::set_Name(System.String)
FNDA:12,System.Void EquationSolver.Dto.Argument::set_Name(System.String)
DA:517,12
DA:518,12
DA:519,0
DA:520,0
DA:521,0
DA:522,0
DA:523,0
DA:524,12
DA:525,12
DA:526,12
DA:527,12
DA:528,12
BRDA:518,12,0,0
BRDA:519,32,0,0
BRDA:519,32,1,0
BRDA:518,12,1,12
FN:531,System.Int32 EquationSolver.Dto.Argument::get_Ordinal()
FNDA:78,System.Int32 EquationSolver.Dto.Argument::get_Ordinal()
DA:532,78
DA:533,78
DA:534,78
FN:534,System.Void EquationSolver.Dto.Argument::set_Ordinal(System.Int32)
FNDA:12,System.Void EquationSolver.Dto.Argument::set_Ordinal(System.Int32)
DA:535,12
DA:536,24
DA:537,12
DA:538,12
DA:539,12
DA:540,12
BRDA:536,18,0,12
BRDA:536,18,1,12
FN:543,System.String EquationSolver.Dto.Argument::get_Default()
FNDA:6,System.String EquationSolver.Dto.Argument::get_Default()
DA:544,6
DA:545,6
DA:546,6
FN:546,System.Void EquationSolver.Dto.Argument::set_Default(System.String)
FNDA:12,System.Void EquationSolver.Dto.Argument::set_Default(System.String)
DA:547,12
DA:548,12
DA:549,0
DA:550,0
DA:551,0
DA:552,0
DA:553,0
DA:554,12
DA:555,12
DA:556,12
DA:557,12
DA:558,12
BRDA:548,12,0,0
BRDA:549,32,0,0
BRDA:549,32,1,0
BRDA:548,12,1,12
FN:562,System.Void EquationSolver.Dto.Argument::OnPropertyChanged(System.String)
FNDA:36,System.Void EquationSolver.Dto.Argument::OnPropertyChanged(System.String)
DA:563,36
DA:564,36
DA:565,36
DA:566,0
DA:567,0
DA:568,36
BRDA:565,14,0,0
BRDA:565,14,1,36
FN:588,System.String EquationSolver.Dto.Function::get_Name()
FNDA:100,System.String EquationSolver.Dto.Function::get_Name()
DA:589,100
DA:590,100
DA:591,100
FN:591,System.Void EquationSolver.Dto.Function::set_Name(System.String)
FNDA:4,System.Void EquationSolver.Dto.Function::set_Name(System.String)
DA:592,4
DA:593,4
DA:594,0
DA:595,0
DA:596,0
DA:597,0
DA:598,0
DA:599,4
DA:600,4
DA:601,4
DA:602,4
DA:603,4
BRDA:593,12,0,0
BRDA:594,32,0,0
BRDA:594,32,1,0
BRDA:593,12,1,4
FN:606,System.String EquationSolver.Dto.Function::get_Description()
FNDA:2,System.String EquationSolver.Dto.Function::get_Description()
DA:607,2
DA:608,2
DA:609,2
FN:609,System.Void EquationSolver.Dto.Function::set_Description(System.String)
FNDA:4,System.Void EquationSolver.Dto.Function::set_Description(System.String)
DA:610,4
DA:611,4
DA:612,0
DA:613,0
DA:614,0
DA:615,0
DA:616,0
DA:617,4
DA:618,4
DA:619,4
DA:620,4
DA:621,4
BRDA:611,12,0,0
BRDA:612,32,0,0
BRDA:612,32,1,0
BRDA:611,12,1,4
FN:625,System.Collections.Generic.List`1<EquationSolver.Dto.Argument> EquationSolver.Dto.Function::get_Arguments()
FNDA:158,System.Collections.Generic.List`1<EquationSolver.Dto.Argument> EquationSolver.Dto.Function::get_Arguments()
DA:626,158
DA:627,158
DA:628,158
FN:628,System.Void EquationSolver.Dto.Function::set_Arguments(System.Collections.Generic.List`1<EquationSolver.Dto.Argument>)
FNDA:4,System.Void EquationSolver.Dto.Function::set_Arguments(System.Collections.Generic.List`1<EquationSolver.Dto.Argument>)
DA:629,4
DA:630,8
DA:631,8
DA:632,4
DA:633,4
DA:634,4
DA:635,4
DA:636,0
DA:637,0
DA:638,0
DA:639,0
DA:640,4
BRDA:630,12,0,4
BRDA:631,32,0,4
BRDA:631,32,1,4
BRDA:630,12,1,0
FN:643,System.String EquationSolver.Dto.Function::get_Expression()
FNDA:14,System.String EquationSolver.Dto.Function::get_Expression()
DA:644,14
DA:645,14
DA:646,14
FN:646,System.Void EquationSolver.Dto.Function::set_Expression(System.String)
FNDA:4,System.Void EquationSolver.Dto.Function::set_Expression(System.String)
DA:647,4
DA:648,4
DA:649,0
DA:650,0
DA:651,0
DA:652,0
DA:653,0
DA:654,4
DA:655,4
DA:656,4
DA:657,4
DA:658,4
BRDA:648,12,0,0
BRDA:649,32,0,0
BRDA:649,32,1,0
BRDA:648,12,1,4
FN:662,System.Void EquationSolver.Dto.Function::OnPropertyChanged(System.String)
FNDA:16,System.Void EquationSolver.Dto.Function::OnPropertyChanged(System.String)
DA:663,16
DA:664,16
DA:665,16
DA:666,0
DA:667,0
DA:668,16
BRDA:665,14,0,0
BRDA:665,14,1,16
FN:583,System.Void EquationSolver.Dto.Function::.ctor()
FNDA:8,System.Void EquationSolver.Dto.Function::.ctor()
DA:584,8
DA:585,4
DA:586,4
FN:690,System.String EquationSolver.Dto.Table::get_Name()
FNDA:49,System.String EquationSolver.Dto.Table::get_Name()
DA:691,49
DA:692,49
DA:693,49
FN:693,System.Void EquationSolver.Dto.Table::set_Name(System.String)
FNDA:3,System.Void EquationSolver.Dto.Table::set_Name(System.String)
DA:694,3
DA:695,3
DA:696,0
DA:697,0
DA:698,0
DA:699,0
DA:700,0
DA:701,3
DA:702,3
DA:703,3
DA:704,3
DA:705,3
BRDA:695,12,0,0
BRDA:696,32,0,0
BRDA:696,32,1,0
BRDA:695,12,1,3
FN:708,EquationSolver.Dto.Row EquationSolver.Dto.Table::get_RowHeader()
FNDA:27,EquationSolver.Dto.Row EquationSolver.Dto.Table::get_RowHeader()
DA:709,27
DA:710,27
DA:711,27
FN:711,System.Void EquationSolver.Dto.Table::set_RowHeader(EquationSolver.Dto.Row)
FNDA:3,System.Void EquationSolver.Dto.Table::set_RowHeader(EquationSolver.Dto.Row)
DA:712,3
DA:713,6
DA:714,6
DA:715,3
DA:716,3
DA:717,3
DA:718,3
DA:719,0
DA:720,0
DA:721,0
DA:722,0
DA:723,3
BRDA:713,12,0,3
BRDA:714,32,0,3
BRDA:714,32,1,3
BRDA:713,12,1,0
FN:727,System.Collections.Generic.List`1<EquationSolver.Dto.Row> EquationSolver.Dto.Table::get_Rows()
FNDA:6,System.Collections.Generic.List`1<EquationSolver.Dto.Row> EquationSolver.Dto.Table::get_Rows()
DA:728,6
DA:729,6
DA:730,6
FN:730,System.Void EquationSolver.Dto.Table::set_Rows(System.Collections.Generic.List`1<EquationSolver.Dto.Row>)
FNDA:3,System.Void EquationSolver.Dto.Table::set_Rows(System.Collections.Generic.List`1<EquationSolver.Dto.Row>)
DA:731,3
DA:732,6
DA:733,6
DA:734,3
DA:735,3
DA:736,3
DA:737,3
DA:738,0
DA:739,0
DA:740,0
DA:741,0
DA:742,3
BRDA:732,12,0,3
BRDA:733,32,0,3
BRDA:733,32,1,3
BRDA:732,12,1,0
FN:746,System.Void EquationSolver.Dto.Table::OnPropertyChanged(System.String)
FNDA:9,System.Void EquationSolver.Dto.Table::OnPropertyChanged(System.String)
DA:747,9
DA:748,9
DA:749,9
DA:750,0
DA:751,0
DA:752,9
BRDA:749,14,0,0
BRDA:749,14,1,9
FN:684,System.Void EquationSolver.Dto.Table::.ctor()
FNDA:6,System.Void EquationSolver.Dto.Table::.ctor()
DA:685,6
DA:686,3
DA:687,3
DA:688,3
FN:786,System.String EquationSolver.Dto.EquationProject::get_Title()
FNDA:5,System.String EquationSolver.Dto.EquationProject::get_Title()
DA:787,5
DA:788,5
DA:789,5
FN:789,System.Void EquationSolver.Dto.EquationProject::set_Title(System.String)
FNDA:36,System.Void EquationSolver.Dto.EquationProject::set_Title(System.String)
DA:790,36
DA:791,36
DA:792,0
DA:793,0
DA:794,0
DA:795,0
DA:796,0
DA:797,36
DA:798,36
DA:799,36
DA:800,36
DA:801,36
BRDA:791,12,0,0
BRDA:792,32,0,0
BRDA:792,32,1,0
BRDA:791,12,1,36
FN:804,EquationSolver.Dto.SolverSettings EquationSolver.Dto.EquationProject::get_Settings()
FNDA:73,EquationSolver.Dto.SolverSettings EquationSolver.Dto.EquationProject::get_Settings()
DA:805,73
DA:806,73
DA:807,73
FN:807,System.Void EquationSolver.Dto.EquationProject::set_Settings(EquationSolver.Dto.SolverSettings)
FNDA:1,System.Void EquationSolver.Dto.EquationProject::set_Settings(EquationSolver.Dto.SolverSettings)
DA:808,1
DA:809,2
DA:810,2
DA:811,1
DA:812,1
DA:813,1
DA:814,1
DA:815,0
DA:816,0
DA:817,0
DA:818,0
DA:819,1
BRDA:809,12,0,1
BRDA:810,32,0,1
BRDA:810,32,1,1
BRDA:809,12,1,0
FN:822,EquationSolver.Dto.AuditInfo EquationSolver.Dto.EquationProject::get_Audit()
FNDA:5,EquationSolver.Dto.AuditInfo EquationSolver.Dto.EquationProject::get_Audit()
DA:823,5
DA:824,5
DA:825,5
FN:825,System.Void EquationSolver.Dto.EquationProject::set_Audit(EquationSolver.Dto.AuditInfo)
FNDA:14,System.Void EquationSolver.Dto.EquationProject::set_Audit(EquationSolver.Dto.AuditInfo)
DA:826,14
DA:827,28
DA:828,28
DA:829,14
DA:830,14
DA:831,14
DA:832,14
DA:833,0
DA:834,0
DA:835,0
DA:836,0
DA:837,14
BRDA:827,12,0,14
BRDA:828,32,0,14
BRDA:828,32,1,14
BRDA:827,12,1,0
FN:841,System.Collections.Generic.List`1<EquationSolver.Dto.Variable> EquationSolver.Dto.EquationProject::get_Variables()
FNDA:39,System.Collections.Generic.List`1<EquationSolver.Dto.Variable> EquationSolver.Dto.EquationProject::get_Variables()
DA:842,39
DA:843,39
DA:844,39
FN:844,System.Void EquationSolver.Dto.EquationProject::set_Variables(System.Collections.Generic.List`1<EquationSolver.Dto.Variable>)
FNDA:4,System.Void EquationSolver.Dto.EquationProject::set_Variables(System.Collections.Generic.List`1<EquationSolver.Dto.Variable>)
DA:845,4
DA:846,8
DA:847,8
DA:848,4
DA:849,4
DA:850,4
DA:851,4
DA:852,0
DA:853,0
DA:854,0
DA:855,0
DA:856,4
BRDA:846,12,0,4
BRDA:847,32,0,4
BRDA:847,32,1,4
BRDA:846,12,1,0
FN:860,System.Collections.Generic.List`1<EquationSolver.Dto.Equation> EquationSolver.Dto.EquationProject::get_Equations()
FNDA:134,System.Collections.Generic.List`1<EquationSolver.Dto.Equation> EquationSolver.Dto.EquationProject::get_Equations()
DA:861,134
DA:862,134
DA:863,134
FN:863,System.Void EquationSolver.Dto.EquationProject::set_Equations(System.Collections.Generic.List`1<EquationSolver.Dto.Equation>)
FNDA:20,System.Void EquationSolver.Dto.EquationProject::set_Equations(System.Collections.Generic.List`1<EquationSolver.Dto.Equation>)
DA:864,20
DA:865,40
DA:866,40
DA:867,20
DA:868,20
DA:869,20
DA:870,20
DA:871,0
DA:872,0
DA:873,0
DA:874,0
DA:875,20
BRDA:865,12,0,20
BRDA:866,32,0,20
BRDA:866,32,1,20
BRDA:865,12,1,0
FN:879,System.Collections.Generic.List`1<EquationSolver.Dto.Function> EquationSolver.Dto.EquationProject::get_Functions()
FNDA:39,System.Collections.Generic.List`1<EquationSolver.Dto.Function> EquationSolver.Dto.EquationProject::get_Functions()
DA:880,39
DA:881,39
DA:882,39
FN:882,System.Void EquationSolver.Dto.EquationProject::set_Functions(System.Collections.Generic.List`1<EquationSolver.Dto.Function>)
FNDA:2,System.Void EquationSolver.Dto.EquationProject::set_Functions(System.Collections.Generic.List`1<EquationSolver.Dto.Function>)
DA:883,2
DA:884,4
DA:885,4
DA:886,2
DA:887,2
DA:888,2
DA:889,2
DA:890,0
DA:891,0
DA:892,0
DA:893,0
DA:894,2
BRDA:884,12,0,2
BRDA:885,32,0,2
BRDA:885,32,1,2
BRDA:884,12,1,0
FN:898,System.Collections.Generic.List`1<EquationSolver.Dto.Table> EquationSolver.Dto.EquationProject::get_Tables()
FNDA:110,System.Collections.Generic.List`1<EquationSolver.Dto.Table> EquationSolver.Dto.EquationProject::get_Tables()
DA:899,110
DA:900,110
DA:901,110
FN:901,System.Void EquationSolver.Dto.EquationProject::set_Tables(System.Collections.Generic.List`1<EquationSolver.Dto.Table>)
FNDA:0,System.Void EquationSolver.Dto.EquationProject::set_Tables(System.Collections.Generic.List`1<EquationSolver.Dto.Table>)
DA:902,0
DA:903,0
DA:904,0
DA:905,0
DA:906,0
DA:907,0
DA:908,0
DA:909,0
DA:910,0
DA:911,0
DA:912,0
DA:913,0
BRDA:903,12,0,0
BRDA:904,32,0,0
BRDA:904,32,1,0
BRDA:903,12,1,0
FN:917,System.Void EquationSolver.Dto.EquationProject::OnPropertyChanged(System.String)
FNDA:77,System.Void EquationSolver.Dto.EquationProject::OnPropertyChanged(System.String)
DA:918,77
DA:919,77
DA:920,77
DA:921,0
DA:922,0
DA:923,77
BRDA:920,14,0,0
BRDA:920,14,1,77
FN:776,System.Void EquationSolver.Dto.EquationProject::.ctor()
FNDA:72,System.Void EquationSolver.Dto.EquationProject::.ctor()
DA:777,72
DA:778,36
DA:779,36
DA:780,36
DA:781,36
DA:782,36
DA:783,36
DA:784,36
LF:615
LH:387
BRF:158
BRH:68
FNF:91
FNH:79
end_of_record
SF:/workspace/EquationSolvr/EquationSolver/EquationSolver/Dto/Variable.cs
FN:18,EquationSolver.Dto.VariableTypes EquationSolver.Dto.Variable::get_VariableType()
FNDA:183,EquationSolver.Dto.VariableTypes EquationSolver.Dto.Variable::get_VariableType()
DA:19,183
FN:19,System.Void EquationSolver.Dto.Variable::set_VariableType(EquationSolver.Dto.VariableTypes)
FNDA:810,System.Void EquationSolver.Dto.Variable::set_VariableType(EquationSolver.Dto.VariableTypes)
DA:20,810
FN:23,System.Boolean EquationSolver.Dto.Variable::get_BoolValue()
FNDA:365,System.Boolean EquationSolver.Dto.Variable::get_BoolValue()
DA:24,365
FN:25,EquationSolver.IVariableProvider EquationSolver.Dto.Variable::get_ParentProvider()
FNDA:369,EquationSolver.IVariableProvider EquationSolver.Dto.Variable::get_ParentProvider()
DA:26,369
FN:29,System.Int16 EquationSolver.Dto.Variable::get_ShortValue()
FNDA:0,System.Int16 EquationSolver.Dto.Variable::get_ShortValue()
DA:30,0
FN:34,System.Int32 EquationSolver.Dto.Variable::get_IntValue()
FNDA:12,System.Int32 EquationSolver.Dto.Variable::get_IntValue()
DA:35,12
FN:39,System.Int64 EquationSolver.Dto.Variable::get_LongValue()
FNDA:0,System.Int64 EquationSolver.Dto.Variable::get_LongValue()
DA:40,0
FN:42,System.Decimal EquationSolver.Dto.Variable::get_DecimalValue()
FNDA:615,System.Decimal EquationSolver.Dto.Variable::get_DecimalValue()
DA:43,615
FN:44,System.Double EquationSolver.Dto.Variable::get_DoubleValue()
FNDA:299,System.Double EquationSolver.Dto.Variable::get_DoubleValue()
DA:45,299
FN:55,EquationSolver.Dto.Variable EquationSolver.Dto.Variable::SetName(System.String)
FNDA:117,EquationSolver.Dto.Variable EquationSolver.Dto.Variable::SetName(System.String)
DA:56,117
DA:57,117
DA:58,117
DA:59,117
FN:61,System.Void EquationSolver.Dto.Variable::SetValue(System.Object)
FNDA:227,System.Void EquationSolver.Dto.Variable::SetValue(System.Object)
DA:62,227
DA:63,227
DA:65,227
DA:66,0
DA:67,0
DA:68,0
DA:69,0
DA:70,0
DA:71,0
DA:72,227
DA:73,60
DA:74,60
DA:75,60
DA:76,60
DA:77,60
DA:78,60
DA:79,167
DA:80,0
DA:81,0
DA:82,0
DA:83,0
DA:84,0
DA:85,0
DA:86,167
DA:87,0
DA:88,0
DA:89,0
DA:90,0
DA:91,0
DA:92,0
DA:94,227
DA:96,227
DA:97,48
DA:98,48
DA:99,48
DA:100,227
BRDA:65,25,0,0
BRDA:69,71,0,0
BRDA:69,71,1,0
BRDA:70,95,0,0
BRDA:70,95,1,0
BRDA:65,25,1,227
BRDA:72,120,0,227
BRDA:72,128,0,167
BRDA:72,120,1,60
BRDA:72,128,1,60
BRDA:72,144,0,60
BRDA:72,144,1,167
BRDA:79,221,0,0
BRDA:79,221,1,167
BRDA:86,295,0,0
BRDA:86,295,1,227
BRDA:96,376,0,48
BRDA:96,376,1,227
FN:102,System.Void EquationSolver.Dto.Variable::SetParentProvider(EquationSolver.IVariableProvider)
FNDA:94,System.Void EquationSolver.Dto.Variable::SetParentProvider(EquationSolver.IVariableProvider)
DA:103,94
DA:104,94
DA:105,94
FN:107,System.Int32 EquationSolver.Dto.Variable::Compare(EquationSolver.Dto.Variable,EquationSolver.Dto.Variable)
FNDA:0,System.Int32 EquationSolver.Dto.Variable::Compare(EquationSolver.Dto.Variable,EquationSolver.Dto.Variable)
DA:108,0
DA:109,0
DA:110,0
FN:112,System.Int32 EquationSolver.Dto.Variable::CompareTo(EquationSolver.Dto.Variable)
FNDA:0,System.Int32 EquationSolver.Dto.Variable::CompareTo(EquationSolver.Dto.Variable)
DA:113,0
DA:114,0
DA:115,0
FN:119,System.Boolean EquationSolver.Dto.Variable::ReadString()
FNDA:227,System.Boolean EquationSolver.Dto.Variable::ReadString()
DA:120,227
DA:121,227
DA:122,17
DA:123,17
DA:124,17
DA:126,210
DA:127,152
DA:128,152
DA:129,152
DA:130,152
DA:131,152
DA:132,152
DA:134,58
DA:135,0
DA:136,0
DA:137,0
DA:138,0
DA:139,0
DA:140,0
DA:142,58
DA:143,0
DA:144,0
DA:145,0
DA:146,0
DA:147,0
DA:148,0
DA:150,58
DA:151,55
DA:152,55
DA:153,55
DA:154,55
DA:155,55
DA:156,55
DA:158,3
DA:159,0
DA:160,0
DA:161,0
DA:162,0
DA:163,0
DA:164,0
DA:167,3
DA:168,3
DA:169,3
DA:170,3
DA:171,3
DA:172,3
DA:174,227
BRDA:121,22,0,221
BRDA:121,22,1,6
BRDA:121,50,0,17
BRDA:121,50,1,210
BRDA:126,103,0,152
BRDA:126,103,1,58
BRDA:134,175,0,0
BRDA:134,175,1,58
BRDA:142,250,0,0
BRDA:142,250,1,58
BRDA:150,326,0,55
BRDA:150,326,1,3
BRDA:158,400,0,0
BRDA:158,400,1,3
FN:11,System.Void EquationSolver.Dto.Variable::.ctor()
FNDA:271,System.Void EquationSolver.Dto.Variable::.ctor()
DA:12,271
DA:49,271
DA:50,271
DA:51,271
LF:109
LH:65
BRF:32
BRH:22
FNF:16
FNH:12
end_of_record
SF:/workspace/EquationSolvr/EquationSolver/EquationSolver/Dto/Partials/Equation_arranging.cs
FN:20,System.Int32 EquationSolver.Dto.Equation::Compare(EquationSolver.Dto.Equation,EquationSolver.Dto.Equation)
FNDA:0,System.Int32 EquationSolver.Dto.Equation::Compare(EquationSolver.Dto.Equation,EquationSolver.Dto.Equation)
DA:21,0
DA:22,0
DA:23,0
FN:30,System.Int32 EquationSolver.Dto.Equation::CompareTo(EquationSolver.Dto.Equation)
FNDA:26,System.Int32 EquationSolver.Dto.Equation::CompareTo(EquationSolver.Dto.Equation)
DA:31,26
DA:32,26
DA:33,26
DA:35,26
DA:37,26
BRDA:32,18,0,26
BRDA:32,18,1,0
BRDA:33,42,0,26
BRDA:33,42,1,0
FN:44,System.Boolean EquationSolver.Dto.Equation::HasTarget(System.String)
FNDA:0,System.Boolean EquationSolver.Dto.Equation::HasTarget(System.String)
DA:45,0
DA:46,0
DA:48,0
DA:49,0
DA:51,0
DA:52,0
DA:53,0
DA:54,0
DA:55,0
DA:57,0
DA:58,0
BRDA:48,17,0,0
BRDA:48,17,1,0
BRDA:51,74,1,0
BRDA:53,60,0,0
BRDA:53,60,1,0
BRDA:51,74,0,0
FN:66,System.Boolean EquationSolver.Dto.Equation::TryFindByName(System.String,EquationSolver.Dto.Equation&)
FNDA:0,System.Boolean EquationSolver.Dto.Equation::TryFindByName(System.String,EquationSolver.Dto.Equation&)
DA:67,0
DA:68,0
DA:70,0
DA:71,0
DA:72,0
DA:73,0
DA:75,0
DA:76,0
DA:77,0
DA:78,0
DA:79,0
DA:80,0
DA:82,0
DA:83,0
DA:85,0
DA:86,0
BRDA:70,18,0,0
BRDA:70,18,1,0
BRDA:76,75,1,0
BRDA:78,62,0,0
BRDA:78,62,1,0
BRDA:76,75,0,0
LF:35
LH:5
BRF:16
BRH:2
FNF:4
FNH:1
end_of_record
SF:/workspace/EquationSolvr/EquationSolver/EquationSolver/Dto/Partials/Function_arranging.cs
FN:9,System.Int32 EquationSolver.Dto.Argument::Compare(EquationSolver.Dto.Argument,EquationSolver.Dto.Argument)
FNDA:0,System.Int32 EquationSolver.Dto.Argument::Compare(EquationSolver.Dto.Argument,EquationSolver.Dto.Argument)
DA:10,0
DA:11,0
DA:12,0
FN:14,System.Int32 EquationSolver.Dto.Argument::CompareTo(EquationSolver.Dto.Argument)
FNDA:36,System.Int32 EquationSolver.Dto.Argument::CompareTo(EquationSolver.Dto.Argument)
DA:15,36
DA:16,36
DA:17,36
LF:6
LH:3
BRF:0
BRH:0
FNF:2
FNH:1
end_of_record